mode: set
github.com/open-telemetry/opentelemetry-collector-contrib/processor/spanpruningprocessor/internal/metadata/generated_telemetry.go:15.63,17.2 1 1
github.com/open-telemetry/opentelemetry-collector-contrib/processor/spanpruningprocessor/internal/metadata/generated_telemetry.go:19.64,21.2 1 1
github.com/open-telemetry/opentelemetry-collector-contrib/processor/spanpruningprocessor/internal/metadata/generated_telemetry.go:51.68,53.2 1 1
github.com/open-telemetry/opentelemetry-collector-contrib/processor/spanpruningprocessor/internal/metadata/generated_telemetry.go:56.45,59.44 3 0
github.com/open-telemetry/opentelemetry-collector-contrib/processor/spanpruningprocessor/internal/metadata/generated_telemetry.go:59.44,61.3 1 0
github.com/open-telemetry/opentelemetry-collector-contrib/processor/spanpruningprocessor/internal/metadata/generated_telemetry.go:66.126,68.29 2 1
github.com/open-telemetry/opentelemetry-collector-contrib/processor/spanpruningprocessor/internal/metadata/generated_telemetry.go:68.29,70.3 1 1
github.com/open-telemetry/opentelemetry-collector-contrib/processor/spanpruningprocessor/internal/metadata/generated_telemetry.go:71.2,155.23 29 1
github.com/open-telemetry/opentelemetry-collector-contrib/processor/spanpruningprocessor/aggregation.go:35.59,36.21 1 1
github.com/open-telemetry/opentelemetry-collector-contrib/processor/spanpruningprocessor/aggregation.go:36.21,38.3 1 1
github.com/open-telemetry/opentelemetry-collector-contrib/processor/spanpruningprocessor/aggregation.go:39.2,43.33 3 1
github.com/open-telemetry/opentelemetry-collector-contrib/processor/spanpruningprocessor/aggregation.go:43.33,45.33 2 1
github.com/open-telemetry/opentelemetry-collector-contrib/processor/spanpruningprocessor/aggregation.go:45.33,48.4 2 1
github.com/open-telemetry/opentelemetry-collector-contrib/processor/spanpruningprocessor/aggregation.go:50.2,50.16 1 1
github.com/open-telemetry/opentelemetry-collector-contrib/processor/spanpruningprocessor/aggregation.go:55.38,59.2 3 1
github.com/open-telemetry/opentelemetry-collector-contrib/processor/spanpruningprocessor/aggregation.go:63.103,66.26 2 1
github.com/open-telemetry/opentelemetry-collector-contrib/processor/spanpruningprocessor/aggregation.go:66.26,68.3 1 1
github.com/open-telemetry/opentelemetry-collector-contrib/processor/spanpruningprocessor/aggregation.go:71.2,71.45 1 1
github.com/open-telemetry/opentelemetry-collector-contrib/processor/spanpruningprocessor/aggregation.go:71.45,73.3 1 1
github.com/open-telemetry/opentelemetry-collector-contrib/processor/spanpruningprocessor/aggregation.go:76.2,76.28 1 1
github.com/open-telemetry/opentelemetry-collector-contrib/processor/spanpruningprocessor/aggregation.go:76.28,78.3 1 1
github.com/open-telemetry/opentelemetry-collector-contrib/processor/spanpruningprocessor/aggregation.go:80.2,80.44 1 1
github.com/open-telemetry/opentelemetry-collector-contrib/processor/spanpruningprocessor/aggregation.go:85.78,95.29 5 1
github.com/open-telemetry/opentelemetry-collector-contrib/processor/spanpruningprocessor/aggregation.go:95.29,106.76 5 1
github.com/open-telemetry/opentelemetry-collector-contrib/processor/spanpruningprocessor/aggregation.go:106.76,108.4 1 1
github.com/open-telemetry/opentelemetry-collector-contrib/processor/spanpruningprocessor/aggregation.go:111.3,114.39 2 1
github.com/open-telemetry/opentelemetry-collector-contrib/processor/spanpruningprocessor/aggregation.go:114.39,115.52 1 1
github.com/open-telemetry/opentelemetry-collector-contrib/processor/spanpruningprocessor/aggregation.go:115.52,121.5 3 1
github.com/open-telemetry/opentelemetry-collector-contrib/processor/spanpruningprocessor/aggregation.go:125.3,125.36 1 1
github.com/open-telemetry/opentelemetry-collector-contrib/processor/spanpruningprocessor/aggregation.go:125.36,129.40 4 1
github.com/open-telemetry/opentelemetry-collector-contrib/processor/spanpruningprocessor/aggregation.go:129.40,131.5 1 1
github.com/open-telemetry/opentelemetry-collector-contrib/processor/spanpruningprocessor/aggregation.go:132.4,132.50 1 1
github.com/open-telemetry/opentelemetry-collector-contrib/processor/spanpruningprocessor/aggregation.go:134.3,134.34 1 1
github.com/open-telemetry/opentelemetry-collector-contrib/processor/spanpruningprocessor/aggregation.go:138.2,138.49 1 1
github.com/open-telemetry/opentelemetry-collector-contrib/processor/spanpruningprocessor/aggregation.go:138.49,139.59 1 1
github.com/open-telemetry/opentelemetry-collector-contrib/processor/spanpruningprocessor/aggregation.go:139.59,142.4 2 1
github.com/open-telemetry/opentelemetry-collector-contrib/processor/spanpruningprocessor/aggregation.go:145.2,145.20 1 1
github.com/open-telemetry/opentelemetry-collector-contrib/processor/spanpruningprocessor/aggregation.go:151.147,184.20 20 1
github.com/open-telemetry/opentelemetry-collector-contrib/processor/spanpruningprocessor/aggregation.go:184.20,186.3 1 1
github.com/open-telemetry/opentelemetry-collector-contrib/processor/spanpruningprocessor/aggregation.go:189.2,189.34 1 1
github.com/open-telemetry/opentelemetry-collector-contrib/processor/spanpruningprocessor/aggregation.go:189.34,193.50 3 1
github.com/open-telemetry/opentelemetry-collector-contrib/processor/spanpruningprocessor/aggregation.go:193.50,196.4 1 1
github.com/open-telemetry/opentelemetry-collector-contrib/processor/spanpruningprocessor/aggregation.go:199.3,199.39 1 1
github.com/open-telemetry/opentelemetry-collector-contrib/processor/spanpruningprocessor/aggregation.go:199.39,205.52 3 1
github.com/open-telemetry/opentelemetry-collector-contrib/processor/spanpruningprocessor/aggregation.go:205.52,207.5 1 1
github.com/open-telemetry/opentelemetry-collector-contrib/processor/spanpruningprocessor/aggregation.go:212.2,212.51 1 1
github.com/open-telemetry/opentelemetry-collector-contrib/processor/spanpruningprocessor/aggregation.go:212.51,215.63 2 1
github.com/open-telemetry/opentelemetry-collector-contrib/processor/spanpruningprocessor/aggregation.go:215.63,217.4 1 1
github.com/open-telemetry/opentelemetry-collector-contrib/processor/spanpruningprocessor/aggregation.go:220.3,221.43 2 1
github.com/open-telemetry/opentelemetry-collector-contrib/processor/spanpruningprocessor/aggregation.go:221.43,223.4 1 1
github.com/open-telemetry/opentelemetry-collector-contrib/processor/spanpruningprocessor/aggregation.go:227.2,227.37 1 1
github.com/open-telemetry/opentelemetry-collector-contrib/processor/spanpruningprocessor/aggregation.go:227.37,229.3 1 1
github.com/open-telemetry/opentelemetry-collector-contrib/processor/spanpruningprocessor/aggregation.go:230.2,230.37 1 1
github.com/open-telemetry/opentelemetry-collector-contrib/processor/spanpruningprocessor/aggregation.go:230.37,232.3 1 1
github.com/open-telemetry/opentelemetry-collector-contrib/processor/spanpruningprocessor/aggregation.go:234.2,234.16 1 1
github.com/open-telemetry/opentelemetry-collector-contrib/processor/spanpruningprocessor/attribute_loss.go:30.46,32.2 1 1
github.com/open-telemetry/opentelemetry-collector-contrib/processor/spanpruningprocessor/attribute_loss.go:40.87,41.39 1 1
github.com/open-telemetry/opentelemetry-collector-contrib/processor/spanpruningprocessor/attribute_loss.go:41.39,43.3 1 1
github.com/open-telemetry/opentelemetry-collector-contrib/processor/spanpruningprocessor/attribute_loss.go:45.2,54.29 5 1
github.com/open-telemetry/opentelemetry-collector-contrib/processor/spanpruningprocessor/attribute_loss.go:54.29,55.69 1 1
github.com/open-telemetry/opentelemetry-collector-contrib/processor/spanpruningprocessor/attribute_loss.go:55.69,56.33 1 1
github.com/open-telemetry/opentelemetry-collector-contrib/processor/spanpruningprocessor/attribute_loss.go:56.33,58.5 1 1
github.com/open-telemetry/opentelemetry-collector-contrib/processor/spanpruningprocessor/attribute_loss.go:59.4,61.15 3 1
github.com/open-telemetry/opentelemetry-collector-contrib/processor/spanpruningprocessor/attribute_loss.go:65.2,67.43 2 1
github.com/open-telemetry/opentelemetry-collector-contrib/processor/spanpruningprocessor/attribute_loss.go:67.43,71.26 3 1
github.com/open-telemetry/opentelemetry-collector-contrib/processor/spanpruningprocessor/attribute_loss.go:71.26,76.23 3 1
github.com/open-telemetry/opentelemetry-collector-contrib/processor/spanpruningprocessor/attribute_loss.go:76.23,79.5 1 1
github.com/open-telemetry/opentelemetry-collector-contrib/processor/spanpruningprocessor/attribute_loss.go:79.10,82.5 1 1
github.com/open-telemetry/opentelemetry-collector-contrib/processor/spanpruningprocessor/attribute_loss.go:83.4,83.21 1 1
github.com/open-telemetry/opentelemetry-collector-contrib/processor/spanpruningprocessor/attribute_loss.go:83.21,88.5 1 1
github.com/open-telemetry/opentelemetry-collector-contrib/processor/spanpruningprocessor/attribute_loss.go:89.9,89.29 1 1
github.com/open-telemetry/opentelemetry-collector-contrib/processor/spanpruningprocessor/attribute_loss.go:89.29,96.4 1 1
github.com/open-telemetry/opentelemetry-collector-contrib/processor/spanpruningprocessor/attribute_loss.go:100.2,100.49 1 1
github.com/open-telemetry/opentelemetry-collector-contrib/processor/spanpruningprocessor/attribute_loss.go:100.49,101.41 1 1
github.com/open-telemetry/opentelemetry-collector-contrib/processor/spanpruningprocessor/attribute_loss.go:101.41,102.54 1 1
github.com/open-telemetry/opentelemetry-collector-contrib/processor/spanpruningprocessor/attribute_loss.go:102.54,104.5 1 1
github.com/open-telemetry/opentelemetry-collector-contrib/processor/spanpruningprocessor/attribute_loss.go:105.4,105.38 1 1
github.com/open-telemetry/opentelemetry-collector-contrib/processor/spanpruningprocessor/attribute_loss.go:108.2,111.15 3 1
github.com/open-telemetry/opentelemetry-collector-contrib/processor/spanpruningprocessor/attribute_loss.go:120.70,121.21 1 1
github.com/open-telemetry/opentelemetry-collector-contrib/processor/spanpruningprocessor/attribute_loss.go:121.21,123.3 1 1
github.com/open-telemetry/opentelemetry-collector-contrib/processor/spanpruningprocessor/attribute_loss.go:125.2,127.15 3 1
github.com/open-telemetry/opentelemetry-collector-contrib/processor/spanpruningprocessor/attribute_loss.go:127.15,129.3 1 1
github.com/open-telemetry/opentelemetry-collector-contrib/processor/spanpruningprocessor/attribute_loss.go:131.2,132.37 2 1
github.com/open-telemetry/opentelemetry-collector-contrib/processor/spanpruningprocessor/attribute_loss.go:132.37,133.12 1 1
github.com/open-telemetry/opentelemetry-collector-contrib/processor/spanpruningprocessor/attribute_loss.go:133.12,135.4 1 1
github.com/open-telemetry/opentelemetry-collector-contrib/processor/spanpruningprocessor/attribute_loss.go:136.3,139.20 4 1
github.com/open-telemetry/opentelemetry-collector-contrib/processor/spanpruningprocessor/attribute_loss.go:142.2,142.15 1 1
github.com/open-telemetry/opentelemetry-collector-contrib/processor/spanpruningprocessor/attribute_loss.go:142.15,144.3 1 1
github.com/open-telemetry/opentelemetry-collector-contrib/processor/spanpruningprocessor/attribute_loss.go:146.2,146.20 1 1
github.com/open-telemetry/opentelemetry-collector-contrib/processor/spanpruningprocessor/config.go:150.37,151.33 1 1
github.com/open-telemetry/opentelemetry-collector-contrib/processor/spanpruningprocessor/config.go:151.33,153.3 1 1
github.com/open-telemetry/opentelemetry-collector-contrib/processor/spanpruningprocessor/config.go:155.2,155.29 1 1
github.com/open-telemetry/opentelemetry-collector-contrib/processor/spanpruningprocessor/config.go:155.29,157.3 1 0
github.com/open-telemetry/opentelemetry-collector-contrib/processor/spanpruningprocessor/config.go:160.2,161.18 2 1
github.com/open-telemetry/opentelemetry-collector-contrib/processor/spanpruningprocessor/config.go:161.18,163.3 1 1
github.com/open-telemetry/opentelemetry-collector-contrib/processor/spanpruningprocessor/config.go:164.2,164.44 1 1
github.com/open-telemetry/opentelemetry-collector-contrib/processor/spanpruningprocessor/config.go:164.44,166.3 1 0
github.com/open-telemetry/opentelemetry-collector-contrib/processor/spanpruningprocessor/config.go:169.2,169.48 1 1
github.com/open-telemetry/opentelemetry-collector-contrib/processor/spanpruningprocessor/config.go:169.48,170.39 1 1
github.com/open-telemetry/opentelemetry-collector-contrib/processor/spanpruningprocessor/config.go:170.39,172.4 1 1
github.com/open-telemetry/opentelemetry-collector-contrib/processor/spanpruningprocessor/config.go:174.3,175.17 2 1
github.com/open-telemetry/opentelemetry-collector-contrib/processor/spanpruningprocessor/config.go:175.17,177.4 1 1
github.com/open-telemetry/opentelemetry-collector-contrib/processor/spanpruningprocessor/config.go:181.2,181.57 1 1
github.com/open-telemetry/opentelemetry-collector-contrib/processor/spanpruningprocessor/config.go:181.57,182.18 1 1
github.com/open-telemetry/opentelemetry-collector-contrib/processor/spanpruningprocessor/config.go:182.18,184.4 1 0
github.com/open-telemetry/opentelemetry-collector-contrib/processor/spanpruningprocessor/config.go:185.3,185.62 1 1
github.com/open-telemetry/opentelemetry-collector-contrib/processor/spanpruningprocessor/config.go:185.62,187.4 1 0
github.com/open-telemetry/opentelemetry-collector-contrib/processor/spanpruningprocessor/config.go:191.2,191.88 1 1
github.com/open-telemetry/opentelemetry-collector-contrib/processor/spanpruningprocessor/config.go:191.88,193.3 1 1
github.com/open-telemetry/opentelemetry-collector-contrib/processor/spanpruningprocessor/config.go:195.2,195.80 1 1
github.com/open-telemetry/opentelemetry-collector-contrib/processor/spanpruningprocessor/config.go:195.80,197.3 1 1
github.com/open-telemetry/opentelemetry-collector-contrib/processor/spanpruningprocessor/config.go:199.2,199.12 1 1
github.com/open-telemetry/opentelemetry-collector-contrib/processor/spanpruningprocessor/config.go:203.64,204.14 1 1
github.com/open-telemetry/opentelemetry-collector-contrib/processor/spanpruningprocessor/config.go:204.14,206.3 1 1
github.com/open-telemetry/opentelemetry-collector-contrib/processor/spanpruningprocessor/config.go:207.2,207.90 1 1
github.com/open-telemetry/opentelemetry-collector-contrib/processor/spanpruningprocessor/config.go:207.90,209.3 1 1
github.com/open-telemetry/opentelemetry-collector-contrib/processor/spanpruningprocessor/config.go:210.2,210.28 1 1
github.com/open-telemetry/opentelemetry-collector-contrib/processor/spanpruningprocessor/config.go:210.28,212.3 1 1
github.com/open-telemetry/opentelemetry-collector-contrib/processor/spanpruningprocessor/config.go:213.2,213.28 1 1
github.com/open-telemetry/opentelemetry-collector-contrib/processor/spanpruningprocessor/config.go:213.28,215.3 1 1
github.com/open-telemetry/opentelemetry-collector-contrib/processor/spanpruningprocessor/config.go:216.2,216.26 1 1
github.com/open-telemetry/opentelemetry-collector-contrib/processor/spanpruningprocessor/config.go:216.26,218.3 1 0
github.com/open-telemetry/opentelemetry-collector-contrib/processor/spanpruningprocessor/config.go:219.2,219.75 1 1
github.com/open-telemetry/opentelemetry-collector-contrib/processor/spanpruningprocessor/config.go:219.75,221.3 1 0
github.com/open-telemetry/opentelemetry-collector-contrib/processor/spanpruningprocessor/config.go:222.2,222.87 1 1
github.com/open-telemetry/opentelemetry-collector-contrib/processor/spanpruningprocessor/config.go:222.87,224.3 1 0
github.com/open-telemetry/opentelemetry-collector-contrib/processor/spanpruningprocessor/config.go:225.2,225.37 1 1
github.com/open-telemetry/opentelemetry-collector-contrib/processor/spanpruningprocessor/config.go:225.37,227.3 1 0
github.com/open-telemetry/opentelemetry-collector-contrib/processor/spanpruningprocessor/config.go:228.2,228.58 1 1
github.com/open-telemetry/opentelemetry-collector-contrib/processor/spanpruningprocessor/config.go:228.58,230.3 1 0
github.com/open-telemetry/opentelemetry-collector-contrib/processor/spanpruningprocessor/config.go:231.2,231.12 1 1
github.com/open-telemetry/opentelemetry-collector-contrib/processor/spanpruningprocessor/factory.go:21.37,26.2 1 1
github.com/open-telemetry/opentelemetry-collector-contrib/processor/spanpruningprocessor/factory.go:28.45,62.2 1 1
github.com/open-telemetry/opentelemetry-collector-contrib/processor/spanpruningprocessor/factory.go:69.29,73.16 3 1
github.com/open-telemetry/opentelemetry-collector-contrib/processor/spanpruningprocessor/factory.go:73.16,75.3 1 0
github.com/open-telemetry/opentelemetry-collector-contrib/processor/spanpruningprocessor/factory.go:77.2,78.16 2 1
github.com/open-telemetry/opentelemetry-collector-contrib/processor/spanpruningprocessor/factory.go:78.16,80.3 1 1
github.com/open-telemetry/opentelemetry-collector-contrib/processor/spanpruningprocessor/factory.go:82.2,89.44 1 1
github.com/open-telemetry/opentelemetry-collector-contrib/processor/spanpruningprocessor/grouping.go:17.18,19.3 1 1
github.com/open-telemetry/opentelemetry-collector-contrib/processor/spanpruningprocessor/grouping.go:25.71,40.57 9 1
github.com/open-telemetry/opentelemetry-collector-contrib/processor/spanpruningprocessor/grouping.go:40.57,41.47 1 1
github.com/open-telemetry/opentelemetry-collector-contrib/processor/spanpruningprocessor/grouping.go:41.47,42.31 1 1
github.com/open-telemetry/opentelemetry-collector-contrib/processor/spanpruningprocessor/grouping.go:42.31,44.10 2 1
github.com/open-telemetry/opentelemetry-collector-contrib/processor/spanpruningprocessor/grouping.go:47.3,47.14 1 1
github.com/open-telemetry/opentelemetry-collector-contrib/processor/spanpruningprocessor/grouping.go:51.2,52.30 2 1
github.com/open-telemetry/opentelemetry-collector-contrib/processor/spanpruningprocessor/grouping.go:52.30,54.3 1 1
github.com/open-telemetry/opentelemetry-collector-contrib/processor/spanpruningprocessor/grouping.go:55.2,58.27 2 1
github.com/open-telemetry/opentelemetry-collector-contrib/processor/spanpruningprocessor/grouping.go:58.27,63.3 4 1
github.com/open-telemetry/opentelemetry-collector-contrib/processor/spanpruningprocessor/grouping.go:65.2,65.25 1 1
github.com/open-telemetry/opentelemetry-collector-contrib/processor/spanpruningprocessor/grouping.go:70.75,79.2 7 1
github.com/open-telemetry/opentelemetry-collector-contrib/processor/spanpruningprocessor/grouping.go:84.73,86.25 1 1
github.com/open-telemetry/opentelemetry-collector-contrib/processor/spanpruningprocessor/grouping.go:86.25,88.3 1 0
github.com/open-telemetry/opentelemetry-collector-contrib/processor/spanpruningprocessor/grouping.go:90.2,95.24 4 1
github.com/open-telemetry/opentelemetry-collector-contrib/processor/spanpruningprocessor/grouping.go:95.24,99.3 3 1
github.com/open-telemetry/opentelemetry-collector-contrib/processor/spanpruningprocessor/grouping.go:102.2,106.22 3 1
github.com/open-telemetry/opentelemetry-collector-contrib/processor/spanpruningprocessor/grouping.go:111.98,114.33 2 1
github.com/open-telemetry/opentelemetry-collector-contrib/processor/spanpruningprocessor/grouping.go:114.33,117.3 2 1
github.com/open-telemetry/opentelemetry-collector-contrib/processor/spanpruningprocessor/grouping.go:118.2,118.15 1 1
github.com/open-telemetry/opentelemetry-collector-contrib/processor/spanpruningprocessor/outlier.go:38.91,40.26 2 1
github.com/open-telemetry/opentelemetry-collector-contrib/processor/spanpruningprocessor/outlier.go:40.26,42.3 1 1
github.com/open-telemetry/opentelemetry-collector-contrib/processor/spanpruningprocessor/outlier.go:45.2,46.29 2 1
github.com/open-telemetry/opentelemetry-collector-contrib/processor/spanpruningprocessor/outlier.go:46.29,52.3 1 1
github.com/open-telemetry/opentelemetry-collector-contrib/processor/spanpruningprocessor/outlier.go:53.2,53.44 1 1
github.com/open-telemetry/opentelemetry-collector-contrib/processor/spanpruningprocessor/outlier.go:53.44,55.3 1 1
github.com/open-telemetry/opentelemetry-collector-contrib/processor/spanpruningprocessor/outlier.go:58.2,59.18 2 1
github.com/open-telemetry/opentelemetry-collector-contrib/processor/spanpruningprocessor/outlier.go:59.18,61.3 1 1
github.com/open-telemetry/opentelemetry-collector-contrib/processor/spanpruningprocessor/outlier.go:63.2,66.16 3 1
github.com/open-telemetry/opentelemetry-collector-contrib/processor/spanpruningprocessor/outlier.go:67.24,68.90 1 1
github.com/open-telemetry/opentelemetry-collector-contrib/processor/spanpruningprocessor/outlier.go:69.10,70.90 1 1
github.com/open-telemetry/opentelemetry-collector-contrib/processor/spanpruningprocessor/outlier.go:73.2,76.17 2 1
github.com/open-telemetry/opentelemetry-collector-contrib/processor/spanpruningprocessor/outlier.go:76.17,77.50 1 1
github.com/open-telemetry/opentelemetry-collector-contrib/processor/spanpruningprocessor/outlier.go:77.50,81.4 3 1
github.com/open-telemetry/opentelemetry-collector-contrib/processor/spanpruningprocessor/outlier.go:85.2,85.57 1 1
github.com/open-telemetry/opentelemetry-collector-contrib/processor/spanpruningprocessor/outlier.go:85.57,93.3 1 1
github.com/open-telemetry/opentelemetry-collector-contrib/processor/spanpruningprocessor/outlier.go:96.2,112.3 2 1
github.com/open-telemetry/opentelemetry-collector-contrib/processor/spanpruningprocessor/outlier.go:123.103,128.14 3 1
github.com/open-telemetry/opentelemetry-collector-contrib/processor/spanpruningprocessor/outlier.go:128.14,130.3 1 1
github.com/open-telemetry/opentelemetry-collector-contrib/processor/spanpruningprocessor/outlier.go:130.8,132.3 1 1
github.com/open-telemetry/opentelemetry-collector-contrib/processor/spanpruningprocessor/outlier.go:135.2,144.30 7 1
github.com/open-telemetry/opentelemetry-collector-contrib/processor/spanpruningprocessor/outlier.go:144.30,145.34 1 1
github.com/open-telemetry/opentelemetry-collector-contrib/processor/spanpruningprocessor/outlier.go:145.34,147.4 1 1
github.com/open-telemetry/opentelemetry-collector-contrib/processor/spanpruningprocessor/outlier.go:147.9,149.4 1 1
github.com/open-telemetry/opentelemetry-collector-contrib/processor/spanpruningprocessor/outlier.go:152.2,152.46 1 1
github.com/open-telemetry/opentelemetry-collector-contrib/processor/spanpruningprocessor/outlier.go:163.103,168.14 3 1
github.com/open-telemetry/opentelemetry-collector-contrib/processor/spanpruningprocessor/outlier.go:168.14,170.3 1 1
github.com/open-telemetry/opentelemetry-collector-contrib/processor/spanpruningprocessor/outlier.go:170.8,172.3 1 1
github.com/open-telemetry/opentelemetry-collector-contrib/processor/spanpruningprocessor/outlier.go:175.2,176.30 2 1
github.com/open-telemetry/opentelemetry-collector-contrib/processor/spanpruningprocessor/outlier.go:176.30,178.14 2 1
github.com/open-telemetry/opentelemetry-collector-contrib/processor/spanpruningprocessor/outlier.go:178.14,180.4 1 1
github.com/open-telemetry/opentelemetry-collector-contrib/processor/spanpruningprocessor/outlier.go:181.3,181.22 1 1
github.com/open-telemetry/opentelemetry-collector-contrib/processor/spanpruningprocessor/outlier.go:185.2,188.14 3 1
github.com/open-telemetry/opentelemetry-collector-contrib/processor/spanpruningprocessor/outlier.go:188.14,190.3 1 1
github.com/open-telemetry/opentelemetry-collector-contrib/processor/spanpruningprocessor/outlier.go:190.8,192.3 1 1
github.com/open-telemetry/opentelemetry-collector-contrib/processor/spanpruningprocessor/outlier.go:196.2,197.14 2 1
github.com/open-telemetry/opentelemetry-collector-contrib/processor/spanpruningprocessor/outlier.go:197.14,200.3 1 1
github.com/open-telemetry/opentelemetry-collector-contrib/processor/spanpruningprocessor/outlier.go:200.8,203.3 1 1
github.com/open-telemetry/opentelemetry-collector-contrib/processor/spanpruningprocessor/outlier.go:206.2,208.30 3 1
github.com/open-telemetry/opentelemetry-collector-contrib/processor/spanpruningprocessor/outlier.go:208.30,209.34 1 1
github.com/open-telemetry/opentelemetry-collector-contrib/processor/spanpruningprocessor/outlier.go:209.34,211.4 1 1
github.com/open-telemetry/opentelemetry-collector-contrib/processor/spanpruningprocessor/outlier.go:211.9,213.4 1 1
github.com/open-telemetry/opentelemetry-collector-contrib/processor/spanpruningprocessor/outlier.go:216.2,216.46 1 1
github.com/open-telemetry/opentelemetry-collector-contrib/processor/spanpruningprocessor/outlier.go:227.26,236.46 6 1
github.com/open-telemetry/opentelemetry-collector-contrib/processor/spanpruningprocessor/outlier.go:236.46,237.48 1 1
github.com/open-telemetry/opentelemetry-collector-contrib/processor/spanpruningprocessor/outlier.go:237.48,239.34 2 1
github.com/open-telemetry/opentelemetry-collector-contrib/processor/spanpruningprocessor/outlier.go:239.34,240.13 1 1
github.com/open-telemetry/opentelemetry-collector-contrib/processor/spanpruningprocessor/outlier.go:243.4,244.55 2 1
github.com/open-telemetry/opentelemetry-collector-contrib/processor/spanpruningprocessor/outlier.go:244.55,246.5 1 1
github.com/open-telemetry/opentelemetry-collector-contrib/processor/spanpruningprocessor/outlier.go:247.4,249.39 2 1
github.com/open-telemetry/opentelemetry-collector-contrib/processor/spanpruningprocessor/outlier.go:249.39,250.13 1 1
github.com/open-telemetry/opentelemetry-collector-contrib/processor/spanpruningprocessor/outlier.go:253.4,259.6 1 1
github.com/open-telemetry/opentelemetry-collector-contrib/processor/spanpruningprocessor/outlier.go:263.2,263.28 1 1
github.com/open-telemetry/opentelemetry-collector-contrib/processor/spanpruningprocessor/outlier.go:263.28,265.3 1 1
github.com/open-telemetry/opentelemetry-collector-contrib/processor/spanpruningprocessor/outlier.go:268.2,268.47 1 1
github.com/open-telemetry/opentelemetry-collector-contrib/processor/spanpruningprocessor/outlier.go:268.47,269.53 1 1
github.com/open-telemetry/opentelemetry-collector-contrib/processor/spanpruningprocessor/outlier.go:269.53,271.4 1 0
github.com/open-telemetry/opentelemetry-collector-contrib/processor/spanpruningprocessor/outlier.go:272.3,272.51 1 1
github.com/open-telemetry/opentelemetry-collector-contrib/processor/spanpruningprocessor/outlier.go:275.2,275.39 1 1
github.com/open-telemetry/opentelemetry-collector-contrib/processor/spanpruningprocessor/outlier.go:275.39,277.3 1 0
github.com/open-telemetry/opentelemetry-collector-contrib/processor/spanpruningprocessor/outlier.go:279.2,279.21 1 1
github.com/open-telemetry/opentelemetry-collector-contrib/processor/spanpruningprocessor/outlier.go:283.87,285.30 2 1
github.com/open-telemetry/opentelemetry-collector-contrib/processor/spanpruningprocessor/outlier.go:285.30,286.75 1 1
github.com/open-telemetry/opentelemetry-collector-contrib/processor/spanpruningprocessor/outlier.go:286.75,287.24 1 1
github.com/open-telemetry/opentelemetry-collector-contrib/processor/spanpruningprocessor/outlier.go:287.24,289.5 1 1
github.com/open-telemetry/opentelemetry-collector-contrib/processor/spanpruningprocessor/outlier.go:290.4,291.15 2 1
github.com/open-telemetry/opentelemetry-collector-contrib/processor/spanpruningprocessor/outlier.go:294.2,294.15 1 1
github.com/open-telemetry/opentelemetry-collector-contrib/processor/spanpruningprocessor/outlier.go:298.69,299.28 1 1
github.com/open-telemetry/opentelemetry-collector-contrib/processor/spanpruningprocessor/outlier.go:299.28,301.3 1 1
github.com/open-telemetry/opentelemetry-collector-contrib/processor/spanpruningprocessor/outlier.go:303.2,304.33 2 1
github.com/open-telemetry/opentelemetry-collector-contrib/processor/spanpruningprocessor/outlier.go:304.33,305.12 1 1
github.com/open-telemetry/opentelemetry-collector-contrib/processor/spanpruningprocessor/outlier.go:305.12,307.4 1 1
github.com/open-telemetry/opentelemetry-collector-contrib/processor/spanpruningprocessor/outlier.go:308.3,311.27 1 1
github.com/open-telemetry/opentelemetry-collector-contrib/processor/spanpruningprocessor/outlier.go:313.2,313.20 1 1
github.com/open-telemetry/opentelemetry-collector-contrib/processor/spanpruningprocessor/outlier.go:317.48,319.2 1 1
github.com/open-telemetry/opentelemetry-collector-contrib/processor/spanpruningprocessor/outlier.go:327.30,328.71 1 1
github.com/open-telemetry/opentelemetry-collector-contrib/processor/spanpruningprocessor/outlier.go:328.71,330.3 1 1
github.com/open-telemetry/opentelemetry-collector-contrib/processor/spanpruningprocessor/outlier.go:333.2,333.72 1 1
github.com/open-telemetry/opentelemetry-collector-contrib/processor/spanpruningprocessor/outlier.go:333.72,335.3 1 1
github.com/open-telemetry/opentelemetry-collector-contrib/processor/spanpruningprocessor/outlier.go:338.2,339.93 2 1
github.com/open-telemetry/opentelemetry-collector-contrib/processor/spanpruningprocessor/outlier.go:339.93,341.3 1 1
github.com/open-telemetry/opentelemetry-collector-contrib/processor/spanpruningprocessor/outlier.go:344.2,345.39 2 1
github.com/open-telemetry/opentelemetry-collector-contrib/processor/spanpruningprocessor/outlier.go:345.39,347.3 1 1
github.com/open-telemetry/opentelemetry-collector-contrib/processor/spanpruningprocessor/outlier.go:349.2,352.29 3 1
github.com/open-telemetry/opentelemetry-collector-contrib/processor/spanpruningprocessor/outlier.go:352.29,353.47 1 1
github.com/open-telemetry/opentelemetry-collector-contrib/processor/spanpruningprocessor/outlier.go:353.47,355.4 1 1
github.com/open-telemetry/opentelemetry-collector-contrib/processor/spanpruningprocessor/outlier.go:355.9,357.4 1 1
github.com/open-telemetry/opentelemetry-collector-contrib/processor/spanpruningprocessor/outlier.go:361.2,361.47 1 1
github.com/open-telemetry/opentelemetry-collector-contrib/processor/spanpruningprocessor/outlier.go:361.47,363.3 1 1
github.com/open-telemetry/opentelemetry-collector-contrib/processor/spanpruningprocessor/outlier.go:365.2,365.34 1 1
github.com/open-telemetry/opentelemetry-collector-contrib/processor/spanpruningprocessor/processor.go:43.143,46.48 2 1
github.com/open-telemetry/opentelemetry-collector-contrib/processor/spanpruningprocessor/processor.go:46.48,48.17 2 1
github.com/open-telemetry/opentelemetry-collector-contrib/processor/spanpruningprocessor/processor.go:48.17,50.4 1 1
github.com/open-telemetry/opentelemetry-collector-contrib/processor/spanpruningprocessor/processor.go:51.3,53.5 1 1
github.com/open-telemetry/opentelemetry-collector-contrib/processor/spanpruningprocessor/processor.go:56.2,62.8 1 1
github.com/open-telemetry/opentelemetry-collector-contrib/processor/spanpruningprocessor/processor.go:66.66,69.2 2 1
github.com/open-telemetry/opentelemetry-collector-contrib/processor/spanpruningprocessor/processor.go:73.73,75.15 2 1
github.com/open-telemetry/opentelemetry-collector-contrib/processor/spanpruningprocessor/processor.go:75.15,77.3 1 0
github.com/open-telemetry/opentelemetry-collector-contrib/processor/spanpruningprocessor/processor.go:78.2,78.15 1 1
github.com/open-telemetry/opentelemetry-collector-contrib/processor/spanpruningprocessor/processor.go:78.15,80.3 1 0
github.com/open-telemetry/opentelemetry-collector-contrib/processor/spanpruningprocessor/processor.go:81.2,81.30 1 1
github.com/open-telemetry/opentelemetry-collector-contrib/processor/spanpruningprocessor/processor.go:86.113,92.2 1 0
github.com/open-telemetry/opentelemetry-collector-contrib/processor/spanpruningprocessor/processor.go:96.108,101.48 3 1
github.com/open-telemetry/opentelemetry-collector-contrib/processor/spanpruningprocessor/processor.go:101.48,102.68 1 1
github.com/open-telemetry/opentelemetry-collector-contrib/processor/spanpruningprocessor/processor.go:102.68,104.4 1 1
github.com/open-telemetry/opentelemetry-collector-contrib/processor/spanpruningprocessor/processor.go:106.2,113.35 4 1
github.com/open-telemetry/opentelemetry-collector-contrib/processor/spanpruningprocessor/processor.go:113.35,116.3 2 1
github.com/open-telemetry/opentelemetry-collector-contrib/processor/spanpruningprocessor/processor.go:119.2,119.25 1 1
github.com/open-telemetry/opentelemetry-collector-contrib/processor/spanpruningprocessor/processor.go:119.25,123.3 2 1
github.com/open-telemetry/opentelemetry-collector-contrib/processor/spanpruningprocessor/processor.go:125.2,125.16 1 1
github.com/open-telemetry/opentelemetry-collector-contrib/processor/spanpruningprocessor/processor.go:130.99,134.33 3 1
github.com/open-telemetry/opentelemetry-collector-contrib/processor/spanpruningprocessor/processor.go:134.33,137.35 3 1
github.com/open-telemetry/opentelemetry-collector-contrib/processor/spanpruningprocessor/processor.go:137.35,140.37 3 1
github.com/open-telemetry/opentelemetry-collector-contrib/processor/spanpruningprocessor/processor.go:140.37,147.5 3 1
github.com/open-telemetry/opentelemetry-collector-contrib/processor/spanpruningprocessor/processor.go:151.2,151.19 1 1
github.com/open-telemetry/opentelemetry-collector-contrib/processor/spanpruningprocessor/processor.go:157.84,160.29 2 1
github.com/open-telemetry/opentelemetry-collector-contrib/processor/spanpruningprocessor/processor.go:160.29,162.3 1 0
github.com/open-telemetry/opentelemetry-collector-contrib/processor/spanpruningprocessor/processor.go:165.2,166.33 2 1
github.com/open-telemetry/opentelemetry-collector-contrib/processor/spanpruningprocessor/processor.go:166.33,168.3 1 1
github.com/open-telemetry/opentelemetry-collector-contrib/processor/spanpruningprocessor/processor.go:171.2,179.29 5 1
github.com/open-telemetry/opentelemetry-collector-contrib/processor/spanpruningprocessor/processor.go:179.29,181.3 1 1
github.com/open-telemetry/opentelemetry-collector-contrib/processor/spanpruningprocessor/processor.go:187.126,190.25 2 1
github.com/open-telemetry/opentelemetry-collector-contrib/processor/spanpruningprocessor/processor.go:190.25,192.3 1 0
github.com/open-telemetry/opentelemetry-collector-contrib/processor/spanpruningprocessor/processor.go:195.2,204.42 4 1
github.com/open-telemetry/opentelemetry-collector-contrib/processor/spanpruningprocessor/processor.go:204.42,205.48 1 1
github.com/open-telemetry/opentelemetry-collector-contrib/processor/spanpruningprocessor/processor.go:205.48,206.12 1 1
github.com/open-telemetry/opentelemetry-collector-contrib/processor/spanpruningprocessor/processor.go:209.3,213.37 4 1
github.com/open-telemetry/opentelemetry-collector-contrib/processor/spanpruningprocessor/processor.go:213.37,217.57 2 1
github.com/open-telemetry/opentelemetry-collector-contrib/processor/spanpruningprocessor/processor.go:217.57,219.44 2 1
github.com/open-telemetry/opentelemetry-collector-contrib/processor/spanpruningprocessor/processor.go:219.44,221.6 1 1
github.com/open-telemetry/opentelemetry-collector-contrib/processor/spanpruningprocessor/processor.go:225.4,225.73 1 1
github.com/open-telemetry/opentelemetry-collector-contrib/processor/spanpruningprocessor/processor.go:225.73,233.35 2 1
github.com/open-telemetry/opentelemetry-collector-contrib/processor/spanpruningprocessor/processor.go:233.35,235.6 1 1
github.com/open-telemetry/opentelemetry-collector-contrib/processor/spanpruningprocessor/processor.go:238.5,238.59 1 1
github.com/open-telemetry/opentelemetry-collector-contrib/processor/spanpruningprocessor/processor.go:238.59,239.14 1 1
github.com/open-telemetry/opentelemetry-collector-contrib/processor/spanpruningprocessor/processor.go:245.3,249.36 3 1
github.com/open-telemetry/opentelemetry-collector-contrib/processor/spanpruningprocessor/processor.go:249.36,254.45 3 1
github.com/open-telemetry/opentelemetry-collector-contrib/processor/spanpruningprocessor/processor.go:254.45,257.5 2 0
github.com/open-telemetry/opentelemetry-collector-contrib/processor/spanpruningprocessor/processor.go:259.4,259.27 1 1
github.com/open-telemetry/opentelemetry-collector-contrib/processor/spanpruningprocessor/processor.go:259.27,268.5 2 1
github.com/open-telemetry/opentelemetry-collector-contrib/processor/spanpruningprocessor/processor.go:271.3,281.39 2 1
github.com/open-telemetry/opentelemetry-collector-contrib/processor/spanpruningprocessor/processor.go:281.39,283.4 1 1
github.com/open-telemetry/opentelemetry-collector-contrib/processor/spanpruningprocessor/processor.go:284.3,287.45 2 1
github.com/open-telemetry/opentelemetry-collector-contrib/processor/spanpruningprocessor/processor.go:287.45,289.4 1 1
github.com/open-telemetry/opentelemetry-collector-contrib/processor/spanpruningprocessor/processor.go:292.2,292.33 1 1
github.com/open-telemetry/opentelemetry-collector-contrib/processor/spanpruningprocessor/processor.go:292.33,294.3 1 1
github.com/open-telemetry/opentelemetry-collector-contrib/processor/spanpruningprocessor/processor.go:298.2,298.34 1 1
github.com/open-telemetry/opentelemetry-collector-contrib/processor/spanpruningprocessor/processor.go:298.34,300.3 1 1
github.com/open-telemetry/opentelemetry-collector-contrib/processor/spanpruningprocessor/processor.go:303.2,306.26 3 1
github.com/open-telemetry/opentelemetry-collector-contrib/processor/spanpruningprocessor/processor.go:306.26,308.69 1 1
github.com/open-telemetry/opentelemetry-collector-contrib/processor/spanpruningprocessor/processor.go:308.69,309.9 1 1
github.com/open-telemetry/opentelemetry-collector-contrib/processor/spanpruningprocessor/processor.go:313.3,314.32 2 1
github.com/open-telemetry/opentelemetry-collector-contrib/processor/spanpruningprocessor/processor.go:314.32,315.9 1 1
github.com/open-telemetry/opentelemetry-collector-contrib/processor/spanpruningprocessor/processor.go:319.3,320.40 2 1
github.com/open-telemetry/opentelemetry-collector-contrib/processor/spanpruningprocessor/processor.go:320.40,323.4 2 1
github.com/open-telemetry/opentelemetry-collector-contrib/processor/spanpruningprocessor/processor.go:326.3,327.46 2 1
github.com/open-telemetry/opentelemetry-collector-contrib/processor/spanpruningprocessor/processor.go:327.46,328.22 1 1
github.com/open-telemetry/opentelemetry-collector-contrib/processor/spanpruningprocessor/processor.go:328.22,329.13 1 1
github.com/open-telemetry/opentelemetry-collector-contrib/processor/spanpruningprocessor/processor.go:332.4,333.38 2 1
github.com/open-telemetry/opentelemetry-collector-contrib/processor/spanpruningprocessor/processor.go:333.38,337.58 2 0
github.com/open-telemetry/opentelemetry-collector-contrib/processor/spanpruningprocessor/processor.go:337.58,339.45 2 0
github.com/open-telemetry/opentelemetry-collector-contrib/processor/spanpruningprocessor/processor.go:339.45,341.7 1 0
github.com/open-telemetry/opentelemetry-collector-contrib/processor/spanpruningprocessor/processor.go:346.4,350.37 3 1
github.com/open-telemetry/opentelemetry-collector-contrib/processor/spanpruningprocessor/processor.go:350.37,355.46 3 1
github.com/open-telemetry/opentelemetry-collector-contrib/processor/spanpruningprocessor/processor.go:355.46,358.6 2 0
github.com/open-telemetry/opentelemetry-collector-contrib/processor/spanpruningprocessor/processor.go:360.5,360.28 1 1
github.com/open-telemetry/opentelemetry-collector-contrib/processor/spanpruningprocessor/processor.go:360.28,369.6 2 1
github.com/open-telemetry/opentelemetry-collector-contrib/processor/spanpruningprocessor/processor.go:372.4,380.31 2 1
github.com/open-telemetry/opentelemetry-collector-contrib/processor/spanpruningprocessor/processor.go:380.31,382.5 1 1
github.com/open-telemetry/opentelemetry-collector-contrib/processor/spanpruningprocessor/processor.go:383.4,383.47 1 1
github.com/open-telemetry/opentelemetry-collector-contrib/processor/spanpruningprocessor/processor.go:386.3,386.28 1 1
github.com/open-telemetry/opentelemetry-collector-contrib/processor/spanpruningprocessor/processor.go:386.28,387.9 1 1
github.com/open-telemetry/opentelemetry-collector-contrib/processor/spanpruningprocessor/processor.go:391.3,392.10 2 1
github.com/open-telemetry/opentelemetry-collector-contrib/processor/spanpruningprocessor/processor.go:395.2,395.26 1 1
github.com/open-telemetry/opentelemetry-collector-contrib/processor/spanpruningprocessor/stats.go:27.92,33.51 2 1
github.com/open-telemetry/opentelemetry-collector-contrib/processor/spanpruningprocessor/stats.go:33.51,35.3 1 1
github.com/open-telemetry/opentelemetry-collector-contrib/processor/spanpruningprocessor/stats.go:37.2,37.29 1 1
github.com/open-telemetry/opentelemetry-collector-contrib/processor/spanpruningprocessor/stats.go:37.29,40.3 2 1
github.com/open-telemetry/opentelemetry-collector-contrib/processor/spanpruningprocessor/stats.go:42.2,42.13 1 1
github.com/open-telemetry/opentelemetry-collector-contrib/processor/spanpruningprocessor/stats.go:47.111,53.13 4 1
github.com/open-telemetry/opentelemetry-collector-contrib/processor/spanpruningprocessor/stats.go:53.13,58.3 4 1
github.com/open-telemetry/opentelemetry-collector-contrib/processor/spanpruningprocessor/stats.go:58.8,59.34 1 1
github.com/open-telemetry/opentelemetry-collector-contrib/processor/spanpruningprocessor/stats.go:59.34,61.4 1 1
github.com/open-telemetry/opentelemetry-collector-contrib/processor/spanpruningprocessor/stats.go:62.3,62.34 1 1
github.com/open-telemetry/opentelemetry-collector-contrib/processor/spanpruningprocessor/stats.go:62.34,64.4 1 1
github.com/open-telemetry/opentelemetry-collector-contrib/processor/spanpruningprocessor/stats.go:65.3,65.49 1 1
github.com/open-telemetry/opentelemetry-collector-contrib/processor/spanpruningprocessor/stats.go:65.49,67.4 1 1
github.com/open-telemetry/opentelemetry-collector-contrib/processor/spanpruningprocessor/stats.go:68.3,68.43 1 1
github.com/open-telemetry/opentelemetry-collector-contrib/processor/spanpruningprocessor/stats.go:68.43,70.4 1 1
github.com/open-telemetry/opentelemetry-collector-contrib/processor/spanpruningprocessor/stats.go:72.2,75.31 2 1
github.com/open-telemetry/opentelemetry-collector-contrib/processor/spanpruningprocessor/stats.go:75.31,78.43 2 1
github.com/open-telemetry/opentelemetry-collector-contrib/processor/spanpruningprocessor/stats.go:78.43,79.26 1 1
github.com/open-telemetry/opentelemetry-collector-contrib/processor/spanpruningprocessor/stats.go:79.26,81.10 2 1
github.com/open-telemetry/opentelemetry-collector-contrib/processor/spanpruningprocessor/stats.go:85.3,85.57 1 1
github.com/open-telemetry/opentelemetry-collector-contrib/processor/spanpruningprocessor/stats.go:85.57,87.4 1 1
github.com/open-telemetry/opentelemetry-collector-contrib/processor/spanpruningprocessor/tree.go:36.76,41.21 2 1
github.com/open-telemetry/opentelemetry-collector-contrib/processor/spanpruningprocessor/tree.go:41.21,43.3 1 0
github.com/open-telemetry/opentelemetry-collector-contrib/processor/spanpruningprocessor/tree.go:46.2,46.29 1 1
github.com/open-telemetry/opentelemetry-collector-contrib/processor/spanpruningprocessor/tree.go:46.29,53.3 2 1
github.com/open-telemetry/opentelemetry-collector-contrib/processor/spanpruningprocessor/tree.go:57.2,60.37 3 1
github.com/open-telemetry/opentelemetry-collector-contrib/processor/spanpruningprocessor/tree.go:60.37,62.25 2 1
github.com/open-telemetry/opentelemetry-collector-contrib/processor/spanpruningprocessor/tree.go:62.25,65.4 1 1
github.com/open-telemetry/opentelemetry-collector-contrib/processor/spanpruningprocessor/tree.go:65.9,65.63 1 1
github.com/open-telemetry/opentelemetry-collector-contrib/processor/spanpruningprocessor/tree.go:65.63,69.30 3 1
github.com/open-telemetry/opentelemetry-collector-contrib/processor/spanpruningprocessor/tree.go:69.30,71.5 1 1
github.com/open-telemetry/opentelemetry-collector-contrib/processor/spanpruningprocessor/tree.go:72.4,72.51 1 1
github.com/open-telemetry/opentelemetry-collector-contrib/processor/spanpruningprocessor/tree.go:73.9,76.4 1 1
github.com/open-telemetry/opentelemetry-collector-contrib/processor/spanpruningprocessor/tree.go:80.2,81.37 2 1
github.com/open-telemetry/opentelemetry-collector-contrib/processor/spanpruningprocessor/tree.go:81.37,82.18 1 1
github.com/open-telemetry/opentelemetry-collector-contrib/processor/spanpruningprocessor/tree.go:82.18,84.4 1 1
github.com/open-telemetry/opentelemetry-collector-contrib/processor/spanpruningprocessor/tree.go:88.2,88.19 1 1
github.com/open-telemetry/opentelemetry-collector-contrib/processor/spanpruningprocessor/tree.go:88.19,91.3 1 1
github.com/open-telemetry/opentelemetry-collector-contrib/processor/spanpruningprocessor/tree.go:91.8,91.52 1 1
github.com/open-telemetry/opentelemetry-collector-contrib/processor/spanpruningprocessor/tree.go:91.52,93.3 1 1
github.com/open-telemetry/opentelemetry-collector-contrib/processor/spanpruningprocessor/tree.go:95.2,95.27 1 1
github.com/open-telemetry/opentelemetry-collector-contrib/processor/spanpruningprocessor/tree.go:95.27,98.3 1 1
github.com/open-telemetry/opentelemetry-collector-contrib/processor/spanpruningprocessor/tree.go:100.2,100.13 1 1
github.com/open-telemetry/opentelemetry-collector-contrib/processor/spanpruningprocessor/tree.go:104.45,106.2 1 1
github.com/open-telemetry/opentelemetry-collector-contrib/processor/spanpruningprocessor/tree.go:111.106,112.26 1 1
github.com/open-telemetry/opentelemetry-collector-contrib/processor/spanpruningprocessor/tree.go:112.26,114.3 1 0
github.com/open-telemetry/opentelemetry-collector-contrib/processor/spanpruningprocessor/tree.go:116.2,117.34 2 1
github.com/open-telemetry/opentelemetry-collector-contrib/processor/spanpruningprocessor/tree.go:117.34,118.45 1 1
github.com/open-telemetry/opentelemetry-collector-contrib/processor/spanpruningprocessor/tree.go:118.45,120.4 1 1
github.com/open-telemetry/opentelemetry-collector-contrib/processor/spanpruningprocessor/tree.go:122.2,122.24 1 1
github.com/open-telemetry/opentelemetry-collector-contrib/processor/spanpruningprocessor/tree.go:127.67,128.27 1 1
github.com/open-telemetry/opentelemetry-collector-contrib/processor/spanpruningprocessor/tree.go:128.27,130.3 1 0
github.com/open-telemetry/opentelemetry-collector-contrib/processor/spanpruningprocessor/tree.go:132.2,135.35 3 1
github.com/open-telemetry/opentelemetry-collector-contrib/processor/spanpruningprocessor/tree.go:135.35,136.25 1 1
github.com/open-telemetry/opentelemetry-collector-contrib/processor/spanpruningprocessor/tree.go:136.25,137.47 1 1
github.com/open-telemetry/opentelemetry-collector-contrib/processor/spanpruningprocessor/tree.go:137.47,140.5 2 1
github.com/open-telemetry/opentelemetry-collector-contrib/processor/spanpruningprocessor/tree.go:144.2,144.19 1 1
github.com/open-telemetry/opentelemetry-collector-contrib/processor/spanpruningprocessor/tree.go:149.82,151.17 1 1
github.com/open-telemetry/opentelemetry-collector-contrib/processor/spanpruningprocessor/tree.go:151.17,153.3 1 0
github.com/open-telemetry/opentelemetry-collector-contrib/processor/spanpruningprocessor/tree.go:156.2,156.24 1 1
github.com/open-telemetry/opentelemetry-collector-contrib/processor/spanpruningprocessor/tree.go:156.24,158.3 1 1
github.com/open-telemetry/opentelemetry-collector-contrib/processor/spanpruningprocessor/tree.go:161.2,161.27 1 1
github.com/open-telemetry/opentelemetry-collector-contrib/processor/spanpruningprocessor/tree.go:161.27,163.3 1 0
github.com/open-telemetry/opentelemetry-collector-contrib/processor/spanpruningprocessor/tree.go:166.2,166.38 1 1
github.com/open-telemetry/opentelemetry-collector-contrib/processor/spanpruningprocessor/tree.go:166.38,167.59 1 1
github.com/open-telemetry/opentelemetry-collector-contrib/processor/spanpruningprocessor/tree.go:167.59,169.4 1 0
github.com/open-telemetry/opentelemetry-collector-contrib/processor/spanpruningprocessor/tree.go:172.2,172.13 1 1
github.com/open-telemetry/opentelemetry-collector-contrib/processor/spanpruningprocessor/internal/metadatatest/generated_telemetrytest.go:17.66,22.2 4 0
github.com/open-telemetry/opentelemetry-collector-contrib/processor/spanpruningprocessor/internal/metadatatest/generated_telemetrytest.go:24.176,37.2 4 1
github.com/open-telemetry/opentelemetry-collector-contrib/processor/spanpruningprocessor/internal/metadatatest/generated_telemetrytest.go:39.166,53.2 4 1
github.com/open-telemetry/opentelemetry-collector-contrib/processor/spanpruningprocessor/internal/metadatatest/generated_telemetrytest.go:55.182,68.2 4 1
github.com/open-telemetry/opentelemetry-collector-contrib/processor/spanpruningprocessor/internal/metadatatest/generated_telemetrytest.go:70.173,83.2 4 1
github.com/open-telemetry/opentelemetry-collector-contrib/processor/spanpruningprocessor/internal/metadatatest/generated_telemetrytest.go:85.175,99.2 4 1
github.com/open-telemetry/opentelemetry-collector-contrib/processor/spanpruningprocessor/internal/metadatatest/generated_telemetrytest.go:101.163,115.2 4 1
github.com/open-telemetry/opentelemetry-collector-contrib/processor/spanpruningprocessor/internal/metadatatest/generated_telemetrytest.go:117.164,131.2 4 1
github.com/open-telemetry/opentelemetry-collector-contrib/processor/spanpruningprocessor/internal/metadatatest/generated_telemetrytest.go:133.184,146.2 4 1
github.com/open-telemetry/opentelemetry-collector-contrib/processor/spanpruningprocessor/internal/metadatatest/generated_telemetrytest.go:148.175,161.2 4 1
github.com/open-telemetry/opentelemetry-collector-contrib/processor/spanpruningprocessor/internal/metadatatest/generated_telemetrytest.go:163.176,176.2 4 1
github.com/open-telemetry/opentelemetry-collector-contrib/processor/spanpruningprocessor/internal/metadatatest/generated_telemetrytest.go:178.158,192.2 4 1
github.com/open-telemetry/opentelemetry-collector-contrib/processor/spanpruningprocessor/internal/metadatatest/generated_telemetrytest.go:194.160,208.2 4 1
github.com/open-telemetry/opentelemetry-collector-contrib/processor/spanpruningprocessor/internal/metadatatest/generated_telemetrytest.go:210.162,224.2 4 1
