mode: atomic
github.com/open-telemetry/opentelemetry-collector-contrib/receiver/googlecloudspannerreceiver/internal/filter/itemcardinality.go:46.41,48.2 1 14
github.com/open-telemetry/opentelemetry-collector-contrib/receiver/googlecloudspannerreceiver/internal/filter/itemcardinality.go:50.45,52.2 1 31
github.com/open-telemetry/opentelemetry-collector-contrib/receiver/googlecloudspannerreceiver/internal/filter/itemcardinality.go:55.76,56.35 1 13
github.com/open-telemetry/opentelemetry-collector-contrib/receiver/googlecloudspannerreceiver/internal/filter/itemcardinality.go:56.35,58.3 1 1
github.com/open-telemetry/opentelemetry-collector-contrib/receiver/googlecloudspannerreceiver/internal/filter/itemcardinality.go:60.2,72.8 4 12
github.com/open-telemetry/opentelemetry-collector-contrib/receiver/googlecloudspannerreceiver/internal/filter/itemcardinality.go:75.50,77.2 1 1
github.com/open-telemetry/opentelemetry-collector-contrib/receiver/googlecloudspannerreceiver/internal/filter/itemcardinality.go:79.56,81.2 1 1
github.com/open-telemetry/opentelemetry-collector-contrib/receiver/googlecloudspannerreceiver/internal/filter/itemcardinality.go:83.78,88.37 4 7
github.com/open-telemetry/opentelemetry-collector-contrib/receiver/googlecloudspannerreceiver/internal/filter/itemcardinality.go:88.37,90.17 2 9
github.com/open-telemetry/opentelemetry-collector-contrib/receiver/googlecloudspannerreceiver/internal/filter/itemcardinality.go:90.17,92.4 1 2
github.com/open-telemetry/opentelemetry-collector-contrib/receiver/googlecloudspannerreceiver/internal/filter/itemcardinality.go:94.3,94.65 1 7
github.com/open-telemetry/opentelemetry-collector-contrib/receiver/googlecloudspannerreceiver/internal/filter/itemcardinality.go:97.2,97.27 1 5
github.com/open-telemetry/opentelemetry-collector-contrib/receiver/googlecloudspannerreceiver/internal/filter/itemcardinality.go:100.77,106.29 3 11
github.com/open-telemetry/opentelemetry-collector-contrib/receiver/googlecloudspannerreceiver/internal/filter/itemcardinality.go:106.29,107.63 1 39
github.com/open-telemetry/opentelemetry-collector-contrib/receiver/googlecloudspannerreceiver/internal/filter/itemcardinality.go:107.63,109.4 1 2
github.com/open-telemetry/opentelemetry-collector-contrib/receiver/googlecloudspannerreceiver/internal/filter/itemcardinality.go:109.9,109.22 1 37
github.com/open-telemetry/opentelemetry-collector-contrib/receiver/googlecloudspannerreceiver/internal/filter/itemcardinality.go:109.22,111.4 1 21
github.com/open-telemetry/opentelemetry-collector-contrib/receiver/googlecloudspannerreceiver/internal/filter/itemcardinality.go:114.2,114.27 1 9
github.com/open-telemetry/opentelemetry-collector-contrib/receiver/googlecloudspannerreceiver/internal/filter/itemcardinality.go:117.103,118.55 1 43
github.com/open-telemetry/opentelemetry-collector-contrib/receiver/googlecloudspannerreceiver/internal/filter/itemcardinality.go:118.55,120.3 1 10
github.com/open-telemetry/opentelemetry-collector-contrib/receiver/googlecloudspannerreceiver/internal/filter/itemcardinality.go:120.8,120.50 1 33
github.com/open-telemetry/opentelemetry-collector-contrib/receiver/googlecloudspannerreceiver/internal/filter/itemcardinality.go:120.50,122.3 1 3
github.com/open-telemetry/opentelemetry-collector-contrib/receiver/googlecloudspannerreceiver/internal/filter/itemcardinality.go:124.2,124.39 1 30
github.com/open-telemetry/opentelemetry-collector-contrib/receiver/googlecloudspannerreceiver/internal/filter/itemcardinality.go:124.39,127.3 2 17
github.com/open-telemetry/opentelemetry-collector-contrib/receiver/googlecloudspannerreceiver/internal/filter/itemcardinality.go:129.2,129.93 1 13
github.com/open-telemetry/opentelemetry-collector-contrib/receiver/googlecloudspannerreceiver/internal/filter/itemcardinality.go:129.93,130.41 1 0
github.com/open-telemetry/opentelemetry-collector-contrib/receiver/googlecloudspannerreceiver/internal/filter/itemcardinality.go:130.41,132.4 1 0
github.com/open-telemetry/opentelemetry-collector-contrib/receiver/googlecloudspannerreceiver/internal/filter/itemcardinality.go:133.3,133.20 1 0
github.com/open-telemetry/opentelemetry-collector-contrib/receiver/googlecloudspannerreceiver/internal/filter/itemcardinality.go:136.2,140.18 3 13
github.com/open-telemetry/opentelemetry-collector-contrib/receiver/googlecloudspannerreceiver/internal/filter/itemcardinality.go:143.85,145.2 1 33
github.com/open-telemetry/opentelemetry-collector-contrib/receiver/googlecloudspannerreceiver/internal/filter/itemcardinality.go:147.50,149.2 1 11
github.com/open-telemetry/opentelemetry-collector-contrib/receiver/googlecloudspannerreceiver/internal/filter/itemcardinality.go:151.60,154.29 2 8
github.com/open-telemetry/opentelemetry-collector-contrib/receiver/googlecloudspannerreceiver/internal/filter/itemcardinality.go:154.29,156.3 1 42
github.com/open-telemetry/opentelemetry-collector-contrib/receiver/googlecloudspannerreceiver/internal/filter/itemcardinality.go:158.2,158.21 1 8
github.com/open-telemetry/opentelemetry-collector-contrib/receiver/googlecloudspannerreceiver/internal/filter/itemcardinality.go:161.65,165.32 3 8
github.com/open-telemetry/opentelemetry-collector-contrib/receiver/googlecloudspannerreceiver/internal/filter/itemcardinality.go:165.32,168.3 2 12
github.com/open-telemetry/opentelemetry-collector-contrib/receiver/googlecloudspannerreceiver/internal/filter/itemcardinality.go:170.2,170.49 1 8
github.com/open-telemetry/opentelemetry-collector-contrib/receiver/googlecloudspannerreceiver/internal/filter/itemcardinality.go:170.49,170.103 1 5
github.com/open-telemetry/opentelemetry-collector-contrib/receiver/googlecloudspannerreceiver/internal/filter/itemcardinality.go:172.2,172.23 1 8
github.com/open-telemetry/opentelemetry-collector-contrib/receiver/googlecloudspannerreceiver/internal/filter/nopitemcardinality.go:14.47,16.2 1 1
github.com/open-telemetry/opentelemetry-collector-contrib/receiver/googlecloudspannerreceiver/internal/filter/nopitemcardinality.go:18.52,22.2 1 2
github.com/open-telemetry/opentelemetry-collector-contrib/receiver/googlecloudspannerreceiver/internal/filter/nopitemcardinality.go:24.81,26.2 1 1
github.com/open-telemetry/opentelemetry-collector-contrib/receiver/googlecloudspannerreceiver/internal/filter/nopitemcardinality.go:28.53,30.2 1 1
github.com/open-telemetry/opentelemetry-collector-contrib/receiver/googlecloudspannerreceiver/internal/filter/nopitemcardinality.go:32.53,34.2 1 1
github.com/open-telemetry/opentelemetry-collector-contrib/receiver/googlecloudspannerreceiver/internal/filter/nopitemcardinality.go:36.59,38.2 1 1
github.com/open-telemetry/opentelemetry-collector-contrib/receiver/googlecloudspannerreceiver/internal/filter/nopitemcardinality.go:40.69,42.2 1 1
github.com/open-telemetry/opentelemetry-collector-contrib/receiver/googlecloudspannerreceiver/internal/filter/nopitemcardinality.go:44.50,46.2 1 1
github.com/open-telemetry/opentelemetry-collector-contrib/receiver/googlecloudspannerreceiver/config.go:40.40,41.72 1 8
github.com/open-telemetry/opentelemetry-collector-contrib/receiver/googlecloudspannerreceiver/config.go:41.72,43.3 1 1
github.com/open-telemetry/opentelemetry-collector-contrib/receiver/googlecloudspannerreceiver/config.go:45.2,45.40 1 7
github.com/open-telemetry/opentelemetry-collector-contrib/receiver/googlecloudspannerreceiver/config.go:45.40,47.3 1 1
github.com/open-telemetry/opentelemetry-collector-contrib/receiver/googlecloudspannerreceiver/config.go:49.2,49.63 1 6
github.com/open-telemetry/opentelemetry-collector-contrib/receiver/googlecloudspannerreceiver/config.go:49.63,51.3 1 1
github.com/open-telemetry/opentelemetry-collector-contrib/receiver/googlecloudspannerreceiver/config.go:53.2,53.38 1 5
github.com/open-telemetry/opentelemetry-collector-contrib/receiver/googlecloudspannerreceiver/config.go:53.38,55.3 1 1
github.com/open-telemetry/opentelemetry-collector-contrib/receiver/googlecloudspannerreceiver/config.go:57.2,57.31 1 4
github.com/open-telemetry/opentelemetry-collector-contrib/receiver/googlecloudspannerreceiver/config.go:57.31,59.3 1 1
github.com/open-telemetry/opentelemetry-collector-contrib/receiver/googlecloudspannerreceiver/config.go:61.2,61.42 1 3
github.com/open-telemetry/opentelemetry-collector-contrib/receiver/googlecloudspannerreceiver/config.go:61.42,62.44 1 3
github.com/open-telemetry/opentelemetry-collector-contrib/receiver/googlecloudspannerreceiver/config.go:62.44,64.4 1 1
github.com/open-telemetry/opentelemetry-collector-contrib/receiver/googlecloudspannerreceiver/config.go:67.2,67.12 1 2
github.com/open-telemetry/opentelemetry-collector-contrib/receiver/googlecloudspannerreceiver/config.go:70.41,71.22 1 15
github.com/open-telemetry/opentelemetry-collector-contrib/receiver/googlecloudspannerreceiver/config.go:71.22,73.3 1 3
github.com/open-telemetry/opentelemetry-collector-contrib/receiver/googlecloudspannerreceiver/config.go:75.2,75.33 1 12
github.com/open-telemetry/opentelemetry-collector-contrib/receiver/googlecloudspannerreceiver/config.go:75.33,77.3 1 1
github.com/open-telemetry/opentelemetry-collector-contrib/receiver/googlecloudspannerreceiver/config.go:79.2,79.45 1 11
github.com/open-telemetry/opentelemetry-collector-contrib/receiver/googlecloudspannerreceiver/config.go:79.45,80.45 1 11
github.com/open-telemetry/opentelemetry-collector-contrib/receiver/googlecloudspannerreceiver/config.go:80.45,82.4 1 1
github.com/open-telemetry/opentelemetry-collector-contrib/receiver/googlecloudspannerreceiver/config.go:85.2,85.12 1 10
github.com/open-telemetry/opentelemetry-collector-contrib/receiver/googlecloudspannerreceiver/config.go:88.43,89.23 1 21
github.com/open-telemetry/opentelemetry-collector-contrib/receiver/googlecloudspannerreceiver/config.go:89.23,91.3 1 2
github.com/open-telemetry/opentelemetry-collector-contrib/receiver/googlecloudspannerreceiver/config.go:93.2,93.34 1 19
github.com/open-telemetry/opentelemetry-collector-contrib/receiver/googlecloudspannerreceiver/config.go:93.34,95.3 1 1
github.com/open-telemetry/opentelemetry-collector-contrib/receiver/googlecloudspannerreceiver/config.go:97.2,97.46 1 18
github.com/open-telemetry/opentelemetry-collector-contrib/receiver/googlecloudspannerreceiver/config.go:97.46,98.21 1 18
github.com/open-telemetry/opentelemetry-collector-contrib/receiver/googlecloudspannerreceiver/config.go:98.21,100.4 1 1
github.com/open-telemetry/opentelemetry-collector-contrib/receiver/googlecloudspannerreceiver/config.go:103.2,103.12 1 17
github.com/open-telemetry/opentelemetry-collector-contrib/receiver/googlecloudspannerreceiver/factory.go:26.36,31.2 1 4
github.com/open-telemetry/opentelemetry-collector-contrib/receiver/googlecloudspannerreceiver/factory.go:33.45,41.2 1 17
github.com/open-telemetry/opentelemetry-collector-contrib/receiver/googlecloudspannerreceiver/factory.go:48.29,55.16 4 2
github.com/open-telemetry/opentelemetry-collector-contrib/receiver/googlecloudspannerreceiver/factory.go:55.16,57.3 1 0
github.com/open-telemetry/opentelemetry-collector-contrib/receiver/googlecloudspannerreceiver/factory.go:59.2,60.37 1 2
github.com/open-telemetry/opentelemetry-collector-contrib/receiver/googlecloudspannerreceiver/receiver.go:38.100,43.2 1 15
github.com/open-telemetry/opentelemetry-collector-contrib/receiver/googlecloudspannerreceiver/receiver.go:45.91,51.49 2 2
github.com/open-telemetry/opentelemetry-collector-contrib/receiver/googlecloudspannerreceiver/receiver.go:51.49,54.17 3 2
github.com/open-telemetry/opentelemetry-collector-contrib/receiver/googlecloudspannerreceiver/receiver.go:54.17,56.4 1 1
github.com/open-telemetry/opentelemetry-collector-contrib/receiver/googlecloudspannerreceiver/receiver.go:59.2,61.21 2 2
github.com/open-telemetry/opentelemetry-collector-contrib/receiver/googlecloudspannerreceiver/receiver.go:61.21,63.3 1 0
github.com/open-telemetry/opentelemetry-collector-contrib/receiver/googlecloudspannerreceiver/receiver.go:65.2,65.44 1 2
github.com/open-telemetry/opentelemetry-collector-contrib/receiver/googlecloudspannerreceiver/receiver.go:65.44,67.3 1 0
github.com/open-telemetry/opentelemetry-collector-contrib/receiver/googlecloudspannerreceiver/receiver.go:69.2,69.20 1 2
github.com/open-telemetry/opentelemetry-collector-contrib/receiver/googlecloudspannerreceiver/receiver.go:72.89,75.16 3 2
github.com/open-telemetry/opentelemetry-collector-contrib/receiver/googlecloudspannerreceiver/receiver.go:75.16,77.3 1 1
github.com/open-telemetry/opentelemetry-collector-contrib/receiver/googlecloudspannerreceiver/receiver.go:79.2,79.12 1 1
github.com/open-telemetry/opentelemetry-collector-contrib/receiver/googlecloudspannerreceiver/receiver.go:82.70,83.49 1 2
github.com/open-telemetry/opentelemetry-collector-contrib/receiver/googlecloudspannerreceiver/receiver.go:83.49,85.3 1 2
github.com/open-telemetry/opentelemetry-collector-contrib/receiver/googlecloudspannerreceiver/receiver.go:87.2,87.29 1 2
github.com/open-telemetry/opentelemetry-collector-contrib/receiver/googlecloudspannerreceiver/receiver.go:87.29,89.3 1 0
github.com/open-telemetry/opentelemetry-collector-contrib/receiver/googlecloudspannerreceiver/receiver.go:90.2,91.16 2 2
github.com/open-telemetry/opentelemetry-collector-contrib/receiver/googlecloudspannerreceiver/receiver.go:91.16,93.3 1 1
github.com/open-telemetry/opentelemetry-collector-contrib/receiver/googlecloudspannerreceiver/receiver.go:95.2,97.12 2 1
github.com/open-telemetry/opentelemetry-collector-contrib/receiver/googlecloudspannerreceiver/receiver.go:100.76,102.16 2 5
github.com/open-telemetry/opentelemetry-collector-contrib/receiver/googlecloudspannerreceiver/receiver.go:102.16,104.3 1 1
github.com/open-telemetry/opentelemetry-collector-contrib/receiver/googlecloudspannerreceiver/receiver.go:106.2,107.16 2 4
github.com/open-telemetry/opentelemetry-collector-contrib/receiver/googlecloudspannerreceiver/receiver.go:107.16,109.3 1 2
github.com/open-telemetry/opentelemetry-collector-contrib/receiver/googlecloudspannerreceiver/receiver.go:111.2,111.51 1 2
github.com/open-telemetry/opentelemetry-collector-contrib/receiver/googlecloudspannerreceiver/receiver.go:115.52,124.44 2 7
github.com/open-telemetry/opentelemetry-collector-contrib/receiver/googlecloudspannerreceiver/receiver.go:124.44,126.17 2 7
github.com/open-telemetry/opentelemetry-collector-contrib/receiver/googlecloudspannerreceiver/receiver.go:126.17,128.4 1 4
github.com/open-telemetry/opentelemetry-collector-contrib/receiver/googlecloudspannerreceiver/receiver.go:130.3,130.61 1 3
github.com/open-telemetry/opentelemetry-collector-contrib/receiver/googlecloudspannerreceiver/receiver.go:133.2,133.12 1 3
github.com/open-telemetry/opentelemetry-collector-contrib/receiver/googlecloudspannerreceiver/receiver.go:136.113,143.44 5 4
github.com/open-telemetry/opentelemetry-collector-contrib/receiver/googlecloudspannerreceiver/receiver.go:143.44,146.46 2 4
github.com/open-telemetry/opentelemetry-collector-contrib/receiver/googlecloudspannerreceiver/receiver.go:146.46,148.4 1 4
github.com/open-telemetry/opentelemetry-collector-contrib/receiver/googlecloudspannerreceiver/receiver.go:151.2,159.16 3 4
github.com/open-telemetry/opentelemetry-collector-contrib/receiver/googlecloudspannerreceiver/receiver.go:159.16,161.3 1 1
github.com/open-telemetry/opentelemetry-collector-contrib/receiver/googlecloudspannerreceiver/receiver.go:163.2,165.12 2 3
github.com/open-telemetry/opentelemetry-collector-contrib/receiver/googlecloudspannerreceiver/receiver.go:169.77,173.45 3 9
github.com/open-telemetry/opentelemetry-collector-contrib/receiver/googlecloudspannerreceiver/receiver.go:173.45,175.3 1 9
github.com/open-telemetry/opentelemetry-collector-contrib/receiver/googlecloudspannerreceiver/receiver.go:177.2,179.45 3 9
github.com/open-telemetry/opentelemetry-collector-contrib/receiver/googlecloudspannerreceiver/receiver.go:179.45,180.47 1 9
github.com/open-telemetry/opentelemetry-collector-contrib/receiver/googlecloudspannerreceiver/receiver.go:180.47,188.18 4 9
github.com/open-telemetry/opentelemetry-collector-contrib/receiver/googlecloudspannerreceiver/receiver.go:188.18,190.5 1 5
github.com/open-telemetry/opentelemetry-collector-contrib/receiver/googlecloudspannerreceiver/receiver.go:192.4,193.25 2 4
github.com/open-telemetry/opentelemetry-collector-contrib/receiver/googlecloudspannerreceiver/receiver.go:197.2,197.67 1 4
github.com/open-telemetry/opentelemetry-collector-contrib/receiver/googlecloudspannerreceiver/internal/datasource/database.go:18.52,20.2 1 3
github.com/open-telemetry/opentelemetry-collector-contrib/receiver/googlecloudspannerreceiver/internal/datasource/database.go:22.52,24.2 1 3
github.com/open-telemetry/opentelemetry-collector-contrib/receiver/googlecloudspannerreceiver/internal/datasource/database.go:26.110,30.31 3 3
github.com/open-telemetry/opentelemetry-collector-contrib/receiver/googlecloudspannerreceiver/internal/datasource/database.go:30.31,33.3 2 2
github.com/open-telemetry/opentelemetry-collector-contrib/receiver/googlecloudspannerreceiver/internal/datasource/database.go:33.8,36.3 1 1
github.com/open-telemetry/opentelemetry-collector-contrib/receiver/googlecloudspannerreceiver/internal/datasource/database.go:38.2,38.16 1 3
github.com/open-telemetry/opentelemetry-collector-contrib/receiver/googlecloudspannerreceiver/internal/datasource/database.go:38.16,40.3 1 1
github.com/open-telemetry/opentelemetry-collector-contrib/receiver/googlecloudspannerreceiver/internal/datasource/database.go:42.2,42.55 1 2
github.com/open-telemetry/opentelemetry-collector-contrib/receiver/googlecloudspannerreceiver/internal/datasource/database.go:45.86,50.2 1 3
github.com/open-telemetry/opentelemetry-collector-contrib/receiver/googlecloudspannerreceiver/internal/datasource/databaseid.go:15.90,22.2 1 5
github.com/open-telemetry/opentelemetry-collector-contrib/receiver/googlecloudspannerreceiver/internal/datasource/databaseid.go:24.50,26.2 1 1
github.com/open-telemetry/opentelemetry-collector-contrib/receiver/googlecloudspannerreceiver/internal/datasource/databaseid.go:28.51,30.2 1 1
github.com/open-telemetry/opentelemetry-collector-contrib/receiver/googlecloudspannerreceiver/internal/datasource/databaseid.go:32.53,34.2 1 1
github.com/open-telemetry/opentelemetry-collector-contrib/receiver/googlecloudspannerreceiver/internal/datasource/databaseid.go:35.43,37.2 1 4
github.com/open-telemetry/opentelemetry-collector-contrib/receiver/googlecloudspannerreceiver/internal/filterfactory/filterbuilder.go:20.89,24.54 3 2
github.com/open-telemetry/opentelemetry-collector-contrib/receiver/googlecloudspannerreceiver/internal/filterfactory/filterbuilder.go:24.54,25.78 1 4
github.com/open-telemetry/opentelemetry-collector-contrib/receiver/googlecloudspannerreceiver/internal/filterfactory/filterbuilder.go:25.78,28.4 2 8
github.com/open-telemetry/opentelemetry-collector-contrib/receiver/googlecloudspannerreceiver/internal/filterfactory/filterbuilder.go:31.2,31.23 1 2
github.com/open-telemetry/opentelemetry-collector-contrib/receiver/googlecloudspannerreceiver/internal/filterfactory/filterbuilder.go:34.102,41.16 5 6
github.com/open-telemetry/opentelemetry-collector-contrib/receiver/googlecloudspannerreceiver/internal/filterfactory/filterbuilder.go:41.16,43.3 1 0
github.com/open-telemetry/opentelemetry-collector-contrib/receiver/googlecloudspannerreceiver/internal/filterfactory/filterbuilder.go:46.2,48.16 3 6
github.com/open-telemetry/opentelemetry-collector-contrib/receiver/googlecloudspannerreceiver/internal/filterfactory/filterbuilder.go:48.16,50.3 1 2
github.com/open-telemetry/opentelemetry-collector-contrib/receiver/googlecloudspannerreceiver/internal/filterfactory/filterbuilder.go:52.2,55.28 2 4
github.com/open-telemetry/opentelemetry-collector-contrib/receiver/googlecloudspannerreceiver/internal/filterfactory/filterbuilder.go:59.60,61.22 1 8
github.com/open-telemetry/opentelemetry-collector-contrib/receiver/googlecloudspannerreceiver/internal/filterfactory/filterbuilder.go:61.22,63.3 1 5
github.com/open-telemetry/opentelemetry-collector-contrib/receiver/googlecloudspannerreceiver/internal/filterfactory/filterbuilder.go:65.2,71.135 3 3
github.com/open-telemetry/opentelemetry-collector-contrib/receiver/googlecloudspannerreceiver/internal/filterfactory/filterbuilder.go:75.60,77.22 1 9
github.com/open-telemetry/opentelemetry-collector-contrib/receiver/googlecloudspannerreceiver/internal/filterfactory/filterbuilder.go:77.22,79.3 1 2
github.com/open-telemetry/opentelemetry-collector-contrib/receiver/googlecloudspannerreceiver/internal/filterfactory/filterbuilder.go:81.2,88.35 4 7
github.com/open-telemetry/opentelemetry-collector-contrib/receiver/googlecloudspannerreceiver/internal/filterfactory/filterbuilder.go:88.35,90.3 1 3
github.com/open-telemetry/opentelemetry-collector-contrib/receiver/googlecloudspannerreceiver/internal/filterfactory/filterbuilder.go:92.2,92.129 1 4
github.com/open-telemetry/opentelemetry-collector-contrib/receiver/googlecloudspannerreceiver/internal/filterfactory/filterbuilder.go:96.121,100.38 2 8
github.com/open-telemetry/opentelemetry-collector-contrib/receiver/googlecloudspannerreceiver/internal/filterfactory/filterbuilder.go:100.38,101.78 1 14
github.com/open-telemetry/opentelemetry-collector-contrib/receiver/googlecloudspannerreceiver/internal/filterfactory/filterbuilder.go:101.78,113.18 5 28
github.com/open-telemetry/opentelemetry-collector-contrib/receiver/googlecloudspannerreceiver/internal/filterfactory/filterbuilder.go:113.18,115.5 1 0
github.com/open-telemetry/opentelemetry-collector-contrib/receiver/googlecloudspannerreceiver/internal/filterfactory/filterbuilder.go:116.4,116.47 1 28
github.com/open-telemetry/opentelemetry-collector-contrib/receiver/googlecloudspannerreceiver/internal/filterfactory/filterbuilder.go:120.2,120.27 1 8
github.com/open-telemetry/opentelemetry-collector-contrib/receiver/googlecloudspannerreceiver/internal/filterfactory/filterbuilder.go:123.83,124.45 1 8
github.com/open-telemetry/opentelemetry-collector-contrib/receiver/googlecloudspannerreceiver/internal/filterfactory/filterbuilder.go:124.45,126.3 1 15
github.com/open-telemetry/opentelemetry-collector-contrib/receiver/googlecloudspannerreceiver/internal/filterfactory/filterbuilder.go:128.2,128.15 1 8
github.com/open-telemetry/opentelemetry-collector-contrib/receiver/googlecloudspannerreceiver/internal/filterfactory/filterbuilder.go:131.105,134.45 2 7
github.com/open-telemetry/opentelemetry-collector-contrib/receiver/googlecloudspannerreceiver/internal/filterfactory/filterbuilder.go:134.45,136.3 1 14
github.com/open-telemetry/opentelemetry-collector-contrib/receiver/googlecloudspannerreceiver/internal/filterfactory/filterbuilder.go:138.2,138.21 1 7
github.com/open-telemetry/opentelemetry-collector-contrib/receiver/googlecloudspannerreceiver/internal/filterfactory/itemfilterfactory.go:34.116,35.42 1 4
github.com/open-telemetry/opentelemetry-collector-contrib/receiver/googlecloudspannerreceiver/internal/filterfactory/itemfilterfactory.go:35.42,37.3 1 1
github.com/open-telemetry/opentelemetry-collector-contrib/receiver/googlecloudspannerreceiver/internal/filterfactory/itemfilterfactory.go:39.2,44.28 2 3
github.com/open-telemetry/opentelemetry-collector-contrib/receiver/googlecloudspannerreceiver/internal/filterfactory/itemfilterfactory.go:44.28,48.3 1 1
github.com/open-telemetry/opentelemetry-collector-contrib/receiver/googlecloudspannerreceiver/internal/filterfactory/itemfilterfactory.go:50.2,51.16 2 2
github.com/open-telemetry/opentelemetry-collector-contrib/receiver/googlecloudspannerreceiver/internal/filterfactory/itemfilterfactory.go:51.16,53.3 1 1
github.com/open-telemetry/opentelemetry-collector-contrib/receiver/googlecloudspannerreceiver/internal/filterfactory/itemfilterfactory.go:55.2,57.8 1 1
github.com/open-telemetry/opentelemetry-collector-contrib/receiver/googlecloudspannerreceiver/internal/filterfactory/itemfilterfactory.go:60.57,61.36 1 7
github.com/open-telemetry/opentelemetry-collector-contrib/receiver/googlecloudspannerreceiver/internal/filterfactory/itemfilterfactory.go:61.36,63.3 1 1
github.com/open-telemetry/opentelemetry-collector-contrib/receiver/googlecloudspannerreceiver/internal/filterfactory/itemfilterfactory.go:65.2,65.119 1 6
github.com/open-telemetry/opentelemetry-collector-contrib/receiver/googlecloudspannerreceiver/internal/filterfactory/itemfilterfactory.go:65.119,67.3 1 2
github.com/open-telemetry/opentelemetry-collector-contrib/receiver/googlecloudspannerreceiver/internal/filterfactory/itemfilterfactory.go:69.2,69.12 1 4
github.com/open-telemetry/opentelemetry-collector-contrib/receiver/googlecloudspannerreceiver/internal/filterfactory/itemfilterfactory.go:72.87,75.13 2 2
github.com/open-telemetry/opentelemetry-collector-contrib/receiver/googlecloudspannerreceiver/internal/filterfactory/itemfilterfactory.go:75.13,77.3 1 1
github.com/open-telemetry/opentelemetry-collector-contrib/receiver/googlecloudspannerreceiver/internal/filterfactory/itemfilterfactory.go:79.2,79.24 1 1
github.com/open-telemetry/opentelemetry-collector-contrib/receiver/googlecloudspannerreceiver/internal/filterfactory/itemfilterfactory.go:82.46,83.46 1 2
github.com/open-telemetry/opentelemetry-collector-contrib/receiver/googlecloudspannerreceiver/internal/filterfactory/itemfilterfactory.go:83.46,85.17 2 2
github.com/open-telemetry/opentelemetry-collector-contrib/receiver/googlecloudspannerreceiver/internal/filterfactory/itemfilterfactory.go:85.17,87.4 1 1
github.com/open-telemetry/opentelemetry-collector-contrib/receiver/googlecloudspannerreceiver/internal/filterfactory/itemfilterfactory.go:90.2,90.12 1 1
github.com/open-telemetry/opentelemetry-collector-contrib/receiver/googlecloudspannerreceiver/internal/metadata/labelvalue.go:36.60,38.2 1 22
github.com/open-telemetry/opentelemetry-collector-contrib/receiver/googlecloudspannerreceiver/internal/metadata/labelvalue.go:40.78,42.2 1 14
github.com/open-telemetry/opentelemetry-collector-contrib/receiver/googlecloudspannerreceiver/internal/metadata/labelvalue.go:44.56,46.2 1 18
github.com/open-telemetry/opentelemetry-collector-contrib/receiver/googlecloudspannerreceiver/internal/metadata/labelvalue.go:78.48,80.2 1 529
github.com/open-telemetry/opentelemetry-collector-contrib/receiver/googlecloudspannerreceiver/internal/metadata/labelvalue.go:82.54,84.2 1 34
github.com/open-telemetry/opentelemetry-collector-contrib/receiver/googlecloudspannerreceiver/internal/metadata/labelvalue.go:86.57,88.2 1 71
github.com/open-telemetry/opentelemetry-collector-contrib/receiver/googlecloudspannerreceiver/internal/metadata/labelvalue.go:90.47,92.2 1 71
github.com/open-telemetry/opentelemetry-collector-contrib/receiver/googlecloudspannerreceiver/internal/metadata/labelvalue.go:94.62,96.2 1 19
github.com/open-telemetry/opentelemetry-collector-contrib/receiver/googlecloudspannerreceiver/internal/metadata/labelvalue.go:98.91,103.2 1 5
github.com/open-telemetry/opentelemetry-collector-contrib/receiver/googlecloudspannerreceiver/internal/metadata/labelvalue.go:105.56,107.2 1 70
github.com/open-telemetry/opentelemetry-collector-contrib/receiver/googlecloudspannerreceiver/internal/metadata/labelvalue.go:109.46,111.2 1 69
github.com/open-telemetry/opentelemetry-collector-contrib/receiver/googlecloudspannerreceiver/internal/metadata/labelvalue.go:113.61,115.2 1 19
github.com/open-telemetry/opentelemetry-collector-contrib/receiver/googlecloudspannerreceiver/internal/metadata/labelvalue.go:117.90,122.2 1 3
github.com/open-telemetry/opentelemetry-collector-contrib/receiver/googlecloudspannerreceiver/internal/metadata/labelvalue.go:124.55,126.2 1 70
github.com/open-telemetry/opentelemetry-collector-contrib/receiver/googlecloudspannerreceiver/internal/metadata/labelvalue.go:128.45,130.2 1 69
github.com/open-telemetry/opentelemetry-collector-contrib/receiver/googlecloudspannerreceiver/internal/metadata/labelvalue.go:132.60,134.2 1 19
github.com/open-telemetry/opentelemetry-collector-contrib/receiver/googlecloudspannerreceiver/internal/metadata/labelvalue.go:136.89,141.2 1 3
github.com/open-telemetry/opentelemetry-collector-contrib/receiver/googlecloudspannerreceiver/internal/metadata/labelvalue.go:143.62,145.2 1 70
github.com/open-telemetry/opentelemetry-collector-contrib/receiver/googlecloudspannerreceiver/internal/metadata/labelvalue.go:147.52,149.2 1 69
github.com/open-telemetry/opentelemetry-collector-contrib/receiver/googlecloudspannerreceiver/internal/metadata/labelvalue.go:151.67,153.2 1 19
github.com/open-telemetry/opentelemetry-collector-contrib/receiver/googlecloudspannerreceiver/internal/metadata/labelvalue.go:155.96,166.2 4 3
github.com/open-telemetry/opentelemetry-collector-contrib/receiver/googlecloudspannerreceiver/internal/metadata/labelvalue.go:168.60,170.2 1 76
github.com/open-telemetry/opentelemetry-collector-contrib/receiver/googlecloudspannerreceiver/internal/metadata/labelvalue.go:172.50,174.2 1 78
github.com/open-telemetry/opentelemetry-collector-contrib/receiver/googlecloudspannerreceiver/internal/metadata/labelvalue.go:176.65,178.2 1 19
github.com/open-telemetry/opentelemetry-collector-contrib/receiver/googlecloudspannerreceiver/internal/metadata/labelvalue.go:180.53,182.2 1 7
github.com/open-telemetry/opentelemetry-collector-contrib/receiver/googlecloudspannerreceiver/internal/metadata/labelvalue.go:184.55,186.2 1 0
github.com/open-telemetry/opentelemetry-collector-contrib/receiver/googlecloudspannerreceiver/internal/metadata/labelvalue.go:188.50,190.2 1 1
github.com/open-telemetry/opentelemetry-collector-contrib/receiver/googlecloudspannerreceiver/internal/metadata/labelvalue.go:192.94,197.2 1 3
github.com/open-telemetry/opentelemetry-collector-contrib/receiver/googlecloudspannerreceiver/internal/metadata/labelvalue.go:199.67,201.2 1 70
github.com/open-telemetry/opentelemetry-collector-contrib/receiver/googlecloudspannerreceiver/internal/metadata/labelvalue.go:203.57,205.2 1 69
github.com/open-telemetry/opentelemetry-collector-contrib/receiver/googlecloudspannerreceiver/internal/metadata/labelvalue.go:207.72,209.2 1 19
github.com/open-telemetry/opentelemetry-collector-contrib/receiver/googlecloudspannerreceiver/internal/metadata/labelvalue.go:217.101,223.34 4 3
github.com/open-telemetry/opentelemetry-collector-contrib/receiver/googlecloudspannerreceiver/internal/metadata/labelvalue.go:223.34,225.37 2 7
github.com/open-telemetry/opentelemetry-collector-contrib/receiver/googlecloudspannerreceiver/internal/metadata/labelvalue.go:225.37,227.4 1 2
github.com/open-telemetry/opentelemetry-collector-contrib/receiver/googlecloudspannerreceiver/internal/metadata/labelvalue.go:227.9,229.4 1 5
github.com/open-telemetry/opentelemetry-collector-contrib/receiver/googlecloudspannerreceiver/internal/metadata/labelvalue.go:231.3,231.66 1 7
github.com/open-telemetry/opentelemetry-collector-contrib/receiver/googlecloudspannerreceiver/internal/metadata/labelvalue.go:231.66,234.4 2 5
github.com/open-telemetry/opentelemetry-collector-contrib/receiver/googlecloudspannerreceiver/internal/metadata/labelvalue.go:237.2,244.3 3 3
github.com/open-telemetry/opentelemetry-collector-contrib/receiver/googlecloudspannerreceiver/internal/metadata/labelvalue.go:247.109,251.19 3 114
github.com/open-telemetry/opentelemetry-collector-contrib/receiver/googlecloudspannerreceiver/internal/metadata/labelvalue.go:252.23,254.40 2 62
github.com/open-telemetry/opentelemetry-collector-contrib/receiver/googlecloudspannerreceiver/internal/metadata/labelvalue.go:254.40,257.4 2 7
github.com/open-telemetry/opentelemetry-collector-contrib/receiver/googlecloudspannerreceiver/internal/metadata/labelvalue.go:258.20,260.40 2 5
github.com/open-telemetry/opentelemetry-collector-contrib/receiver/googlecloudspannerreceiver/internal/metadata/labelvalue.go:260.40,263.4 2 3
github.com/open-telemetry/opentelemetry-collector-contrib/receiver/googlecloudspannerreceiver/internal/metadata/labelvalue.go:264.21,266.40 2 18
github.com/open-telemetry/opentelemetry-collector-contrib/receiver/googlecloudspannerreceiver/internal/metadata/labelvalue.go:266.40,269.4 2 3
github.com/open-telemetry/opentelemetry-collector-contrib/receiver/googlecloudspannerreceiver/internal/metadata/labelvalue.go:270.28,272.40 2 5
github.com/open-telemetry/opentelemetry-collector-contrib/receiver/googlecloudspannerreceiver/internal/metadata/labelvalue.go:272.40,275.4 2 3
github.com/open-telemetry/opentelemetry-collector-contrib/receiver/googlecloudspannerreceiver/internal/metadata/labelvalue.go:276.26,278.40 2 5
github.com/open-telemetry/opentelemetry-collector-contrib/receiver/googlecloudspannerreceiver/internal/metadata/labelvalue.go:278.40,281.4 2 3
github.com/open-telemetry/opentelemetry-collector-contrib/receiver/googlecloudspannerreceiver/internal/metadata/labelvalue.go:282.33,284.40 2 18
github.com/open-telemetry/opentelemetry-collector-contrib/receiver/googlecloudspannerreceiver/internal/metadata/labelvalue.go:284.40,287.4 2 3
github.com/open-telemetry/opentelemetry-collector-contrib/receiver/googlecloudspannerreceiver/internal/metadata/labelvalue.go:288.60,289.14 1 1
github.com/open-telemetry/opentelemetry-collector-contrib/receiver/googlecloudspannerreceiver/internal/metadata/labelvalue.go:290.10,291.75 1 1
github.com/open-telemetry/opentelemetry-collector-contrib/receiver/googlecloudspannerreceiver/internal/metadata/labelvalue.go:294.2,300.8 1 113
github.com/open-telemetry/opentelemetry-collector-contrib/receiver/googlecloudspannerreceiver/internal/metadata/metricdatatype.go:21.31,27.2 1 17
github.com/open-telemetry/opentelemetry-collector-contrib/receiver/googlecloudspannerreceiver/internal/metadata/metricdatatype.go:29.80,31.2 1 22
github.com/open-telemetry/opentelemetry-collector-contrib/receiver/googlecloudspannerreceiver/internal/metadata/metricdatatype.go:33.104,35.2 1 4
github.com/open-telemetry/opentelemetry-collector-contrib/receiver/googlecloudspannerreceiver/internal/metadata/metricdatatype.go:37.67,39.2 1 4
github.com/open-telemetry/opentelemetry-collector-contrib/receiver/googlecloudspannerreceiver/internal/metadata/metricsbuilder.go:23.94,27.2 1 1
github.com/open-telemetry/opentelemetry-collector-contrib/receiver/googlecloudspannerreceiver/internal/metadata/metricsbuilder.go:29.56,31.2 1 12
github.com/open-telemetry/opentelemetry-collector-contrib/receiver/googlecloudspannerreceiver/internal/metadata/metricsbuilder.go:33.102,37.16 3 4
github.com/open-telemetry/opentelemetry-collector-contrib/receiver/googlecloudspannerreceiver/internal/metadata/metricsbuilder.go:37.16,39.3 1 2
github.com/open-telemetry/opentelemetry-collector-contrib/receiver/googlecloudspannerreceiver/internal/metadata/metricsbuilder.go:41.2,49.45 7 2
github.com/open-telemetry/opentelemetry-collector-contrib/receiver/googlecloudspannerreceiver/internal/metadata/metricsbuilder.go:49.45,55.38 5 4
github.com/open-telemetry/opentelemetry-collector-contrib/receiver/googlecloudspannerreceiver/internal/metadata/metricsbuilder.go:56.32,57.56 1 2
github.com/open-telemetry/opentelemetry-collector-contrib/receiver/googlecloudspannerreceiver/internal/metadata/metricsbuilder.go:58.30,61.46 3 2
github.com/open-telemetry/opentelemetry-collector-contrib/receiver/googlecloudspannerreceiver/internal/metadata/metricsbuilder.go:62.128,62.128 0 0
github.com/open-telemetry/opentelemetry-collector-contrib/receiver/googlecloudspannerreceiver/internal/metadata/metricsbuilder.go:65.3,65.32 1 4
github.com/open-telemetry/opentelemetry-collector-contrib/receiver/googlecloudspannerreceiver/internal/metadata/metricsbuilder.go:65.32,67.4 1 16
github.com/open-telemetry/opentelemetry-collector-contrib/receiver/googlecloudspannerreceiver/internal/metadata/metricsbuilder.go:70.2,70.21 1 2
github.com/open-telemetry/opentelemetry-collector-contrib/receiver/googlecloudspannerreceiver/internal/metadata/metricsbuilder.go:73.139,74.26 1 7
github.com/open-telemetry/opentelemetry-collector-contrib/receiver/googlecloudspannerreceiver/internal/metadata/metricsbuilder.go:74.26,76.3 1 1
github.com/open-telemetry/opentelemetry-collector-contrib/receiver/googlecloudspannerreceiver/internal/metadata/metricsbuilder.go:78.2,80.39 2 6
github.com/open-telemetry/opentelemetry-collector-contrib/receiver/googlecloudspannerreceiver/internal/metadata/metricsbuilder.go:80.39,83.3 2 48
github.com/open-telemetry/opentelemetry-collector-contrib/receiver/googlecloudspannerreceiver/internal/metadata/metricsbuilder.go:86.2,86.53 1 6
github.com/open-telemetry/opentelemetry-collector-contrib/receiver/googlecloudspannerreceiver/internal/metadata/metricsbuilder.go:86.53,88.17 2 9
github.com/open-telemetry/opentelemetry-collector-contrib/receiver/googlecloudspannerreceiver/internal/metadata/metricsbuilder.go:88.17,90.4 1 3
github.com/open-telemetry/opentelemetry-collector-contrib/receiver/googlecloudspannerreceiver/internal/metadata/metricsbuilder.go:92.3,92.50 1 6
github.com/open-telemetry/opentelemetry-collector-contrib/receiver/googlecloudspannerreceiver/internal/metadata/metricsbuilder.go:95.2,95.31 1 3
github.com/open-telemetry/opentelemetry-collector-contrib/receiver/googlecloudspannerreceiver/internal/metadata/metricsbuilder.go:98.126,100.16 2 11
github.com/open-telemetry/opentelemetry-collector-contrib/receiver/googlecloudspannerreceiver/internal/metadata/metricsbuilder.go:100.16,102.3 1 1
github.com/open-telemetry/opentelemetry-collector-contrib/receiver/googlecloudspannerreceiver/internal/metadata/metricsbuilder.go:104.2,106.39 2 10
github.com/open-telemetry/opentelemetry-collector-contrib/receiver/googlecloudspannerreceiver/internal/metadata/metricsbuilder.go:106.39,108.17 2 44
github.com/open-telemetry/opentelemetry-collector-contrib/receiver/googlecloudspannerreceiver/internal/metadata/metricsbuilder.go:108.17,110.4 1 0
github.com/open-telemetry/opentelemetry-collector-contrib/receiver/googlecloudspannerreceiver/internal/metadata/metricsbuilder.go:113.2,114.16 2 10
github.com/open-telemetry/opentelemetry-collector-contrib/receiver/googlecloudspannerreceiver/internal/metadata/metricsbuilder.go:114.16,116.3 1 3
github.com/open-telemetry/opentelemetry-collector-contrib/receiver/googlecloudspannerreceiver/internal/metadata/metricsbuilder.go:120.2,122.45 2 7
github.com/open-telemetry/opentelemetry-collector-contrib/receiver/googlecloudspannerreceiver/internal/metadata/metricsbuilder.go:122.45,124.3 1 32
github.com/open-telemetry/opentelemetry-collector-contrib/receiver/googlecloudspannerreceiver/internal/metadata/metricsbuilder.go:126.2,128.50 3 7
github.com/open-telemetry/opentelemetry-collector-contrib/receiver/googlecloudspannerreceiver/internal/metadata/metricsbuilder.go:128.50,131.13 2 32
github.com/open-telemetry/opentelemetry-collector-contrib/receiver/googlecloudspannerreceiver/internal/metadata/metricsbuilder.go:131.13,134.4 2 32
github.com/open-telemetry/opentelemetry-collector-contrib/receiver/googlecloudspannerreceiver/internal/metadata/metricsbuilder.go:137.2,137.32 1 7
github.com/open-telemetry/opentelemetry-collector-contrib/receiver/googlecloudspannerreceiver/internal/metadata/metricsdatapoint.go:53.72,63.33 8 18
github.com/open-telemetry/opentelemetry-collector-contrib/receiver/googlecloudspannerreceiver/internal/metadata/metricsdatapoint.go:63.33,65.3 1 108
github.com/open-telemetry/opentelemetry-collector-contrib/receiver/googlecloudspannerreceiver/internal/metadata/metricsdatapoint.go:68.64,74.2 1 49
github.com/open-telemetry/opentelemetry-collector-contrib/receiver/googlecloudspannerreceiver/internal/metadata/metricsdatapoint.go:76.61,78.16 2 45
github.com/open-telemetry/opentelemetry-collector-contrib/receiver/googlecloudspannerreceiver/internal/metadata/metricsdatapoint.go:78.16,80.3 1 0
github.com/open-telemetry/opentelemetry-collector-contrib/receiver/googlecloudspannerreceiver/internal/metadata/metricsdatapoint.go:82.2,85.8 1 45
github.com/open-telemetry/opentelemetry-collector-contrib/receiver/googlecloudspannerreceiver/internal/metadata/metricsdatapoint.go:88.64,98.45 6 47
github.com/open-telemetry/opentelemetry-collector-contrib/receiver/googlecloudspannerreceiver/internal/metadata/metricsdatapoint.go:98.45,101.3 2 282
github.com/open-telemetry/opentelemetry-collector-contrib/receiver/googlecloudspannerreceiver/internal/metadata/metricsdatapoint.go:103.2,106.3 1 47
github.com/open-telemetry/opentelemetry-collector-contrib/receiver/googlecloudspannerreceiver/internal/metadata/metricsdatapoint.go:110.54,113.58 3 6
github.com/open-telemetry/opentelemetry-collector-contrib/receiver/googlecloudspannerreceiver/internal/metadata/metricsdatapoint.go:113.58,115.3 1 3
github.com/open-telemetry/opentelemetry-collector-contrib/receiver/googlecloudspannerreceiver/internal/metadata/metricsdatapoint.go:116.2,119.40 4 3
github.com/open-telemetry/opentelemetry-collector-contrib/receiver/googlecloudspannerreceiver/internal/metadata/metricsdatapoint.go:119.40,122.3 2 1
github.com/open-telemetry/opentelemetry-collector-contrib/receiver/googlecloudspannerreceiver/internal/metadata/metricsdatapoint.go:123.2,125.36 3 3
github.com/open-telemetry/opentelemetry-collector-contrib/receiver/googlecloudspannerreceiver/internal/metadata/metricsdatapoint.go:125.36,128.28 3 6
github.com/open-telemetry/opentelemetry-collector-contrib/receiver/googlecloudspannerreceiver/internal/metadata/metricsdatapoint.go:128.28,130.4 1 3
github.com/open-telemetry/opentelemetry-collector-contrib/receiver/googlecloudspannerreceiver/internal/metadata/metricsdatapoint.go:130.9,132.4 1 3
github.com/open-telemetry/opentelemetry-collector-contrib/receiver/googlecloudspannerreceiver/internal/metadata/metricsdatapoint.go:134.2,134.17 1 3
github.com/open-telemetry/opentelemetry-collector-contrib/receiver/googlecloudspannerreceiver/internal/metadata/metricsdatapoint.go:134.17,136.3 1 1
github.com/open-telemetry/opentelemetry-collector-contrib/receiver/googlecloudspannerreceiver/internal/metadata/metricsdatapoint.go:137.2,138.34 2 3
github.com/open-telemetry/opentelemetry-collector-contrib/receiver/googlecloudspannerreceiver/internal/metadata/metricsdatapoint.go:141.65,142.49 1 2
github.com/open-telemetry/opentelemetry-collector-contrib/receiver/googlecloudspannerreceiver/internal/metadata/metricsdatapoint.go:142.49,143.60 1 6
github.com/open-telemetry/opentelemetry-collector-contrib/receiver/googlecloudspannerreceiver/internal/metadata/metricsdatapoint.go:143.60,150.4 6 6
github.com/open-telemetry/opentelemetry-collector-contrib/receiver/googlecloudspannerreceiver/internal/metadata/metricsdatapoint.go:154.52,155.17 1 1
github.com/open-telemetry/opentelemetry-collector-contrib/receiver/googlecloudspannerreceiver/internal/metadata/metricsdatapoint.go:155.17,157.3 1 0
github.com/open-telemetry/opentelemetry-collector-contrib/receiver/googlecloudspannerreceiver/internal/metadata/metricsdatapoint.go:159.2,159.42 1 1
github.com/open-telemetry/opentelemetry-collector-contrib/receiver/googlecloudspannerreceiver/internal/metadata/metricsdatapoint.go:159.42,161.3 1 0
github.com/open-telemetry/opentelemetry-collector-contrib/receiver/googlecloudspannerreceiver/internal/metadata/metricsdatapoint.go:163.2,163.37 1 1
github.com/open-telemetry/opentelemetry-collector-contrib/receiver/googlecloudspannerreceiver/internal/metadata/metricsdatapoint.go:166.60,167.49 1 1
github.com/open-telemetry/opentelemetry-collector-contrib/receiver/googlecloudspannerreceiver/internal/metadata/metricsdatapoint.go:167.49,168.51 1 1
github.com/open-telemetry/opentelemetry-collector-contrib/receiver/googlecloudspannerreceiver/internal/metadata/metricsdatapoint.go:168.51,175.4 6 1
github.com/open-telemetry/opentelemetry-collector-contrib/receiver/googlecloudspannerreceiver/internal/metadata/metricsdatapoint.go:179.53,181.16 2 46
github.com/open-telemetry/opentelemetry-collector-contrib/receiver/googlecloudspannerreceiver/internal/metadata/metricsdatapoint.go:181.16,183.3 1 0
github.com/open-telemetry/opentelemetry-collector-contrib/receiver/googlecloudspannerreceiver/internal/metadata/metricsdatapoint.go:185.2,185.43 1 46
github.com/open-telemetry/opentelemetry-collector-contrib/receiver/googlecloudspannerreceiver/internal/metadata/metricsmetadata.go:33.81,34.64 1 7
github.com/open-telemetry/opentelemetry-collector-contrib/receiver/googlecloudspannerreceiver/internal/metadata/metricsmetadata.go:34.64,36.3 1 1
github.com/open-telemetry/opentelemetry-collector-contrib/receiver/googlecloudspannerreceiver/internal/metadata/metricsmetadata.go:37.2,39.23 3 6
github.com/open-telemetry/opentelemetry-collector-contrib/receiver/googlecloudspannerreceiver/internal/metadata/metricsmetadata.go:42.88,45.66 2 5
github.com/open-telemetry/opentelemetry-collector-contrib/receiver/googlecloudspannerreceiver/internal/metadata/metricsmetadata.go:45.66,48.68 2 10
github.com/open-telemetry/opentelemetry-collector-contrib/receiver/googlecloudspannerreceiver/internal/metadata/metricsmetadata.go:48.68,50.4 1 2
github.com/open-telemetry/opentelemetry-collector-contrib/receiver/googlecloudspannerreceiver/internal/metadata/metricsmetadata.go:53.2,53.20 1 3
github.com/open-telemetry/opentelemetry-collector-contrib/receiver/googlecloudspannerreceiver/internal/metadata/metricsmetadata.go:56.96,60.16 3 16
github.com/open-telemetry/opentelemetry-collector-contrib/receiver/googlecloudspannerreceiver/internal/metadata/metricsmetadata.go:60.16,62.3 1 2
github.com/open-telemetry/opentelemetry-collector-contrib/receiver/googlecloudspannerreceiver/internal/metadata/metricsmetadata.go:64.2,64.59 1 14
github.com/open-telemetry/opentelemetry-collector-contrib/receiver/googlecloudspannerreceiver/internal/metadata/metricsmetadata.go:67.90,70.67 2 4
github.com/open-telemetry/opentelemetry-collector-contrib/receiver/googlecloudspannerreceiver/internal/metadata/metricsmetadata.go:70.67,73.69 2 5
github.com/open-telemetry/opentelemetry-collector-contrib/receiver/googlecloudspannerreceiver/internal/metadata/metricsmetadata.go:73.69,75.4 1 2
github.com/open-telemetry/opentelemetry-collector-contrib/receiver/googlecloudspannerreceiver/internal/metadata/metricsmetadata.go:78.2,78.20 1 2
github.com/open-telemetry/opentelemetry-collector-contrib/receiver/googlecloudspannerreceiver/internal/metadata/metricsmetadata.go:81.100,85.16 3 7
github.com/open-telemetry/opentelemetry-collector-contrib/receiver/googlecloudspannerreceiver/internal/metadata/metricsmetadata.go:85.16,87.3 1 2
github.com/open-telemetry/opentelemetry-collector-contrib/receiver/googlecloudspannerreceiver/internal/metadata/metricsmetadata.go:89.2,89.61 1 5
github.com/open-telemetry/opentelemetry-collector-contrib/receiver/googlecloudspannerreceiver/internal/metadata/metricsmetadata.go:92.139,94.16 2 4
github.com/open-telemetry/opentelemetry-collector-contrib/receiver/googlecloudspannerreceiver/internal/metadata/metricsmetadata.go:94.16,96.3 1 1
github.com/open-telemetry/opentelemetry-collector-contrib/receiver/googlecloudspannerreceiver/internal/metadata/metricsmetadata.go:99.2,100.16 2 3
github.com/open-telemetry/opentelemetry-collector-contrib/receiver/googlecloudspannerreceiver/internal/metadata/metricsmetadata.go:100.16,102.3 1 1
github.com/open-telemetry/opentelemetry-collector-contrib/receiver/googlecloudspannerreceiver/internal/metadata/metricsmetadata.go:105.2,106.16 2 2
github.com/open-telemetry/opentelemetry-collector-contrib/receiver/googlecloudspannerreceiver/internal/metadata/metricsmetadata.go:106.16,108.3 1 1
github.com/open-telemetry/opentelemetry-collector-contrib/receiver/googlecloudspannerreceiver/internal/metadata/metricsmetadata.go:110.2,110.92 1 1
github.com/open-telemetry/opentelemetry-collector-contrib/receiver/googlecloudspannerreceiver/internal/metadata/metricsmetadata.go:114.76,118.43 2 2
github.com/open-telemetry/opentelemetry-collector-contrib/receiver/googlecloudspannerreceiver/internal/metadata/metricsmetadata.go:118.43,127.3 2 3
github.com/open-telemetry/opentelemetry-collector-contrib/receiver/googlecloudspannerreceiver/internal/metadata/metricsmetadata.go:129.2,129.19 1 2
github.com/open-telemetry/opentelemetry-collector-contrib/receiver/googlecloudspannerreceiver/internal/metadata/metricsmetadata.go:132.69,133.40 1 9
github.com/open-telemetry/opentelemetry-collector-contrib/receiver/googlecloudspannerreceiver/internal/metadata/metricsmetadata.go:133.40,135.3 1 2
github.com/open-telemetry/opentelemetry-collector-contrib/receiver/googlecloudspannerreceiver/internal/metadata/metricsmetadata.go:136.2,136.41 1 7
github.com/open-telemetry/opentelemetry-collector-contrib/receiver/googlecloudspannerreceiver/internal/metadata/metricvalue.go:54.61,56.2 1 10
github.com/open-telemetry/opentelemetry-collector-contrib/receiver/googlecloudspannerreceiver/internal/metadata/metricvalue.go:58.81,60.2 1 5
github.com/open-telemetry/opentelemetry-collector-contrib/receiver/googlecloudspannerreceiver/internal/metadata/metricvalue.go:62.49,64.2 1 10
github.com/open-telemetry/opentelemetry-collector-contrib/receiver/googlecloudspannerreceiver/internal/metadata/metricvalue.go:66.55,68.2 1 14
github.com/open-telemetry/opentelemetry-collector-contrib/receiver/googlecloudspannerreceiver/internal/metadata/metricvalue.go:70.57,72.2 1 10
github.com/open-telemetry/opentelemetry-collector-contrib/receiver/googlecloudspannerreceiver/internal/metadata/metricvalue.go:74.57,76.2 1 85
github.com/open-telemetry/opentelemetry-collector-contrib/receiver/googlecloudspannerreceiver/internal/metadata/metricvalue.go:78.49,80.2 1 85
github.com/open-telemetry/opentelemetry-collector-contrib/receiver/googlecloudspannerreceiver/internal/metadata/metricvalue.go:82.58,84.2 1 103
github.com/open-telemetry/opentelemetry-collector-contrib/receiver/googlecloudspannerreceiver/internal/metadata/metricvalue.go:86.60,88.2 1 70
github.com/open-telemetry/opentelemetry-collector-contrib/receiver/googlecloudspannerreceiver/internal/metadata/metricvalue.go:90.64,92.2 1 0
github.com/open-telemetry/opentelemetry-collector-contrib/receiver/googlecloudspannerreceiver/internal/metadata/metricvalue.go:94.47,96.2 1 14
github.com/open-telemetry/opentelemetry-collector-contrib/receiver/googlecloudspannerreceiver/internal/metadata/metricvalue.go:98.49,100.2 1 14
github.com/open-telemetry/opentelemetry-collector-contrib/receiver/googlecloudspannerreceiver/internal/metadata/metricvalue.go:102.53,104.2 1 3
github.com/open-telemetry/opentelemetry-collector-contrib/receiver/googlecloudspannerreceiver/internal/metadata/metricvalue.go:106.69,108.2 1 10
github.com/open-telemetry/opentelemetry-collector-contrib/receiver/googlecloudspannerreceiver/internal/metadata/metricvalue.go:110.71,112.2 1 10
github.com/open-telemetry/opentelemetry-collector-contrib/receiver/googlecloudspannerreceiver/internal/metadata/metricvalue.go:114.75,115.19 1 2
github.com/open-telemetry/opentelemetry-collector-contrib/receiver/googlecloudspannerreceiver/internal/metadata/metricvalue.go:115.19,117.3 1 1
github.com/open-telemetry/opentelemetry-collector-contrib/receiver/googlecloudspannerreceiver/internal/metadata/metricvalue.go:117.8,119.3 1 1
github.com/open-telemetry/opentelemetry-collector-contrib/receiver/googlecloudspannerreceiver/internal/metadata/metricvalue.go:122.93,127.2 1 4
github.com/open-telemetry/opentelemetry-collector-contrib/receiver/googlecloudspannerreceiver/internal/metadata/metricvalue.go:129.95,134.2 1 3
github.com/open-telemetry/opentelemetry-collector-contrib/receiver/googlecloudspannerreceiver/internal/metadata/metricvalue.go:136.99,141.2 1 1
github.com/open-telemetry/opentelemetry-collector-contrib/receiver/googlecloudspannerreceiver/internal/metadata/metricvalue.go:144.52,149.19 3 48
github.com/open-telemetry/opentelemetry-collector-contrib/receiver/googlecloudspannerreceiver/internal/metadata/metricvalue.go:150.20,152.40 2 23
github.com/open-telemetry/opentelemetry-collector-contrib/receiver/googlecloudspannerreceiver/internal/metadata/metricvalue.go:152.40,155.4 2 6
github.com/open-telemetry/opentelemetry-collector-contrib/receiver/googlecloudspannerreceiver/internal/metadata/metricvalue.go:156.22,158.40 2 21
github.com/open-telemetry/opentelemetry-collector-contrib/receiver/googlecloudspannerreceiver/internal/metadata/metricvalue.go:158.40,161.4 2 3
github.com/open-telemetry/opentelemetry-collector-contrib/receiver/googlecloudspannerreceiver/internal/metadata/metricvalue.go:162.26,164.40 2 3
github.com/open-telemetry/opentelemetry-collector-contrib/receiver/googlecloudspannerreceiver/internal/metadata/metricvalue.go:164.40,167.4 2 1
github.com/open-telemetry/opentelemetry-collector-contrib/receiver/googlecloudspannerreceiver/internal/metadata/metricvalue.go:168.125,169.14 1 1
github.com/open-telemetry/opentelemetry-collector-contrib/receiver/googlecloudspannerreceiver/internal/metadata/metricvalue.go:170.10,171.82 1 1
github.com/open-telemetry/opentelemetry-collector-contrib/receiver/googlecloudspannerreceiver/internal/metadata/metricvalue.go:174.2,182.8 1 47
github.com/open-telemetry/opentelemetry-collector-contrib/receiver/googlecloudspannerreceiver/internal/statsreader/currentstatsreader.go:43.43,52.2 1 2
github.com/open-telemetry/opentelemetry-collector-contrib/receiver/googlecloudspannerreceiver/internal/statsreader/currentstatsreader.go:54.49,57.2 1 2
github.com/open-telemetry/opentelemetry-collector-contrib/receiver/googlecloudspannerreceiver/internal/statsreader/currentstatsreader.go:59.99,65.2 3 0
github.com/open-telemetry/opentelemetry-collector-contrib/receiver/googlecloudspannerreceiver/internal/statsreader/currentstatsreader.go:67.69,74.2 2 1
github.com/open-telemetry/opentelemetry-collector-contrib/receiver/googlecloudspannerreceiver/internal/statsreader/currentstatsreader.go:76.120,78.66 2 0
github.com/open-telemetry/opentelemetry-collector-contrib/receiver/googlecloudspannerreceiver/internal/statsreader/currentstatsreader.go:78.66,80.3 1 0
github.com/open-telemetry/opentelemetry-collector-contrib/receiver/googlecloudspannerreceiver/internal/statsreader/currentstatsreader.go:81.2,86.6 4 0
github.com/open-telemetry/opentelemetry-collector-contrib/receiver/googlecloudspannerreceiver/internal/statsreader/currentstatsreader.go:86.6,88.17 2 0
github.com/open-telemetry/opentelemetry-collector-contrib/receiver/googlecloudspannerreceiver/internal/statsreader/currentstatsreader.go:88.17,89.37 1 0
github.com/open-telemetry/opentelemetry-collector-contrib/receiver/googlecloudspannerreceiver/internal/statsreader/currentstatsreader.go:89.37,91.5 1 0
github.com/open-telemetry/opentelemetry-collector-contrib/receiver/googlecloudspannerreceiver/internal/statsreader/currentstatsreader.go:92.4,92.85 1 0
github.com/open-telemetry/opentelemetry-collector-contrib/receiver/googlecloudspannerreceiver/internal/statsreader/currentstatsreader.go:95.3,96.17 2 0
github.com/open-telemetry/opentelemetry-collector-contrib/receiver/googlecloudspannerreceiver/internal/statsreader/currentstatsreader.go:96.17,98.4 1 0
github.com/open-telemetry/opentelemetry-collector-contrib/receiver/googlecloudspannerreceiver/internal/statsreader/currentstatsreader.go:100.3,100.77 1 0
github.com/open-telemetry/opentelemetry-collector-contrib/receiver/googlecloudspannerreceiver/internal/statsreader/currentstatsreader.go:104.57,106.2 1 2
github.com/open-telemetry/opentelemetry-collector-contrib/receiver/googlecloudspannerreceiver/internal/statsreader/databasereader.go:29.47,32.16 2 2
github.com/open-telemetry/opentelemetry-collector-contrib/receiver/googlecloudspannerreceiver/internal/statsreader/databasereader.go:32.16,34.3 1 1
github.com/open-telemetry/opentelemetry-collector-contrib/receiver/googlecloudspannerreceiver/internal/statsreader/databasereader.go:36.2,42.8 2 1
github.com/open-telemetry/opentelemetry-collector-contrib/receiver/googlecloudspannerreceiver/internal/statsreader/databasereader.go:46.69,49.39 2 2
github.com/open-telemetry/opentelemetry-collector-contrib/receiver/googlecloudspannerreceiver/internal/statsreader/databasereader.go:49.39,50.31 1 2
github.com/open-telemetry/opentelemetry-collector-contrib/receiver/googlecloudspannerreceiver/internal/statsreader/databasereader.go:51.49,52.77 1 1
github.com/open-telemetry/opentelemetry-collector-contrib/receiver/googlecloudspannerreceiver/internal/statsreader/databasereader.go:53.50,54.78 1 1
github.com/open-telemetry/opentelemetry-collector-contrib/receiver/googlecloudspannerreceiver/internal/statsreader/databasereader.go:58.2,58.16 1 2
github.com/open-telemetry/opentelemetry-collector-contrib/receiver/googlecloudspannerreceiver/internal/statsreader/databasereader.go:61.53,63.2 1 1
github.com/open-telemetry/opentelemetry-collector-contrib/receiver/googlecloudspannerreceiver/internal/statsreader/databasereader.go:65.50,69.2 2 5
github.com/open-telemetry/opentelemetry-collector-contrib/receiver/googlecloudspannerreceiver/internal/statsreader/databasereader.go:71.103,80.48 3 2
github.com/open-telemetry/opentelemetry-collector-contrib/receiver/googlecloudspannerreceiver/internal/statsreader/databasereader.go:80.48,82.21 2 2
github.com/open-telemetry/opentelemetry-collector-contrib/receiver/googlecloudspannerreceiver/internal/statsreader/databasereader.go:82.21,85.4 1 1
github.com/open-telemetry/opentelemetry-collector-contrib/receiver/googlecloudspannerreceiver/internal/statsreader/databasereader.go:85.9,87.4 1 1
github.com/open-telemetry/opentelemetry-collector-contrib/receiver/googlecloudspannerreceiver/internal/statsreader/databasereader.go:90.2,90.35 1 2
github.com/open-telemetry/opentelemetry-collector-contrib/receiver/googlecloudspannerreceiver/internal/statsreader/databasereader.go:90.35,92.3 1 0
github.com/open-telemetry/opentelemetry-collector-contrib/receiver/googlecloudspannerreceiver/internal/statsreader/databasereader.go:94.2,94.20 1 2
github.com/open-telemetry/opentelemetry-collector-contrib/receiver/googlecloudspannerreceiver/internal/statsreader/intervalstatsreader.go:39.44,59.2 3 3
github.com/open-telemetry/opentelemetry-collector-contrib/receiver/googlecloudspannerreceiver/internal/statsreader/intervalstatsreader.go:61.100,71.47 5 0
github.com/open-telemetry/opentelemetry-collector-contrib/receiver/googlecloudspannerreceiver/internal/statsreader/intervalstatsreader.go:71.47,74.64 2 0
github.com/open-telemetry/opentelemetry-collector-contrib/receiver/googlecloudspannerreceiver/internal/statsreader/intervalstatsreader.go:74.64,76.4 1 0
github.com/open-telemetry/opentelemetry-collector-contrib/receiver/googlecloudspannerreceiver/internal/statsreader/intervalstatsreader.go:77.3,78.17 2 0
github.com/open-telemetry/opentelemetry-collector-contrib/receiver/googlecloudspannerreceiver/internal/statsreader/intervalstatsreader.go:78.17,80.4 1 0
github.com/open-telemetry/opentelemetry-collector-contrib/receiver/googlecloudspannerreceiver/internal/statsreader/intervalstatsreader.go:81.3,82.121 2 0
github.com/open-telemetry/opentelemetry-collector-contrib/receiver/googlecloudspannerreceiver/internal/statsreader/intervalstatsreader.go:82.121,83.41 1 0
github.com/open-telemetry/opentelemetry-collector-contrib/receiver/googlecloudspannerreceiver/internal/statsreader/intervalstatsreader.go:83.41,85.5 1 0
github.com/open-telemetry/opentelemetry-collector-contrib/receiver/googlecloudspannerreceiver/internal/statsreader/intervalstatsreader.go:87.3,87.101 1 0
github.com/open-telemetry/opentelemetry-collector-contrib/receiver/googlecloudspannerreceiver/internal/statsreader/intervalstatsreader.go:87.101,88.41 1 0
github.com/open-telemetry/opentelemetry-collector-contrib/receiver/googlecloudspannerreceiver/internal/statsreader/intervalstatsreader.go:88.41,90.5 1 0
github.com/open-telemetry/opentelemetry-collector-contrib/receiver/googlecloudspannerreceiver/internal/statsreader/intervalstatsreader.go:93.3,93.67 1 0
github.com/open-telemetry/opentelemetry-collector-contrib/receiver/googlecloudspannerreceiver/internal/statsreader/intervalstatsreader.go:96.2,98.33 2 0
github.com/open-telemetry/opentelemetry-collector-contrib/receiver/googlecloudspannerreceiver/internal/statsreader/intervalstatsreader.go:101.93,110.2 2 1
github.com/open-telemetry/opentelemetry-collector-contrib/receiver/googlecloudspannerreceiver/internal/statsreader/intervalstatsreader.go:112.63,114.2 1 1
github.com/open-telemetry/opentelemetry-collector-contrib/receiver/googlecloudspannerreceiver/internal/statsreader/projectreader.go:22.93,27.2 1 1
github.com/open-telemetry/opentelemetry-collector-contrib/receiver/googlecloudspannerreceiver/internal/statsreader/projectreader.go:29.48,30.63 1 5
github.com/open-telemetry/opentelemetry-collector-contrib/receiver/googlecloudspannerreceiver/internal/statsreader/projectreader.go:30.63,34.3 2 4
github.com/open-telemetry/opentelemetry-collector-contrib/receiver/googlecloudspannerreceiver/internal/statsreader/projectreader.go:37.101,43.63 2 2
github.com/open-telemetry/opentelemetry-collector-contrib/receiver/googlecloudspannerreceiver/internal/statsreader/projectreader.go:43.63,46.21 3 2
github.com/open-telemetry/opentelemetry-collector-contrib/receiver/googlecloudspannerreceiver/internal/statsreader/projectreader.go:46.21,48.4 1 1
github.com/open-telemetry/opentelemetry-collector-contrib/receiver/googlecloudspannerreceiver/internal/statsreader/projectreader.go:51.2,51.35 1 2
github.com/open-telemetry/opentelemetry-collector-contrib/receiver/googlecloudspannerreceiver/internal/statsreader/projectreader.go:51.35,53.3 1 0
github.com/open-telemetry/opentelemetry-collector-contrib/receiver/googlecloudspannerreceiver/internal/statsreader/projectreader.go:55.2,55.20 1 2
github.com/open-telemetry/opentelemetry-collector-contrib/receiver/googlecloudspannerreceiver/internal/statsreader/projectreader.go:58.51,61.63 2 1
github.com/open-telemetry/opentelemetry-collector-contrib/receiver/googlecloudspannerreceiver/internal/statsreader/projectreader.go:61.63,63.3 1 1
github.com/open-telemetry/opentelemetry-collector-contrib/receiver/googlecloudspannerreceiver/internal/statsreader/projectreader.go:65.2,65.72 1 1
github.com/open-telemetry/opentelemetry-collector-contrib/receiver/googlecloudspannerreceiver/internal/statsreader/statements.go:31.63,34.37 2 6
github.com/open-telemetry/opentelemetry-collector-contrib/receiver/googlecloudspannerreceiver/internal/statsreader/statements.go:34.37,41.3 1 4
github.com/open-telemetry/opentelemetry-collector-contrib/receiver/googlecloudspannerreceiver/internal/statsreader/statements.go:43.2,46.3 1 6
github.com/open-telemetry/opentelemetry-collector-contrib/receiver/googlecloudspannerreceiver/internal/statsreader/statements.go:49.64,52.37 2 3
github.com/open-telemetry/opentelemetry-collector-contrib/receiver/googlecloudspannerreceiver/internal/statsreader/statements.go:52.37,54.3 1 1
github.com/open-telemetry/opentelemetry-collector-contrib/receiver/googlecloudspannerreceiver/internal/statsreader/statements.go:56.2,58.13 2 3
github.com/open-telemetry/opentelemetry-collector-contrib/receiver/googlecloudspannerreceiver/internal/statsreader/timestampsgenerator.go:15.102,19.32 3 7
github.com/open-telemetry/opentelemetry-collector-contrib/receiver/googlecloudspannerreceiver/internal/statsreader/timestampsgenerator.go:19.32,20.24 1 2
github.com/open-telemetry/opentelemetry-collector-contrib/receiver/googlecloudspannerreceiver/internal/statsreader/timestampsgenerator.go:20.24,23.4 1 1
github.com/open-telemetry/opentelemetry-collector-contrib/receiver/googlecloudspannerreceiver/internal/statsreader/timestampsgenerator.go:23.9,25.4 1 1
github.com/open-telemetry/opentelemetry-collector-contrib/receiver/googlecloudspannerreceiver/internal/statsreader/timestampsgenerator.go:26.8,29.3 1 5
github.com/open-telemetry/opentelemetry-collector-contrib/receiver/googlecloudspannerreceiver/internal/statsreader/timestampsgenerator.go:31.2,31.19 1 7
github.com/open-telemetry/opentelemetry-collector-contrib/receiver/googlecloudspannerreceiver/internal/statsreader/timestampsgenerator.go:36.117,39.99 2 8
github.com/open-telemetry/opentelemetry-collector-contrib/receiver/googlecloudspannerreceiver/internal/statsreader/timestampsgenerator.go:39.99,41.3 1 190
github.com/open-telemetry/opentelemetry-collector-contrib/receiver/googlecloudspannerreceiver/internal/statsreader/timestampsgenerator.go:44.2,44.73 1 8
github.com/open-telemetry/opentelemetry-collector-contrib/receiver/googlecloudspannerreceiver/internal/statsreader/timestampsgenerator.go:44.73,46.3 1 5
github.com/open-telemetry/opentelemetry-collector-contrib/receiver/googlecloudspannerreceiver/internal/statsreader/timestampsgenerator.go:48.2,48.19 1 8
github.com/open-telemetry/opentelemetry-collector-contrib/receiver/googlecloudspannerreceiver/internal/statsreader/timestampsgenerator.go:51.52,53.2 1 9
github.com/open-telemetry/opentelemetry-collector-contrib/receiver/googlecloudspannerreceiver/internal/statsreader/timestampsgenerator.go:55.85,57.2 1 5
github.com/open-telemetry/opentelemetry-collector-contrib/receiver/googlecloudspannerreceiver/internal/metadataparser/label.go:16.80,18.2 1 15
github.com/open-telemetry/opentelemetry-collector-contrib/receiver/googlecloudspannerreceiver/internal/metadataparser/metadata.go:18.72,20.16 2 6
github.com/open-telemetry/opentelemetry-collector-contrib/receiver/googlecloudspannerreceiver/internal/metadataparser/metadata.go:20.16,22.3 1 2
github.com/open-telemetry/opentelemetry-collector-contrib/receiver/googlecloudspannerreceiver/internal/metadataparser/metadata.go:24.2,25.16 2 4
github.com/open-telemetry/opentelemetry-collector-contrib/receiver/googlecloudspannerreceiver/internal/metadataparser/metadata.go:25.16,27.3 1 1
github.com/open-telemetry/opentelemetry-collector-contrib/receiver/googlecloudspannerreceiver/internal/metadataparser/metadata.go:29.2,37.8 1 3
github.com/open-telemetry/opentelemetry-collector-contrib/receiver/googlecloudspannerreceiver/internal/metadataparser/metadata.go:40.82,43.33 2 8
github.com/open-telemetry/opentelemetry-collector-contrib/receiver/googlecloudspannerreceiver/internal/metadataparser/metadata.go:43.33,45.17 2 8
github.com/open-telemetry/opentelemetry-collector-contrib/receiver/googlecloudspannerreceiver/internal/metadataparser/metadata.go:45.17,47.4 1 3
github.com/open-telemetry/opentelemetry-collector-contrib/receiver/googlecloudspannerreceiver/internal/metadataparser/metadata.go:49.3,49.28 1 5
github.com/open-telemetry/opentelemetry-collector-contrib/receiver/googlecloudspannerreceiver/internal/metadataparser/metadata.go:52.2,52.28 1 5
github.com/open-telemetry/opentelemetry-collector-contrib/receiver/googlecloudspannerreceiver/internal/metadataparser/metadata.go:55.84,57.35 2 6
github.com/open-telemetry/opentelemetry-collector-contrib/receiver/googlecloudspannerreceiver/internal/metadataparser/metadata.go:57.35,59.17 2 6
github.com/open-telemetry/opentelemetry-collector-contrib/receiver/googlecloudspannerreceiver/internal/metadataparser/metadata.go:59.17,61.4 1 2
github.com/open-telemetry/opentelemetry-collector-contrib/receiver/googlecloudspannerreceiver/internal/metadataparser/metadata.go:63.3,63.28 1 4
github.com/open-telemetry/opentelemetry-collector-contrib/receiver/googlecloudspannerreceiver/internal/metadataparser/metadata.go:66.2,66.28 1 4
github.com/open-telemetry/opentelemetry-collector-contrib/receiver/googlecloudspannerreceiver/internal/metadataparser/metadataparser.go:12.91,16.16 3 3
github.com/open-telemetry/opentelemetry-collector-contrib/receiver/googlecloudspannerreceiver/internal/metadataparser/metadataparser.go:16.16,18.3 1 1
github.com/open-telemetry/opentelemetry-collector-contrib/receiver/googlecloudspannerreceiver/internal/metadataparser/metadataparser.go:20.2,22.49 2 2
github.com/open-telemetry/opentelemetry-collector-contrib/receiver/googlecloudspannerreceiver/internal/metadataparser/metadataparser.go:22.49,24.17 2 3
github.com/open-telemetry/opentelemetry-collector-contrib/receiver/googlecloudspannerreceiver/internal/metadataparser/metadataparser.go:24.17,26.4 1 1
github.com/open-telemetry/opentelemetry-collector-contrib/receiver/googlecloudspannerreceiver/internal/metadataparser/metadataparser.go:28.3,28.20 1 2
github.com/open-telemetry/opentelemetry-collector-contrib/receiver/googlecloudspannerreceiver/internal/metadataparser/metadataparser.go:31.2,31.20 1 1
github.com/open-telemetry/opentelemetry-collector-contrib/receiver/googlecloudspannerreceiver/internal/metadataparser/metric.go:18.84,20.16 2 14
github.com/open-telemetry/opentelemetry-collector-contrib/receiver/googlecloudspannerreceiver/internal/metadataparser/metric.go:20.16,22.3 1 2
github.com/open-telemetry/opentelemetry-collector-contrib/receiver/googlecloudspannerreceiver/internal/metadataparser/metric.go:24.2,24.113 1 12
github.com/open-telemetry/opentelemetry-collector-contrib/receiver/googlecloudspannerreceiver/internal/metadataparser/metrictype.go:36.69,39.29 2 20
github.com/open-telemetry/opentelemetry-collector-contrib/receiver/googlecloudspannerreceiver/internal/metadataparser/metrictype.go:40.27,41.37 1 12
github.com/open-telemetry/opentelemetry-collector-contrib/receiver/googlecloudspannerreceiver/internal/metadataparser/metrictype.go:42.25,43.35 1 4
github.com/open-telemetry/opentelemetry-collector-contrib/receiver/googlecloudspannerreceiver/internal/metadataparser/metrictype.go:44.29,45.14 1 3
github.com/open-telemetry/opentelemetry-collector-contrib/receiver/googlecloudspannerreceiver/internal/metadataparser/metrictype.go:46.10,47.75 1 4
github.com/open-telemetry/opentelemetry-collector-contrib/receiver/googlecloudspannerreceiver/internal/metadataparser/metrictype.go:50.2,50.22 1 16
github.com/open-telemetry/opentelemetry-collector-contrib/receiver/googlecloudspannerreceiver/internal/metadataparser/metrictype.go:53.95,56.32 2 18
github.com/open-telemetry/opentelemetry-collector-contrib/receiver/googlecloudspannerreceiver/internal/metadataparser/metrictype.go:57.28,58.63 1 4
github.com/open-telemetry/opentelemetry-collector-contrib/receiver/googlecloudspannerreceiver/internal/metadataparser/metrictype.go:59.33,60.68 1 2
github.com/open-telemetry/opentelemetry-collector-contrib/receiver/googlecloudspannerreceiver/internal/metadataparser/metrictype.go:61.10,62.69 1 10
github.com/open-telemetry/opentelemetry-collector-contrib/receiver/googlecloudspannerreceiver/internal/metadataparser/metrictype.go:63.30,64.14 1 1
github.com/open-telemetry/opentelemetry-collector-contrib/receiver/googlecloudspannerreceiver/internal/metadataparser/metrictype.go:65.10,66.107 1 2
github.com/open-telemetry/opentelemetry-collector-contrib/receiver/googlecloudspannerreceiver/internal/metadataparser/metrictype.go:69.2,69.36 1 16
github.com/open-telemetry/opentelemetry-collector-contrib/receiver/googlecloudspannerreceiver/internal/metadataparser/metrictype.go:72.74,74.16 2 17
github.com/open-telemetry/opentelemetry-collector-contrib/receiver/googlecloudspannerreceiver/internal/metadataparser/metrictype.go:74.16,76.3 1 3
github.com/open-telemetry/opentelemetry-collector-contrib/receiver/googlecloudspannerreceiver/internal/metadataparser/metrictype.go:78.2,79.16 2 14
github.com/open-telemetry/opentelemetry-collector-contrib/receiver/googlecloudspannerreceiver/internal/metadataparser/metrictype.go:79.16,81.3 1 1
github.com/open-telemetry/opentelemetry-collector-contrib/receiver/googlecloudspannerreceiver/internal/metadataparser/metrictype.go:83.2,83.92 1 13
