mode: set
github.com/open-telemetry/opentelemetry-collector-contrib/receiver/prometheusreceiver/internal/appendable.go:45.31,47.25 2 1
github.com/open-telemetry/opentelemetry-collector-contrib/receiver/prometheusreceiver/internal/appendable.go:47.25,49.3 1 1
github.com/open-telemetry/opentelemetry-collector-contrib/receiver/prometheusreceiver/internal/appendable.go:49.8,51.3 1 0
github.com/open-telemetry/opentelemetry-collector-contrib/receiver/prometheusreceiver/internal/appendable.go:53.2,54.16 2 1
github.com/open-telemetry/opentelemetry-collector-contrib/receiver/prometheusreceiver/internal/appendable.go:54.16,56.3 1 0
github.com/open-telemetry/opentelemetry-collector-contrib/receiver/prometheusreceiver/internal/appendable.go:58.2,69.8 1 1
github.com/open-telemetry/opentelemetry-collector-contrib/receiver/prometheusreceiver/internal/appendable.go:72.69,74.2 1 1
github.com/open-telemetry/opentelemetry-collector-contrib/receiver/prometheusreceiver/internal/logger.go:19.66,24.2 2 1
github.com/open-telemetry/opentelemetry-collector-contrib/receiver/prometheusreceiver/internal/logger.go:36.58,38.25 1 1
github.com/open-telemetry/opentelemetry-collector-contrib/receiver/prometheusreceiver/internal/logger.go:38.25,43.3 3 1
github.com/open-telemetry/opentelemetry-collector-contrib/receiver/prometheusreceiver/internal/logger.go:43.8,46.3 1 0
github.com/open-telemetry/opentelemetry-collector-contrib/receiver/prometheusreceiver/internal/logger.go:47.2,47.12 1 1
github.com/open-telemetry/opentelemetry-collector-contrib/receiver/prometheusreceiver/internal/logger.go:50.44,55.39 2 1
github.com/open-telemetry/opentelemetry-collector-contrib/receiver/prometheusreceiver/internal/logger.go:55.39,59.43 3 1
github.com/open-telemetry/opentelemetry-collector-contrib/receiver/prometheusreceiver/internal/logger.go:59.43,61.12 2 1
github.com/open-telemetry/opentelemetry-collector-contrib/receiver/prometheusreceiver/internal/logger.go:64.3,64.45 1 1
github.com/open-telemetry/opentelemetry-collector-contrib/receiver/prometheusreceiver/internal/logger.go:64.45,66.12 2 1
github.com/open-telemetry/opentelemetry-collector-contrib/receiver/prometheusreceiver/internal/logger.go:69.3,69.42 1 1
github.com/open-telemetry/opentelemetry-collector-contrib/receiver/prometheusreceiver/internal/logger.go:69.42,71.12 2 1
github.com/open-telemetry/opentelemetry-collector-contrib/receiver/prometheusreceiver/internal/logger.go:74.3,74.52 1 1
github.com/open-telemetry/opentelemetry-collector-contrib/receiver/prometheusreceiver/internal/logger.go:77.2,77.11 1 1
github.com/open-telemetry/opentelemetry-collector-contrib/receiver/prometheusreceiver/internal/logger.go:81.51,82.57 1 1
github.com/open-telemetry/opentelemetry-collector-contrib/receiver/prometheusreceiver/internal/logger.go:82.57,84.3 1 1
github.com/open-telemetry/opentelemetry-collector-contrib/receiver/prometheusreceiver/internal/logger.go:86.2,87.9 2 1
github.com/open-telemetry/opentelemetry-collector-contrib/receiver/prometheusreceiver/internal/logger.go:87.9,89.3 1 0
github.com/open-telemetry/opentelemetry-collector-contrib/receiver/prometheusreceiver/internal/logger.go:90.2,90.18 1 1
github.com/open-telemetry/opentelemetry-collector-contrib/receiver/prometheusreceiver/internal/logger.go:94.54,96.31 2 1
github.com/open-telemetry/opentelemetry-collector-contrib/receiver/prometheusreceiver/internal/logger.go:96.31,98.3 1 1
github.com/open-telemetry/opentelemetry-collector-contrib/receiver/prometheusreceiver/internal/logger.go:100.2,101.9 2 1
github.com/open-telemetry/opentelemetry-collector-contrib/receiver/prometheusreceiver/internal/logger.go:101.9,103.3 1 1
github.com/open-telemetry/opentelemetry-collector-contrib/receiver/prometheusreceiver/internal/logger.go:104.2,104.23 1 1
github.com/open-telemetry/opentelemetry-collector-contrib/receiver/prometheusreceiver/internal/logger.go:110.45,112.29 2 1
github.com/open-telemetry/opentelemetry-collector-contrib/receiver/prometheusreceiver/internal/logger.go:112.29,114.3 1 1
github.com/open-telemetry/opentelemetry-collector-contrib/receiver/prometheusreceiver/internal/logger.go:116.2,117.9 2 1
github.com/open-telemetry/opentelemetry-collector-contrib/receiver/prometheusreceiver/internal/logger.go:117.9,119.3 1 1
github.com/open-telemetry/opentelemetry-collector-contrib/receiver/prometheusreceiver/internal/logger.go:120.2,120.18 1 1
github.com/open-telemetry/opentelemetry-collector-contrib/receiver/prometheusreceiver/internal/logger.go:126.83,127.13 1 1
github.com/open-telemetry/opentelemetry-collector-contrib/receiver/prometheusreceiver/internal/logger.go:128.26,129.23 1 1
github.com/open-telemetry/opentelemetry-collector-contrib/receiver/prometheusreceiver/internal/logger.go:130.25,131.22 1 1
github.com/open-telemetry/opentelemetry-collector-contrib/receiver/prometheusreceiver/internal/logger.go:132.25,133.22 1 1
github.com/open-telemetry/opentelemetry-collector-contrib/receiver/prometheusreceiver/internal/logger.go:134.26,135.23 1 1
github.com/open-telemetry/opentelemetry-collector-contrib/receiver/prometheusreceiver/internal/logger.go:139.2,139.21 1 0
github.com/open-telemetry/opentelemetry-collector-contrib/receiver/prometheusreceiver/internal/metadata.go:46.107,47.60 1 1
github.com/open-telemetry/opentelemetry-collector-contrib/receiver/prometheusreceiver/internal/metadata.go:47.60,49.3 1 1
github.com/open-telemetry/opentelemetry-collector-contrib/receiver/prometheusreceiver/internal/metadata.go:50.2,50.52 1 1
github.com/open-telemetry/opentelemetry-collector-contrib/receiver/prometheusreceiver/internal/metadata.go:50.52,52.3 1 1
github.com/open-telemetry/opentelemetry-collector-contrib/receiver/prometheusreceiver/internal/metadata.go:55.2,56.56 2 1
github.com/open-telemetry/opentelemetry-collector-contrib/receiver/prometheusreceiver/internal/metadata.go:56.56,57.47 1 1
github.com/open-telemetry/opentelemetry-collector-contrib/receiver/prometheusreceiver/internal/metadata.go:57.47,59.4 1 0
github.com/open-telemetry/opentelemetry-collector-contrib/receiver/prometheusreceiver/internal/metadata.go:60.3,60.35 1 1
github.com/open-telemetry/opentelemetry-collector-contrib/receiver/prometheusreceiver/internal/metadata.go:63.2,66.15 1 1
github.com/open-telemetry/opentelemetry-collector-contrib/receiver/prometheusreceiver/internal/metadata.go:71.66,73.2 1 0
github.com/open-telemetry/opentelemetry-collector-contrib/receiver/prometheusreceiver/internal/metadata.go:75.77,77.2 1 0
github.com/open-telemetry/opentelemetry-collector-contrib/receiver/prometheusreceiver/internal/metadata.go:79.46,81.2 1 0
github.com/open-telemetry/opentelemetry-collector-contrib/receiver/prometheusreceiver/internal/metadata.go:83.48,85.2 1 0
github.com/open-telemetry/opentelemetry-collector-contrib/receiver/prometheusreceiver/internal/metricfamily.go:59.138,63.23 2 1
github.com/open-telemetry/opentelemetry-collector-contrib/receiver/prometheusreceiver/internal/metricfamily.go:63.23,65.3 1 1
github.com/open-telemetry/opentelemetry-collector-contrib/receiver/prometheusreceiver/internal/metricfamily.go:67.2,68.38 2 1
github.com/open-telemetry/opentelemetry-collector-contrib/receiver/prometheusreceiver/internal/metricfamily.go:68.38,70.3 1 0
github.com/open-telemetry/opentelemetry-collector-contrib/receiver/prometheusreceiver/internal/metricfamily.go:72.2,78.3 1 1
github.com/open-telemetry/opentelemetry-collector-contrib/receiver/prometheusreceiver/internal/metricfamily.go:82.64,83.41 1 1
github.com/open-telemetry/opentelemetry-collector-contrib/receiver/prometheusreceiver/internal/metricfamily.go:83.41,87.3 1 1
github.com/open-telemetry/opentelemetry-collector-contrib/receiver/prometheusreceiver/internal/metricfamily.go:89.2,89.30 1 0
github.com/open-telemetry/opentelemetry-collector-contrib/receiver/prometheusreceiver/internal/metricfamily.go:92.37,93.50 1 1
github.com/open-telemetry/opentelemetry-collector-contrib/receiver/prometheusreceiver/internal/metricfamily.go:93.50,95.3 1 1
github.com/open-telemetry/opentelemetry-collector-contrib/receiver/prometheusreceiver/internal/metricfamily.go:98.82,99.18 1 1
github.com/open-telemetry/opentelemetry-collector-contrib/receiver/prometheusreceiver/internal/metricfamily.go:99.18,101.3 1 1
github.com/open-telemetry/opentelemetry-collector-contrib/receiver/prometheusreceiver/internal/metricfamily.go:103.2,109.15 5 1
github.com/open-telemetry/opentelemetry-collector-contrib/receiver/prometheusreceiver/internal/metricfamily.go:109.15,110.10 1 1
github.com/open-telemetry/opentelemetry-collector-contrib/receiver/prometheusreceiver/internal/metricfamily.go:111.25,112.40 1 1
github.com/open-telemetry/opentelemetry-collector-contrib/receiver/prometheusreceiver/internal/metricfamily.go:112.40,114.5 1 0
github.com/open-telemetry/opentelemetry-collector-contrib/receiver/prometheusreceiver/internal/metricfamily.go:115.4,117.53 3 1
github.com/open-telemetry/opentelemetry-collector-contrib/receiver/prometheusreceiver/internal/metricfamily.go:118.26,119.41 1 1
github.com/open-telemetry/opentelemetry-collector-contrib/receiver/prometheusreceiver/internal/metricfamily.go:119.41,121.5 1 0
github.com/open-telemetry/opentelemetry-collector-contrib/receiver/prometheusreceiver/internal/metricfamily.go:122.4,124.57 3 1
github.com/open-telemetry/opentelemetry-collector-contrib/receiver/prometheusreceiver/internal/metricfamily.go:126.8,129.80 2 1
github.com/open-telemetry/opentelemetry-collector-contrib/receiver/prometheusreceiver/internal/metricfamily.go:129.80,131.4 1 1
github.com/open-telemetry/opentelemetry-collector-contrib/receiver/prometheusreceiver/internal/metricfamily.go:134.3,138.38 4 1
github.com/open-telemetry/opentelemetry-collector-contrib/receiver/prometheusreceiver/internal/metricfamily.go:138.38,145.20 3 1
github.com/open-telemetry/opentelemetry-collector-contrib/receiver/prometheusreceiver/internal/metricfamily.go:145.20,147.5 1 1
github.com/open-telemetry/opentelemetry-collector-contrib/receiver/prometheusreceiver/internal/metricfamily.go:147.10,147.21 1 1
github.com/open-telemetry/opentelemetry-collector-contrib/receiver/prometheusreceiver/internal/metricfamily.go:147.21,149.5 1 1
github.com/open-telemetry/opentelemetry-collector-contrib/receiver/prometheusreceiver/internal/metricfamily.go:150.4,150.43 1 1
github.com/open-telemetry/opentelemetry-collector-contrib/receiver/prometheusreceiver/internal/metricfamily.go:154.3,155.19 2 1
github.com/open-telemetry/opentelemetry-collector-contrib/receiver/prometheusreceiver/internal/metricfamily.go:155.19,157.4 1 1
github.com/open-telemetry/opentelemetry-collector-contrib/receiver/prometheusreceiver/internal/metricfamily.go:157.9,157.29 1 1
github.com/open-telemetry/opentelemetry-collector-contrib/receiver/prometheusreceiver/internal/metricfamily.go:157.29,159.4 1 1
github.com/open-telemetry/opentelemetry-collector-contrib/receiver/prometheusreceiver/internal/metricfamily.go:160.3,160.54 1 1
github.com/open-telemetry/opentelemetry-collector-contrib/receiver/prometheusreceiver/internal/metricfamily.go:163.2,165.18 2 1
github.com/open-telemetry/opentelemetry-collector-contrib/receiver/prometheusreceiver/internal/metricfamily.go:165.18,167.3 1 1
github.com/open-telemetry/opentelemetry-collector-contrib/receiver/prometheusreceiver/internal/metricfamily.go:167.8,169.16 2 1
github.com/open-telemetry/opentelemetry-collector-contrib/receiver/prometheusreceiver/internal/metricfamily.go:169.16,171.4 1 1
github.com/open-telemetry/opentelemetry-collector-contrib/receiver/prometheusreceiver/internal/metricfamily.go:174.2,179.28 4 1
github.com/open-telemetry/opentelemetry-collector-contrib/receiver/prometheusreceiver/internal/metricfamily.go:179.28,181.3 1 1
github.com/open-telemetry/opentelemetry-collector-contrib/receiver/prometheusreceiver/internal/metricfamily.go:181.8,181.51 1 1
github.com/open-telemetry/opentelemetry-collector-contrib/receiver/prometheusreceiver/internal/metricfamily.go:181.51,184.3 1 1
github.com/open-telemetry/opentelemetry-collector-contrib/receiver/prometheusreceiver/internal/metricfamily.go:185.2,187.36 3 1
github.com/open-telemetry/opentelemetry-collector-contrib/receiver/prometheusreceiver/internal/metricfamily.go:192.106,193.18 1 1
github.com/open-telemetry/opentelemetry-collector-contrib/receiver/prometheusreceiver/internal/metricfamily.go:193.18,195.3 1 0
github.com/open-telemetry/opentelemetry-collector-contrib/receiver/prometheusreceiver/internal/metricfamily.go:196.2,200.9 3 1
github.com/open-telemetry/opentelemetry-collector-contrib/receiver/prometheusreceiver/internal/metricfamily.go:201.25,204.31 2 1
github.com/open-telemetry/opentelemetry-collector-contrib/receiver/prometheusreceiver/internal/metricfamily.go:204.31,207.4 1 0
github.com/open-telemetry/opentelemetry-collector-contrib/receiver/prometheusreceiver/internal/metricfamily.go:207.9,218.33 6 1
github.com/open-telemetry/opentelemetry-collector-contrib/receiver/prometheusreceiver/internal/metricfamily.go:218.33,221.5 2 1
github.com/open-telemetry/opentelemetry-collector-contrib/receiver/prometheusreceiver/internal/metricfamily.go:222.4,222.33 1 1
github.com/open-telemetry/opentelemetry-collector-contrib/receiver/prometheusreceiver/internal/metricfamily.go:222.33,225.5 2 1
github.com/open-telemetry/opentelemetry-collector-contrib/receiver/prometheusreceiver/internal/metricfamily.go:228.24,231.30 2 1
github.com/open-telemetry/opentelemetry-collector-contrib/receiver/prometheusreceiver/internal/metricfamily.go:231.30,234.4 1 1
github.com/open-telemetry/opentelemetry-collector-contrib/receiver/prometheusreceiver/internal/metricfamily.go:234.9,241.32 6 1
github.com/open-telemetry/opentelemetry-collector-contrib/receiver/prometheusreceiver/internal/metricfamily.go:241.32,244.5 2 1
github.com/open-telemetry/opentelemetry-collector-contrib/receiver/prometheusreceiver/internal/metricfamily.go:245.4,245.32 1 1
github.com/open-telemetry/opentelemetry-collector-contrib/receiver/prometheusreceiver/internal/metricfamily.go:245.32,248.5 2 1
github.com/open-telemetry/opentelemetry-collector-contrib/receiver/prometheusreceiver/internal/metricfamily.go:251.10,253.9 1 0
github.com/open-telemetry/opentelemetry-collector-contrib/receiver/prometheusreceiver/internal/metricfamily.go:256.2,257.28 2 1
github.com/open-telemetry/opentelemetry-collector-contrib/receiver/prometheusreceiver/internal/metricfamily.go:257.28,259.3 1 1
github.com/open-telemetry/opentelemetry-collector-contrib/receiver/prometheusreceiver/internal/metricfamily.go:259.8,259.51 1 1
github.com/open-telemetry/opentelemetry-collector-contrib/receiver/prometheusreceiver/internal/metricfamily.go:259.51,262.3 1 1
github.com/open-telemetry/opentelemetry-collector-contrib/receiver/prometheusreceiver/internal/metricfamily.go:263.2,265.36 3 1
github.com/open-telemetry/opentelemetry-collector-contrib/receiver/prometheusreceiver/internal/metricfamily.go:268.95,272.35 4 1
github.com/open-telemetry/opentelemetry-collector-contrib/receiver/prometheusreceiver/internal/metricfamily.go:272.35,273.18 1 1
github.com/open-telemetry/opentelemetry-collector-contrib/receiver/prometheusreceiver/internal/metricfamily.go:273.18,274.44 1 1
github.com/open-telemetry/opentelemetry-collector-contrib/receiver/prometheusreceiver/internal/metricfamily.go:274.44,276.5 1 1
github.com/open-telemetry/opentelemetry-collector-contrib/receiver/prometheusreceiver/internal/metricfamily.go:278.3,278.44 1 1
github.com/open-telemetry/opentelemetry-collector-contrib/receiver/prometheusreceiver/internal/metricfamily.go:278.44,282.4 3 1
github.com/open-telemetry/opentelemetry-collector-contrib/receiver/prometheusreceiver/internal/metricfamily.go:286.100,289.35 3 1
github.com/open-telemetry/opentelemetry-collector-contrib/receiver/prometheusreceiver/internal/metricfamily.go:289.35,290.18 1 1
github.com/open-telemetry/opentelemetry-collector-contrib/receiver/prometheusreceiver/internal/metricfamily.go:290.18,291.44 1 1
github.com/open-telemetry/opentelemetry-collector-contrib/receiver/prometheusreceiver/internal/metricfamily.go:291.44,293.5 1 1
github.com/open-telemetry/opentelemetry-collector-contrib/receiver/prometheusreceiver/internal/metricfamily.go:295.3,295.44 1 1
github.com/open-telemetry/opentelemetry-collector-contrib/receiver/prometheusreceiver/internal/metricfamily.go:295.44,298.4 2 1
github.com/open-telemetry/opentelemetry-collector-contrib/receiver/prometheusreceiver/internal/metricfamily.go:303.71,305.39 2 1
github.com/open-telemetry/opentelemetry-collector-contrib/receiver/prometheusreceiver/internal/metricfamily.go:305.39,307.3 1 1
github.com/open-telemetry/opentelemetry-collector-contrib/receiver/prometheusreceiver/internal/metricfamily.go:308.2,312.47 4 1
github.com/open-telemetry/opentelemetry-collector-contrib/receiver/prometheusreceiver/internal/metricfamily.go:312.47,315.122 2 1
github.com/open-telemetry/opentelemetry-collector-contrib/receiver/prometheusreceiver/internal/metricfamily.go:315.122,319.55 3 1
github.com/open-telemetry/opentelemetry-collector-contrib/receiver/prometheusreceiver/internal/metricfamily.go:319.55,321.5 1 1
github.com/open-telemetry/opentelemetry-collector-contrib/receiver/prometheusreceiver/internal/metricfamily.go:322.4,322.15 1 1
github.com/open-telemetry/opentelemetry-collector-contrib/receiver/prometheusreceiver/internal/metricfamily.go:325.2,325.21 1 1
github.com/open-telemetry/opentelemetry-collector-contrib/receiver/prometheusreceiver/internal/metricfamily.go:329.79,331.39 2 1
github.com/open-telemetry/opentelemetry-collector-contrib/receiver/prometheusreceiver/internal/metricfamily.go:331.39,333.3 1 0
github.com/open-telemetry/opentelemetry-collector-contrib/receiver/prometheusreceiver/internal/metricfamily.go:334.2,335.47 2 1
github.com/open-telemetry/opentelemetry-collector-contrib/receiver/prometheusreceiver/internal/metricfamily.go:335.47,338.123 2 1
github.com/open-telemetry/opentelemetry-collector-contrib/receiver/prometheusreceiver/internal/metricfamily.go:338.123,339.55 1 1
github.com/open-telemetry/opentelemetry-collector-contrib/receiver/prometheusreceiver/internal/metricfamily.go:339.55,342.5 1 1
github.com/open-telemetry/opentelemetry-collector-contrib/receiver/prometheusreceiver/internal/metricfamily.go:343.4,343.15 1 1
github.com/open-telemetry/opentelemetry-collector-contrib/receiver/prometheusreceiver/internal/metricfamily.go:346.2,346.21 1 1
github.com/open-telemetry/opentelemetry-collector-contrib/receiver/prometheusreceiver/internal/metricfamily.go:349.70,350.15 1 1
github.com/open-telemetry/opentelemetry-collector-contrib/receiver/prometheusreceiver/internal/metricfamily.go:350.15,352.3 1 0
github.com/open-telemetry/opentelemetry-collector-contrib/receiver/prometheusreceiver/internal/metricfamily.go:353.2,353.28 1 1
github.com/open-telemetry/opentelemetry-collector-contrib/receiver/prometheusreceiver/internal/metricfamily.go:353.28,355.3 1 1
github.com/open-telemetry/opentelemetry-collector-contrib/receiver/prometheusreceiver/internal/metricfamily.go:358.75,362.18 1 1
github.com/open-telemetry/opentelemetry-collector-contrib/receiver/prometheusreceiver/internal/metricfamily.go:362.18,364.3 1 1
github.com/open-telemetry/opentelemetry-collector-contrib/receiver/prometheusreceiver/internal/metricfamily.go:366.2,370.18 4 1
github.com/open-telemetry/opentelemetry-collector-contrib/receiver/prometheusreceiver/internal/metricfamily.go:370.18,372.3 1 1
github.com/open-telemetry/opentelemetry-collector-contrib/receiver/prometheusreceiver/internal/metricfamily.go:372.8,373.16 1 1
github.com/open-telemetry/opentelemetry-collector-contrib/receiver/prometheusreceiver/internal/metricfamily.go:373.16,375.4 1 1
github.com/open-telemetry/opentelemetry-collector-contrib/receiver/prometheusreceiver/internal/metricfamily.go:376.3,376.35 1 1
github.com/open-telemetry/opentelemetry-collector-contrib/receiver/prometheusreceiver/internal/metricfamily.go:379.2,380.36 2 1
github.com/open-telemetry/opentelemetry-collector-contrib/receiver/prometheusreceiver/internal/metricfamily.go:380.36,385.20 2 1
github.com/open-telemetry/opentelemetry-collector-contrib/receiver/prometheusreceiver/internal/metricfamily.go:385.20,387.4 1 1
github.com/open-telemetry/opentelemetry-collector-contrib/receiver/prometheusreceiver/internal/metricfamily.go:388.3,388.35 1 1
github.com/open-telemetry/opentelemetry-collector-contrib/receiver/prometheusreceiver/internal/metricfamily.go:396.2,398.28 3 1
github.com/open-telemetry/opentelemetry-collector-contrib/receiver/prometheusreceiver/internal/metricfamily.go:398.28,400.3 1 1
github.com/open-telemetry/opentelemetry-collector-contrib/receiver/prometheusreceiver/internal/metricfamily.go:400.8,400.51 1 1
github.com/open-telemetry/opentelemetry-collector-contrib/receiver/prometheusreceiver/internal/metricfamily.go:400.51,403.3 1 1
github.com/open-telemetry/opentelemetry-collector-contrib/receiver/prometheusreceiver/internal/metricfamily.go:404.2,404.74 1 1
github.com/open-telemetry/opentelemetry-collector-contrib/receiver/prometheusreceiver/internal/metricfamily.go:407.77,411.39 3 1
github.com/open-telemetry/opentelemetry-collector-contrib/receiver/prometheusreceiver/internal/metricfamily.go:411.39,412.29 1 1
github.com/open-telemetry/opentelemetry-collector-contrib/receiver/prometheusreceiver/internal/metricfamily.go:412.29,414.4 1 1
github.com/open-telemetry/opentelemetry-collector-contrib/receiver/prometheusreceiver/internal/metricfamily.go:414.9,414.52 1 1
github.com/open-telemetry/opentelemetry-collector-contrib/receiver/prometheusreceiver/internal/metricfamily.go:414.52,417.4 1 1
github.com/open-telemetry/opentelemetry-collector-contrib/receiver/prometheusreceiver/internal/metricfamily.go:419.2,420.32 2 1
github.com/open-telemetry/opentelemetry-collector-contrib/receiver/prometheusreceiver/internal/metricfamily.go:420.32,422.3 1 1
github.com/open-telemetry/opentelemetry-collector-contrib/receiver/prometheusreceiver/internal/metricfamily.go:422.8,424.3 1 1
github.com/open-telemetry/opentelemetry-collector-contrib/receiver/prometheusreceiver/internal/metricfamily.go:425.2,426.36 2 1
github.com/open-telemetry/opentelemetry-collector-contrib/receiver/prometheusreceiver/internal/metricfamily.go:429.87,433.32 4 1
github.com/open-telemetry/opentelemetry-collector-contrib/receiver/prometheusreceiver/internal/metricfamily.go:433.32,434.43 1 1
github.com/open-telemetry/opentelemetry-collector-contrib/receiver/prometheusreceiver/internal/metricfamily.go:434.43,436.4 1 1
github.com/open-telemetry/opentelemetry-collector-contrib/receiver/prometheusreceiver/internal/metricfamily.go:437.3,437.43 1 1
github.com/open-telemetry/opentelemetry-collector-contrib/receiver/prometheusreceiver/internal/metricfamily.go:437.43,439.4 1 1
github.com/open-telemetry/opentelemetry-collector-contrib/receiver/prometheusreceiver/internal/metricfamily.go:440.3,440.20 1 1
github.com/open-telemetry/opentelemetry-collector-contrib/receiver/prometheusreceiver/internal/metricfamily.go:440.20,443.4 1 0
github.com/open-telemetry/opentelemetry-collector-contrib/receiver/prometheusreceiver/internal/metricfamily.go:444.3,444.31 1 1
github.com/open-telemetry/opentelemetry-collector-contrib/receiver/prometheusreceiver/internal/metricfamily.go:448.107,450.9 2 1
github.com/open-telemetry/opentelemetry-collector-contrib/receiver/prometheusreceiver/internal/metricfamily.go:450.9,460.3 3 1
github.com/open-telemetry/opentelemetry-collector-contrib/receiver/prometheusreceiver/internal/metricfamily.go:461.2,461.11 1 1
github.com/open-telemetry/opentelemetry-collector-contrib/receiver/prometheusreceiver/internal/metricfamily.go:464.116,466.16 2 1
github.com/open-telemetry/opentelemetry-collector-contrib/receiver/prometheusreceiver/internal/metricfamily.go:466.16,468.3 1 1
github.com/open-telemetry/opentelemetry-collector-contrib/receiver/prometheusreceiver/internal/metricfamily.go:469.2,469.18 1 1
github.com/open-telemetry/opentelemetry-collector-contrib/receiver/prometheusreceiver/internal/metricfamily.go:470.62,471.10 1 1
github.com/open-telemetry/opentelemetry-collector-contrib/receiver/prometheusreceiver/internal/metricfamily.go:472.56,474.20 2 1
github.com/open-telemetry/opentelemetry-collector-contrib/receiver/prometheusreceiver/internal/metricfamily.go:475.58,479.22 3 1
github.com/open-telemetry/opentelemetry-collector-contrib/receiver/prometheusreceiver/internal/metricfamily.go:480.67,481.25 1 1
github.com/open-telemetry/opentelemetry-collector-contrib/receiver/prometheusreceiver/internal/metricfamily.go:482.11,484.18 2 1
github.com/open-telemetry/opentelemetry-collector-contrib/receiver/prometheusreceiver/internal/metricfamily.go:484.18,486.5 1 1
github.com/open-telemetry/opentelemetry-collector-contrib/receiver/prometheusreceiver/internal/metricfamily.go:487.4,487.87 1 1
github.com/open-telemetry/opentelemetry-collector-contrib/receiver/prometheusreceiver/internal/metricfamily.go:489.46,490.65 1 1
github.com/open-telemetry/opentelemetry-collector-contrib/receiver/prometheusreceiver/internal/metricfamily.go:490.65,492.4 1 1
github.com/open-telemetry/opentelemetry-collector-contrib/receiver/prometheusreceiver/internal/metricfamily.go:493.29,494.65 1 1
github.com/open-telemetry/opentelemetry-collector-contrib/receiver/prometheusreceiver/internal/metricfamily.go:494.65,496.4 1 1
github.com/open-telemetry/opentelemetry-collector-contrib/receiver/prometheusreceiver/internal/metricfamily.go:496.9,498.4 1 1
github.com/open-telemetry/opentelemetry-collector-contrib/receiver/prometheusreceiver/internal/metricfamily.go:499.10,500.15 1 1
github.com/open-telemetry/opentelemetry-collector-contrib/receiver/prometheusreceiver/internal/metricfamily.go:503.2,503.12 1 1
github.com/open-telemetry/opentelemetry-collector-contrib/receiver/prometheusreceiver/internal/metricfamily.go:509.100,512.2 2 1
github.com/open-telemetry/opentelemetry-collector-contrib/receiver/prometheusreceiver/internal/metricfamily.go:514.179,516.16 2 1
github.com/open-telemetry/opentelemetry-collector-contrib/receiver/prometheusreceiver/internal/metricfamily.go:516.16,518.3 1 0
github.com/open-telemetry/opentelemetry-collector-contrib/receiver/prometheusreceiver/internal/metricfamily.go:519.2,519.56 1 1
github.com/open-telemetry/opentelemetry-collector-contrib/receiver/prometheusreceiver/internal/metricfamily.go:519.56,521.3 1 0
github.com/open-telemetry/opentelemetry-collector-contrib/receiver/prometheusreceiver/internal/metricfamily.go:522.2,522.9 1 1
github.com/open-telemetry/opentelemetry-collector-contrib/receiver/prometheusreceiver/internal/metricfamily.go:523.17,524.23 1 1
github.com/open-telemetry/opentelemetry-collector-contrib/receiver/prometheusreceiver/internal/metricfamily.go:524.23,526.4 1 0
github.com/open-telemetry/opentelemetry-collector-contrib/receiver/prometheusreceiver/internal/metricfamily.go:527.3,531.18 5 1
github.com/open-telemetry/opentelemetry-collector-contrib/receiver/prometheusreceiver/internal/metricfamily.go:532.16,533.24 1 1
github.com/open-telemetry/opentelemetry-collector-contrib/receiver/prometheusreceiver/internal/metricfamily.go:533.24,535.4 1 0
github.com/open-telemetry/opentelemetry-collector-contrib/receiver/prometheusreceiver/internal/metricfamily.go:536.3,540.16 5 1
github.com/open-telemetry/opentelemetry-collector-contrib/receiver/prometheusreceiver/internal/metricfamily.go:542.2,542.12 1 1
github.com/open-telemetry/opentelemetry-collector-contrib/receiver/prometheusreceiver/internal/metricfamily.go:546.163,548.16 2 1
github.com/open-telemetry/opentelemetry-collector-contrib/receiver/prometheusreceiver/internal/metricfamily.go:548.16,550.3 1 0
github.com/open-telemetry/opentelemetry-collector-contrib/receiver/prometheusreceiver/internal/metricfamily.go:551.2,551.45 1 1
github.com/open-telemetry/opentelemetry-collector-contrib/receiver/prometheusreceiver/internal/metricfamily.go:551.45,553.3 1 0
github.com/open-telemetry/opentelemetry-collector-contrib/receiver/prometheusreceiver/internal/metricfamily.go:554.2,556.9 2 1
github.com/open-telemetry/opentelemetry-collector-contrib/receiver/prometheusreceiver/internal/metricfamily.go:557.16,562.19 5 1
github.com/open-telemetry/opentelemetry-collector-contrib/receiver/prometheusreceiver/internal/metricfamily.go:563.17,568.19 5 1
github.com/open-telemetry/opentelemetry-collector-contrib/receiver/prometheusreceiver/internal/metricfamily.go:569.10,570.72 1 0
github.com/open-telemetry/opentelemetry-collector-contrib/receiver/prometheusreceiver/internal/metricfamily.go:573.2,573.12 1 1
github.com/open-telemetry/opentelemetry-collector-contrib/receiver/prometheusreceiver/internal/metricfamily.go:576.86,580.18 3 1
github.com/open-telemetry/opentelemetry-collector-contrib/receiver/prometheusreceiver/internal/metricfamily.go:580.18,582.3 1 0
github.com/open-telemetry/opentelemetry-collector-contrib/receiver/prometheusreceiver/internal/metricfamily.go:583.2,590.18 6 1
github.com/open-telemetry/opentelemetry-collector-contrib/receiver/prometheusreceiver/internal/metricfamily.go:591.35,595.37 4 1
github.com/open-telemetry/opentelemetry-collector-contrib/receiver/prometheusreceiver/internal/metricfamily.go:595.37,597.4 1 1
github.com/open-telemetry/opentelemetry-collector-contrib/receiver/prometheusreceiver/internal/metricfamily.go:598.3,598.26 1 1
github.com/open-telemetry/opentelemetry-collector-contrib/receiver/prometheusreceiver/internal/metricfamily.go:600.33,603.37 3 1
github.com/open-telemetry/opentelemetry-collector-contrib/receiver/prometheusreceiver/internal/metricfamily.go:603.37,605.4 1 1
github.com/open-telemetry/opentelemetry-collector-contrib/receiver/prometheusreceiver/internal/metricfamily.go:606.3,606.26 1 1
github.com/open-telemetry/opentelemetry-collector-contrib/receiver/prometheusreceiver/internal/metricfamily.go:608.29,613.37 5 1
github.com/open-telemetry/opentelemetry-collector-contrib/receiver/prometheusreceiver/internal/metricfamily.go:613.37,615.4 1 1
github.com/open-telemetry/opentelemetry-collector-contrib/receiver/prometheusreceiver/internal/metricfamily.go:616.3,616.26 1 1
github.com/open-telemetry/opentelemetry-collector-contrib/receiver/prometheusreceiver/internal/metricfamily.go:618.46,622.37 4 1
github.com/open-telemetry/opentelemetry-collector-contrib/receiver/prometheusreceiver/internal/metricfamily.go:622.37,624.4 1 1
github.com/open-telemetry/opentelemetry-collector-contrib/receiver/prometheusreceiver/internal/metricfamily.go:625.3,625.26 1 1
github.com/open-telemetry/opentelemetry-collector-contrib/receiver/prometheusreceiver/internal/metricfamily.go:627.10,630.37 3 1
github.com/open-telemetry/opentelemetry-collector-contrib/receiver/prometheusreceiver/internal/metricfamily.go:630.37,632.4 1 1
github.com/open-telemetry/opentelemetry-collector-contrib/receiver/prometheusreceiver/internal/metricfamily.go:633.3,633.26 1 1
github.com/open-telemetry/opentelemetry-collector-contrib/receiver/prometheusreceiver/internal/metricfamily.go:636.2,636.21 1 1
github.com/open-telemetry/opentelemetry-collector-contrib/receiver/prometheusreceiver/internal/metricfamily.go:636.21,638.3 1 1
github.com/open-telemetry/opentelemetry-collector-contrib/receiver/prometheusreceiver/internal/metricfamily.go:640.2,640.38 1 1
github.com/open-telemetry/opentelemetry-collector-contrib/receiver/prometheusreceiver/internal/metricfamily.go:643.76,645.15 2 1
github.com/open-telemetry/opentelemetry-collector-contrib/receiver/prometheusreceiver/internal/metricfamily.go:645.15,647.3 1 1
github.com/open-telemetry/opentelemetry-collector-contrib/receiver/prometheusreceiver/internal/metricfamily.go:648.2,649.38 2 1
github.com/open-telemetry/opentelemetry-collector-contrib/receiver/prometheusreceiver/internal/metricfamily.go:652.64,656.40 4 1
github.com/open-telemetry/opentelemetry-collector-contrib/receiver/prometheusreceiver/internal/metricfamily.go:656.40,657.35 1 1
github.com/open-telemetry/opentelemetry-collector-contrib/receiver/prometheusreceiver/internal/metricfamily.go:658.38,661.18 3 1
github.com/open-telemetry/opentelemetry-collector-contrib/receiver/prometheusreceiver/internal/metricfamily.go:661.18,663.5 1 1
github.com/open-telemetry/opentelemetry-collector-contrib/receiver/prometheusreceiver/internal/metricfamily.go:663.10,665.5 1 1
github.com/open-telemetry/opentelemetry-collector-contrib/receiver/prometheusreceiver/internal/metricfamily.go:666.37,669.18 3 1
github.com/open-telemetry/opentelemetry-collector-contrib/receiver/prometheusreceiver/internal/metricfamily.go:669.18,671.5 1 1
github.com/open-telemetry/opentelemetry-collector-contrib/receiver/prometheusreceiver/internal/metricfamily.go:671.10,673.5 1 1
github.com/open-telemetry/opentelemetry-collector-contrib/receiver/prometheusreceiver/internal/metricfamily.go:674.11,675.52 1 1
github.com/open-telemetry/opentelemetry-collector-contrib/receiver/prometheusreceiver/internal/metricfamily.go:687.55,690.28 3 1
github.com/open-telemetry/opentelemetry-collector-contrib/receiver/prometheusreceiver/internal/metricfamily.go:690.28,692.3 1 1
github.com/open-telemetry/opentelemetry-collector-contrib/receiver/prometheusreceiver/internal/metricfamily.go:692.8,694.3 1 1
github.com/open-telemetry/opentelemetry-collector-contrib/receiver/prometheusreceiver/internal/metricfamily.go:695.2,695.12 1 1
github.com/open-telemetry/opentelemetry-collector-contrib/receiver/prometheusreceiver/internal/metrics_adjuster.go:97.94,105.23 3 1
github.com/open-telemetry/opentelemetry-collector-contrib/receiver/prometheusreceiver/internal/metrics_adjuster.go:106.35,110.67 1 1
github.com/open-telemetry/opentelemetry-collector-contrib/receiver/prometheusreceiver/internal/metrics_adjuster.go:111.46,115.78 1 1
github.com/open-telemetry/opentelemetry-collector-contrib/receiver/prometheusreceiver/internal/metrics_adjuster.go:118.2,120.9 3 1
github.com/open-telemetry/opentelemetry-collector-contrib/receiver/prometheusreceiver/internal/metrics_adjuster.go:120.9,123.3 2 1
github.com/open-telemetry/opentelemetry-collector-contrib/receiver/prometheusreceiver/internal/metrics_adjuster.go:124.2,125.16 2 1
github.com/open-telemetry/opentelemetry-collector-contrib/receiver/prometheusreceiver/internal/metrics_adjuster.go:129.53,131.36 2 1
github.com/open-telemetry/opentelemetry-collector-contrib/receiver/prometheusreceiver/internal/metrics_adjuster.go:131.36,133.18 2 1
github.com/open-telemetry/opentelemetry-collector-contrib/receiver/prometheusreceiver/internal/metrics_adjuster.go:133.18,135.4 1 1
github.com/open-telemetry/opentelemetry-collector-contrib/receiver/prometheusreceiver/internal/metrics_adjuster.go:137.2,137.38 1 1
github.com/open-telemetry/opentelemetry-collector-contrib/receiver/prometheusreceiver/internal/metrics_adjuster.go:141.32,145.15 3 1
github.com/open-telemetry/opentelemetry-collector-contrib/receiver/prometheusreceiver/internal/metrics_adjuster.go:145.15,147.3 1 0
github.com/open-telemetry/opentelemetry-collector-contrib/receiver/prometheusreceiver/internal/metrics_adjuster.go:148.2,148.34 1 1
github.com/open-telemetry/opentelemetry-collector-contrib/receiver/prometheusreceiver/internal/metrics_adjuster.go:148.34,149.16 1 1
github.com/open-telemetry/opentelemetry-collector-contrib/receiver/prometheusreceiver/internal/metrics_adjuster.go:149.16,151.4 1 1
github.com/open-telemetry/opentelemetry-collector-contrib/receiver/prometheusreceiver/internal/metrics_adjuster.go:151.9,153.4 1 1
github.com/open-telemetry/opentelemetry-collector-contrib/receiver/prometheusreceiver/internal/metrics_adjuster.go:155.2,155.18 1 1
github.com/open-telemetry/opentelemetry-collector-contrib/receiver/prometheusreceiver/internal/metrics_adjuster.go:158.40,160.2 1 1
github.com/open-telemetry/opentelemetry-collector-contrib/receiver/prometheusreceiver/internal/metrics_adjuster.go:174.52,176.2 1 1
github.com/open-telemetry/opentelemetry-collector-contrib/receiver/prometheusreceiver/internal/metrics_adjuster.go:179.25,183.43 3 1
github.com/open-telemetry/opentelemetry-collector-contrib/receiver/prometheusreceiver/internal/metrics_adjuster.go:183.43,184.36 1 1
github.com/open-telemetry/opentelemetry-collector-contrib/receiver/prometheusreceiver/internal/metrics_adjuster.go:184.36,189.20 4 1
github.com/open-telemetry/opentelemetry-collector-contrib/receiver/prometheusreceiver/internal/metrics_adjuster.go:189.20,191.5 1 1
github.com/open-telemetry/opentelemetry-collector-contrib/receiver/prometheusreceiver/internal/metrics_adjuster.go:191.10,194.5 1 1
github.com/open-telemetry/opentelemetry-collector-contrib/receiver/prometheusreceiver/internal/metrics_adjuster.go:196.3,196.25 1 1
github.com/open-telemetry/opentelemetry-collector-contrib/receiver/prometheusreceiver/internal/metrics_adjuster.go:200.30,204.43 3 1
github.com/open-telemetry/opentelemetry-collector-contrib/receiver/prometheusreceiver/internal/metrics_adjuster.go:204.43,206.3 1 1
github.com/open-telemetry/opentelemetry-collector-contrib/receiver/prometheusreceiver/internal/metrics_adjuster.go:209.61,216.8 6 1
github.com/open-telemetry/opentelemetry-collector-contrib/receiver/prometheusreceiver/internal/metrics_adjuster.go:216.8,218.3 1 1
github.com/open-telemetry/opentelemetry-collector-contrib/receiver/prometheusreceiver/internal/metrics_adjuster.go:219.2,224.9 4 1
github.com/open-telemetry/opentelemetry-collector-contrib/receiver/prometheusreceiver/internal/metrics_adjuster.go:224.9,226.3 1 0
github.com/open-telemetry/opentelemetry-collector-contrib/receiver/prometheusreceiver/internal/metrics_adjuster.go:227.2,229.13 3 1
github.com/open-telemetry/opentelemetry-collector-contrib/receiver/prometheusreceiver/internal/metrics_adjuster.go:251.115,257.2 1 1
github.com/open-telemetry/opentelemetry-collector-contrib/receiver/prometheusreceiver/internal/metrics_adjuster.go:261.77,262.43 1 1
github.com/open-telemetry/opentelemetry-collector-contrib/receiver/prometheusreceiver/internal/metrics_adjuster.go:262.43,264.3 1 0
github.com/open-telemetry/opentelemetry-collector-contrib/receiver/prometheusreceiver/internal/metrics_adjuster.go:265.2,265.55 1 1
github.com/open-telemetry/opentelemetry-collector-contrib/receiver/prometheusreceiver/internal/metrics_adjuster.go:265.55,268.13 3 1
github.com/open-telemetry/opentelemetry-collector-contrib/receiver/prometheusreceiver/internal/metrics_adjuster.go:268.13,270.4 1 0
github.com/open-telemetry/opentelemetry-collector-contrib/receiver/prometheusreceiver/internal/metrics_adjuster.go:272.3,273.13 2 1
github.com/open-telemetry/opentelemetry-collector-contrib/receiver/prometheusreceiver/internal/metrics_adjuster.go:273.13,275.4 1 0
github.com/open-telemetry/opentelemetry-collector-contrib/receiver/prometheusreceiver/internal/metrics_adjuster.go:278.2,278.55 1 1
github.com/open-telemetry/opentelemetry-collector-contrib/receiver/prometheusreceiver/internal/metrics_adjuster.go:278.55,287.48 6 1
github.com/open-telemetry/opentelemetry-collector-contrib/receiver/prometheusreceiver/internal/metrics_adjuster.go:287.48,289.45 2 1
github.com/open-telemetry/opentelemetry-collector-contrib/receiver/prometheusreceiver/internal/metrics_adjuster.go:289.45,291.48 2 1
github.com/open-telemetry/opentelemetry-collector-contrib/receiver/prometheusreceiver/internal/metrics_adjuster.go:292.34,292.34 0 1
github.com/open-telemetry/opentelemetry-collector-contrib/receiver/prometheusreceiver/internal/metrics_adjuster.go:295.38,296.42 1 1
github.com/open-telemetry/opentelemetry-collector-contrib/receiver/prometheusreceiver/internal/metrics_adjuster.go:298.36,299.40 1 1
github.com/open-telemetry/opentelemetry-collector-contrib/receiver/prometheusreceiver/internal/metrics_adjuster.go:301.32,302.36 1 1
github.com/open-telemetry/opentelemetry-collector-contrib/receiver/prometheusreceiver/internal/metrics_adjuster.go:304.49,305.53 1 1
github.com/open-telemetry/opentelemetry-collector-contrib/receiver/prometheusreceiver/internal/metrics_adjuster.go:307.13,309.96 1 0
github.com/open-telemetry/opentelemetry-collector-contrib/receiver/prometheusreceiver/internal/metrics_adjuster.go:313.3,313.15 1 1
github.com/open-telemetry/opentelemetry-collector-contrib/receiver/prometheusreceiver/internal/metrics_adjuster.go:315.2,315.12 1 1
github.com/open-telemetry/opentelemetry-collector-contrib/receiver/prometheusreceiver/internal/metrics_adjuster.go:318.98,320.84 2 1
github.com/open-telemetry/opentelemetry-collector-contrib/receiver/prometheusreceiver/internal/metrics_adjuster.go:320.84,323.3 1 0
github.com/open-telemetry/opentelemetry-collector-contrib/receiver/prometheusreceiver/internal/metrics_adjuster.go:325.2,326.43 2 1
github.com/open-telemetry/opentelemetry-collector-contrib/receiver/prometheusreceiver/internal/metrics_adjuster.go:326.43,332.59 2 1
github.com/open-telemetry/opentelemetry-collector-contrib/receiver/prometheusreceiver/internal/metrics_adjuster.go:332.59,333.12 1 0
github.com/open-telemetry/opentelemetry-collector-contrib/receiver/prometheusreceiver/internal/metrics_adjuster.go:336.3,337.13 2 1
github.com/open-telemetry/opentelemetry-collector-contrib/receiver/prometheusreceiver/internal/metrics_adjuster.go:337.13,342.12 4 1
github.com/open-telemetry/opentelemetry-collector-contrib/receiver/prometheusreceiver/internal/metrics_adjuster.go:345.3,345.44 1 1
github.com/open-telemetry/opentelemetry-collector-contrib/receiver/prometheusreceiver/internal/metrics_adjuster.go:345.44,348.12 2 1
github.com/open-telemetry/opentelemetry-collector-contrib/receiver/prometheusreceiver/internal/metrics_adjuster.go:351.3,351.105 1 1
github.com/open-telemetry/opentelemetry-collector-contrib/receiver/prometheusreceiver/internal/metrics_adjuster.go:351.105,354.30 2 1
github.com/open-telemetry/opentelemetry-collector-contrib/receiver/prometheusreceiver/internal/metrics_adjuster.go:354.30,357.5 2 1
github.com/open-telemetry/opentelemetry-collector-contrib/receiver/prometheusreceiver/internal/metrics_adjuster.go:358.4,360.12 3 1
github.com/open-telemetry/opentelemetry-collector-contrib/receiver/prometheusreceiver/internal/metrics_adjuster.go:364.3,366.57 3 1
github.com/open-telemetry/opentelemetry-collector-contrib/receiver/prometheusreceiver/internal/metrics_adjuster.go:370.109,372.84 2 1
github.com/open-telemetry/opentelemetry-collector-contrib/receiver/prometheusreceiver/internal/metrics_adjuster.go:372.84,375.3 1 0
github.com/open-telemetry/opentelemetry-collector-contrib/receiver/prometheusreceiver/internal/metrics_adjuster.go:377.2,378.43 2 1
github.com/open-telemetry/opentelemetry-collector-contrib/receiver/prometheusreceiver/internal/metrics_adjuster.go:378.43,384.59 2 1
github.com/open-telemetry/opentelemetry-collector-contrib/receiver/prometheusreceiver/internal/metrics_adjuster.go:384.59,385.12 1 0
github.com/open-telemetry/opentelemetry-collector-contrib/receiver/prometheusreceiver/internal/metrics_adjuster.go:388.3,389.13 2 1
github.com/open-telemetry/opentelemetry-collector-contrib/receiver/prometheusreceiver/internal/metrics_adjuster.go:389.13,394.12 4 1
github.com/open-telemetry/opentelemetry-collector-contrib/receiver/prometheusreceiver/internal/metrics_adjuster.go:397.3,397.44 1 1
github.com/open-telemetry/opentelemetry-collector-contrib/receiver/prometheusreceiver/internal/metrics_adjuster.go:397.44,400.12 2 1
github.com/open-telemetry/opentelemetry-collector-contrib/receiver/prometheusreceiver/internal/metrics_adjuster.go:403.3,403.105 1 1
github.com/open-telemetry/opentelemetry-collector-contrib/receiver/prometheusreceiver/internal/metrics_adjuster.go:403.105,406.30 2 1
github.com/open-telemetry/opentelemetry-collector-contrib/receiver/prometheusreceiver/internal/metrics_adjuster.go:406.30,409.5 2 1
github.com/open-telemetry/opentelemetry-collector-contrib/receiver/prometheusreceiver/internal/metrics_adjuster.go:410.4,412.12 3 1
github.com/open-telemetry/opentelemetry-collector-contrib/receiver/prometheusreceiver/internal/metrics_adjuster.go:416.3,418.57 3 1
github.com/open-telemetry/opentelemetry-collector-contrib/receiver/prometheusreceiver/internal/metrics_adjuster.go:422.92,424.43 2 1
github.com/open-telemetry/opentelemetry-collector-contrib/receiver/prometheusreceiver/internal/metrics_adjuster.go:424.43,430.57 2 1
github.com/open-telemetry/opentelemetry-collector-contrib/receiver/prometheusreceiver/internal/metrics_adjuster.go:430.57,431.12 1 0
github.com/open-telemetry/opentelemetry-collector-contrib/receiver/prometheusreceiver/internal/metrics_adjuster.go:434.3,435.13 2 1
github.com/open-telemetry/opentelemetry-collector-contrib/receiver/prometheusreceiver/internal/metrics_adjuster.go:435.13,439.12 3 1
github.com/open-telemetry/opentelemetry-collector-contrib/receiver/prometheusreceiver/internal/metrics_adjuster.go:442.3,442.43 1 1
github.com/open-telemetry/opentelemetry-collector-contrib/receiver/prometheusreceiver/internal/metrics_adjuster.go:442.43,445.12 2 1
github.com/open-telemetry/opentelemetry-collector-contrib/receiver/prometheusreceiver/internal/metrics_adjuster.go:448.3,448.58 1 1
github.com/open-telemetry/opentelemetry-collector-contrib/receiver/prometheusreceiver/internal/metrics_adjuster.go:448.58,451.30 2 1
github.com/open-telemetry/opentelemetry-collector-contrib/receiver/prometheusreceiver/internal/metrics_adjuster.go:451.30,454.5 2 1
github.com/open-telemetry/opentelemetry-collector-contrib/receiver/prometheusreceiver/internal/metrics_adjuster.go:455.4,456.12 2 1
github.com/open-telemetry/opentelemetry-collector-contrib/receiver/prometheusreceiver/internal/metrics_adjuster.go:460.3,461.53 2 1
github.com/open-telemetry/opentelemetry-collector-contrib/receiver/prometheusreceiver/internal/metrics_adjuster.go:465.96,468.43 2 1
github.com/open-telemetry/opentelemetry-collector-contrib/receiver/prometheusreceiver/internal/metrics_adjuster.go:468.43,474.65 2 1
github.com/open-telemetry/opentelemetry-collector-contrib/receiver/prometheusreceiver/internal/metrics_adjuster.go:474.65,475.12 1 0
github.com/open-telemetry/opentelemetry-collector-contrib/receiver/prometheusreceiver/internal/metrics_adjuster.go:478.3,479.13 2 1
github.com/open-telemetry/opentelemetry-collector-contrib/receiver/prometheusreceiver/internal/metrics_adjuster.go:479.13,484.12 4 1
github.com/open-telemetry/opentelemetry-collector-contrib/receiver/prometheusreceiver/internal/metrics_adjuster.go:487.3,487.47 1 1
github.com/open-telemetry/opentelemetry-collector-contrib/receiver/prometheusreceiver/internal/metrics_adjuster.go:487.47,490.12 2 1
github.com/open-telemetry/opentelemetry-collector-contrib/receiver/prometheusreceiver/internal/metrics_adjuster.go:493.3,498.53 1 1
github.com/open-telemetry/opentelemetry-collector-contrib/receiver/prometheusreceiver/internal/metrics_adjuster.go:498.53,501.30 2 1
github.com/open-telemetry/opentelemetry-collector-contrib/receiver/prometheusreceiver/internal/metrics_adjuster.go:501.30,504.5 2 1
github.com/open-telemetry/opentelemetry-collector-contrib/receiver/prometheusreceiver/internal/metrics_adjuster.go:505.4,507.12 3 1
github.com/open-telemetry/opentelemetry-collector-contrib/receiver/prometheusreceiver/internal/metrics_adjuster.go:511.3,513.58 3 1
github.com/open-telemetry/opentelemetry-collector-contrib/receiver/prometheusreceiver/internal/prom_to_otlp.go:27.42,29.15 2 1
github.com/open-telemetry/opentelemetry-collector-contrib/receiver/prometheusreceiver/internal/prom_to_otlp.go:29.15,34.3 1 1
github.com/open-telemetry/opentelemetry-collector-contrib/receiver/prometheusreceiver/internal/prom_to_otlp.go:36.2,36.25 1 1
github.com/open-telemetry/opentelemetry-collector-contrib/receiver/prometheusreceiver/internal/prom_to_otlp.go:36.25,38.3 1 1
github.com/open-telemetry/opentelemetry-collector-contrib/receiver/prometheusreceiver/internal/prom_to_otlp.go:41.2,41.13 1 1
github.com/open-telemetry/opentelemetry-collector-contrib/receiver/prometheusreceiver/internal/prom_to_otlp.go:45.98,47.16 2 1
github.com/open-telemetry/opentelemetry-collector-contrib/receiver/prometheusreceiver/internal/prom_to_otlp.go:47.16,49.3 1 1
github.com/open-telemetry/opentelemetry-collector-contrib/receiver/prometheusreceiver/internal/prom_to_otlp.go:50.2,53.29 4 1
github.com/open-telemetry/opentelemetry-collector-contrib/receiver/prometheusreceiver/internal/prom_to_otlp.go:53.29,55.3 1 1
github.com/open-telemetry/opentelemetry-collector-contrib/receiver/prometheusreceiver/internal/prom_to_otlp.go:56.2,62.17 5 1
github.com/open-telemetry/opentelemetry-collector-contrib/receiver/prometheusreceiver/internal/prom_to_otlp.go:81.85,82.75 1 1
github.com/open-telemetry/opentelemetry-collector-contrib/receiver/prometheusreceiver/internal/prom_to_otlp.go:82.75,83.60 1 1
github.com/open-telemetry/opentelemetry-collector-contrib/receiver/prometheusreceiver/internal/prom_to_otlp.go:83.60,85.4 1 1
github.com/open-telemetry/opentelemetry-collector-contrib/receiver/prometheusreceiver/internal/prom_to_otlp.go:87.2,89.50 3 1
github.com/open-telemetry/opentelemetry-collector-contrib/receiver/prometheusreceiver/internal/prom_to_otlp.go:89.50,90.25 1 1
github.com/open-telemetry/opentelemetry-collector-contrib/receiver/prometheusreceiver/internal/prom_to_otlp.go:91.21,92.74 1 1
github.com/open-telemetry/opentelemetry-collector-contrib/receiver/prometheusreceiver/internal/prom_to_otlp.go:93.20,94.73 1 1
github.com/open-telemetry/opentelemetry-collector-contrib/receiver/prometheusreceiver/internal/prom_to_otlp.go:95.22,96.75 1 1
github.com/open-telemetry/opentelemetry-collector-contrib/receiver/prometheusreceiver/internal/prom_to_otlp.go:97.14,98.67 1 1
github.com/open-telemetry/opentelemetry-collector-contrib/receiver/prometheusreceiver/internal/prom_to_otlp.go:99.18,100.71 1 1
github.com/open-telemetry/opentelemetry-collector-contrib/receiver/prometheusreceiver/internal/starttimemetricadjuster.go:37.13,39.2 1 1
github.com/open-telemetry/opentelemetry-collector-contrib/receiver/prometheusreceiver/internal/starttimemetricadjuster.go:48.132,60.2 2 1
github.com/open-telemetry/opentelemetry-collector-contrib/receiver/prometheusreceiver/internal/starttimemetricadjuster.go:62.83,63.43 1 1
github.com/open-telemetry/opentelemetry-collector-contrib/receiver/prometheusreceiver/internal/starttimemetricadjuster.go:63.43,65.3 1 0
github.com/open-telemetry/opentelemetry-collector-contrib/receiver/prometheusreceiver/internal/starttimemetricadjuster.go:66.2,67.16 2 1
github.com/open-telemetry/opentelemetry-collector-contrib/receiver/prometheusreceiver/internal/starttimemetricadjuster.go:67.16,68.53 1 1
github.com/open-telemetry/opentelemetry-collector-contrib/receiver/prometheusreceiver/internal/starttimemetricadjuster.go:68.53,70.4 1 0
github.com/open-telemetry/opentelemetry-collector-contrib/receiver/prometheusreceiver/internal/starttimemetricadjuster.go:71.3,72.60 2 1
github.com/open-telemetry/opentelemetry-collector-contrib/receiver/prometheusreceiver/internal/starttimemetricadjuster.go:75.2,76.55 2 1
github.com/open-telemetry/opentelemetry-collector-contrib/receiver/prometheusreceiver/internal/starttimemetricadjuster.go:76.55,78.48 2 1
github.com/open-telemetry/opentelemetry-collector-contrib/receiver/prometheusreceiver/internal/starttimemetricadjuster.go:78.48,80.45 2 1
github.com/open-telemetry/opentelemetry-collector-contrib/receiver/prometheusreceiver/internal/starttimemetricadjuster.go:80.45,82.26 2 1
github.com/open-telemetry/opentelemetry-collector-contrib/receiver/prometheusreceiver/internal/starttimemetricadjuster.go:83.34,84.14 1 1
github.com/open-telemetry/opentelemetry-collector-contrib/receiver/prometheusreceiver/internal/starttimemetricadjuster.go:86.32,88.44 2 1
github.com/open-telemetry/opentelemetry-collector-contrib/receiver/prometheusreceiver/internal/starttimemetricadjuster.go:88.44,91.7 2 1
github.com/open-telemetry/opentelemetry-collector-contrib/receiver/prometheusreceiver/internal/starttimemetricadjuster.go:93.36,95.44 2 1
github.com/open-telemetry/opentelemetry-collector-contrib/receiver/prometheusreceiver/internal/starttimemetricadjuster.go:95.44,98.7 2 1
github.com/open-telemetry/opentelemetry-collector-contrib/receiver/prometheusreceiver/internal/starttimemetricadjuster.go:100.38,102.44 2 1
github.com/open-telemetry/opentelemetry-collector-contrib/receiver/prometheusreceiver/internal/starttimemetricadjuster.go:102.44,105.7 2 1
github.com/open-telemetry/opentelemetry-collector-contrib/receiver/prometheusreceiver/internal/starttimemetricadjuster.go:107.49,109.44 2 1
github.com/open-telemetry/opentelemetry-collector-contrib/receiver/prometheusreceiver/internal/starttimemetricadjuster.go:109.44,112.7 2 1
github.com/open-telemetry/opentelemetry-collector-contrib/receiver/prometheusreceiver/internal/starttimemetricadjuster.go:114.13,115.89 1 0
github.com/open-telemetry/opentelemetry-collector-contrib/receiver/prometheusreceiver/internal/starttimemetricadjuster.go:122.2,122.55 1 1
github.com/open-telemetry/opentelemetry-collector-contrib/receiver/prometheusreceiver/internal/starttimemetricadjuster.go:125.93,126.55 1 1
github.com/open-telemetry/opentelemetry-collector-contrib/receiver/prometheusreceiver/internal/starttimemetricadjuster.go:126.55,128.48 2 1
github.com/open-telemetry/opentelemetry-collector-contrib/receiver/prometheusreceiver/internal/starttimemetricadjuster.go:128.48,130.45 2 1
github.com/open-telemetry/opentelemetry-collector-contrib/receiver/prometheusreceiver/internal/starttimemetricadjuster.go:130.45,132.49 2 1
github.com/open-telemetry/opentelemetry-collector-contrib/receiver/prometheusreceiver/internal/starttimemetricadjuster.go:132.49,133.27 1 1
github.com/open-telemetry/opentelemetry-collector-contrib/receiver/prometheusreceiver/internal/starttimemetricadjuster.go:134.35,135.49 1 1
github.com/open-telemetry/opentelemetry-collector-contrib/receiver/prometheusreceiver/internal/starttimemetricadjuster.go:135.49,137.8 1 0
github.com/open-telemetry/opentelemetry-collector-contrib/receiver/prometheusreceiver/internal/starttimemetricadjuster.go:138.7,138.66 1 1
github.com/open-telemetry/opentelemetry-collector-contrib/receiver/prometheusreceiver/internal/starttimemetricadjuster.go:140.33,141.47 1 1
github.com/open-telemetry/opentelemetry-collector-contrib/receiver/prometheusreceiver/internal/starttimemetricadjuster.go:141.47,143.8 1 0
github.com/open-telemetry/opentelemetry-collector-contrib/receiver/prometheusreceiver/internal/starttimemetricadjuster.go:144.7,144.64 1 1
github.com/open-telemetry/opentelemetry-collector-contrib/receiver/prometheusreceiver/internal/starttimemetricadjuster.go:146.14,147.50 1 0
github.com/open-telemetry/opentelemetry-collector-contrib/receiver/prometheusreceiver/internal/starttimemetricadjuster.go:153.2,153.35 1 1
github.com/open-telemetry/opentelemetry-collector-contrib/receiver/prometheusreceiver/internal/starttimemetricadjuster.go:156.83,157.38 1 1
github.com/open-telemetry/opentelemetry-collector-contrib/receiver/prometheusreceiver/internal/starttimemetricadjuster.go:157.38,159.3 1 1
github.com/open-telemetry/opentelemetry-collector-contrib/receiver/prometheusreceiver/internal/starttimemetricadjuster.go:161.2,161.42 1 1
github.com/open-telemetry/opentelemetry-collector-contrib/receiver/prometheusreceiver/internal/transaction.go:94.16,112.2 1 1
github.com/open-telemetry/opentelemetry-collector-contrib/receiver/prometheusreceiver/internal/transaction.go:115.121,119.9 3 1
github.com/open-telemetry/opentelemetry-collector-contrib/receiver/prometheusreceiver/internal/transaction.go:120.22,121.34 1 0
github.com/open-telemetry/opentelemetry-collector-contrib/receiver/prometheusreceiver/internal/transaction.go:122.10,122.10 0 1
github.com/open-telemetry/opentelemetry-collector-contrib/receiver/prometheusreceiver/internal/transaction.go:125.2,125.33 1 1
github.com/open-telemetry/opentelemetry-collector-contrib/receiver/prometheusreceiver/internal/transaction.go:125.33,127.47 2 0
github.com/open-telemetry/opentelemetry-collector-contrib/receiver/prometheusreceiver/internal/transaction.go:127.47,129.4 1 0
github.com/open-telemetry/opentelemetry-collector-contrib/receiver/prometheusreceiver/internal/transaction.go:130.3,130.18 1 0
github.com/open-telemetry/opentelemetry-collector-contrib/receiver/prometheusreceiver/internal/transaction.go:133.2,134.16 2 1
github.com/open-telemetry/opentelemetry-collector-contrib/receiver/prometheusreceiver/internal/transaction.go:134.16,136.3 1 1
github.com/open-telemetry/opentelemetry-collector-contrib/receiver/prometheusreceiver/internal/transaction.go:142.2,142.61 1 1
github.com/open-telemetry/opentelemetry-collector-contrib/receiver/prometheusreceiver/internal/transaction.go:142.61,144.3 1 1
github.com/open-telemetry/opentelemetry-collector-contrib/receiver/prometheusreceiver/internal/transaction.go:146.2,147.22 2 1
github.com/open-telemetry/opentelemetry-collector-contrib/receiver/prometheusreceiver/internal/transaction.go:147.22,149.3 1 1
github.com/open-telemetry/opentelemetry-collector-contrib/receiver/prometheusreceiver/internal/transaction.go:154.2,154.78 1 1
github.com/open-telemetry/opentelemetry-collector-contrib/receiver/prometheusreceiver/internal/transaction.go:154.78,155.17 1 0
github.com/open-telemetry/opentelemetry-collector-contrib/receiver/prometheusreceiver/internal/transaction.go:155.17,159.4 1 0
github.com/open-telemetry/opentelemetry-collector-contrib/receiver/prometheusreceiver/internal/transaction.go:159.9,164.4 1 0
github.com/open-telemetry/opentelemetry-collector-contrib/receiver/prometheusreceiver/internal/transaction.go:168.2,168.51 1 1
github.com/open-telemetry/opentelemetry-collector-contrib/receiver/prometheusreceiver/internal/transaction.go:168.51,171.3 2 0
github.com/open-telemetry/opentelemetry-collector-contrib/receiver/prometheusreceiver/internal/transaction.go:174.2,174.50 1 1
github.com/open-telemetry/opentelemetry-collector-contrib/receiver/prometheusreceiver/internal/transaction.go:174.50,177.3 2 0
github.com/open-telemetry/opentelemetry-collector-contrib/receiver/prometheusreceiver/internal/transaction.go:179.2,181.55 2 1
github.com/open-telemetry/opentelemetry-collector-contrib/receiver/prometheusreceiver/internal/transaction.go:181.55,182.82 1 0
github.com/open-telemetry/opentelemetry-collector-contrib/receiver/prometheusreceiver/internal/transaction.go:182.82,184.4 1 0
github.com/open-telemetry/opentelemetry-collector-contrib/receiver/prometheusreceiver/internal/transaction.go:187.2,191.16 4 1
github.com/open-telemetry/opentelemetry-collector-contrib/receiver/prometheusreceiver/internal/transaction.go:191.16,196.3 2 1
github.com/open-telemetry/opentelemetry-collector-contrib/receiver/prometheusreceiver/internal/transaction.go:200.2,200.15 1 1
github.com/open-telemetry/opentelemetry-collector-contrib/receiver/prometheusreceiver/internal/transaction.go:205.149,210.9 2 0
github.com/open-telemetry/opentelemetry-collector-contrib/receiver/prometheusreceiver/internal/transaction.go:210.9,213.3 1 0
github.com/open-telemetry/opentelemetry-collector-contrib/receiver/prometheusreceiver/internal/transaction.go:214.2,214.42 1 0
github.com/open-telemetry/opentelemetry-collector-contrib/receiver/prometheusreceiver/internal/transaction.go:214.42,217.3 1 0
github.com/open-telemetry/opentelemetry-collector-contrib/receiver/prometheusreceiver/internal/transaction.go:218.2,218.35 1 0
github.com/open-telemetry/opentelemetry-collector-contrib/receiver/prometheusreceiver/internal/transaction.go:218.35,221.3 1 0
github.com/open-telemetry/opentelemetry-collector-contrib/receiver/prometheusreceiver/internal/transaction.go:223.2,232.13 6 0
github.com/open-telemetry/opentelemetry-collector-contrib/receiver/prometheusreceiver/internal/transaction.go:237.104,238.35 1 1
github.com/open-telemetry/opentelemetry-collector-contrib/receiver/prometheusreceiver/internal/transaction.go:238.35,240.3 1 1
github.com/open-telemetry/opentelemetry-collector-contrib/receiver/prometheusreceiver/internal/transaction.go:241.2,241.42 1 1
github.com/open-telemetry/opentelemetry-collector-contrib/receiver/prometheusreceiver/internal/transaction.go:241.42,243.3 1 1
github.com/open-telemetry/opentelemetry-collector-contrib/receiver/prometheusreceiver/internal/transaction.go:245.2,249.9 3 1
github.com/open-telemetry/opentelemetry-collector-contrib/receiver/prometheusreceiver/internal/transaction.go:249.9,251.41 2 1
github.com/open-telemetry/opentelemetry-collector-contrib/receiver/prometheusreceiver/internal/transaction.go:251.41,253.4 1 1
github.com/open-telemetry/opentelemetry-collector-contrib/receiver/prometheusreceiver/internal/transaction.go:254.3,256.36 3 1
github.com/open-telemetry/opentelemetry-collector-contrib/receiver/prometheusreceiver/internal/transaction.go:256.36,260.4 3 1
github.com/open-telemetry/opentelemetry-collector-contrib/receiver/prometheusreceiver/internal/transaction.go:261.3,261.13 1 1
github.com/open-telemetry/opentelemetry-collector-contrib/receiver/prometheusreceiver/internal/transaction.go:263.2,263.14 1 1
github.com/open-telemetry/opentelemetry-collector-contrib/receiver/prometheusreceiver/internal/transaction.go:266.124,267.9 1 1
github.com/open-telemetry/opentelemetry-collector-contrib/receiver/prometheusreceiver/internal/transaction.go:268.22,269.34 1 0
github.com/open-telemetry/opentelemetry-collector-contrib/receiver/prometheusreceiver/internal/transaction.go:270.10,270.10 0 1
github.com/open-telemetry/opentelemetry-collector-contrib/receiver/prometheusreceiver/internal/transaction.go:273.2,274.16 2 1
github.com/open-telemetry/opentelemetry-collector-contrib/receiver/prometheusreceiver/internal/transaction.go:274.16,276.3 1 1
github.com/open-telemetry/opentelemetry-collector-contrib/receiver/prometheusreceiver/internal/transaction.go:278.2,280.60 2 1
github.com/open-telemetry/opentelemetry-collector-contrib/receiver/prometheusreceiver/internal/transaction.go:280.60,282.3 1 1
github.com/open-telemetry/opentelemetry-collector-contrib/receiver/prometheusreceiver/internal/transaction.go:284.2,285.14 2 1
github.com/open-telemetry/opentelemetry-collector-contrib/receiver/prometheusreceiver/internal/transaction.go:285.14,287.3 1 1
github.com/open-telemetry/opentelemetry-collector-contrib/receiver/prometheusreceiver/internal/transaction.go:289.2,292.15 3 1
github.com/open-telemetry/opentelemetry-collector-contrib/receiver/prometheusreceiver/internal/transaction.go:295.171,296.31 1 1
github.com/open-telemetry/opentelemetry-collector-contrib/receiver/prometheusreceiver/internal/transaction.go:296.31,298.3 1 1
github.com/open-telemetry/opentelemetry-collector-contrib/receiver/prometheusreceiver/internal/transaction.go:300.2,300.9 1 1
github.com/open-telemetry/opentelemetry-collector-contrib/receiver/prometheusreceiver/internal/transaction.go:301.22,302.34 1 0
github.com/open-telemetry/opentelemetry-collector-contrib/receiver/prometheusreceiver/internal/transaction.go:303.10,303.10 0 1
github.com/open-telemetry/opentelemetry-collector-contrib/receiver/prometheusreceiver/internal/transaction.go:306.2,307.14 2 1
github.com/open-telemetry/opentelemetry-collector-contrib/receiver/prometheusreceiver/internal/transaction.go:307.14,309.3 1 1
github.com/open-telemetry/opentelemetry-collector-contrib/receiver/prometheusreceiver/internal/transaction.go:309.8,309.22 1 0
github.com/open-telemetry/opentelemetry-collector-contrib/receiver/prometheusreceiver/internal/transaction.go:309.22,311.3 1 0
github.com/open-telemetry/opentelemetry-collector-contrib/receiver/prometheusreceiver/internal/transaction.go:312.2,315.33 3 1
github.com/open-telemetry/opentelemetry-collector-contrib/receiver/prometheusreceiver/internal/transaction.go:315.33,317.47 2 0
github.com/open-telemetry/opentelemetry-collector-contrib/receiver/prometheusreceiver/internal/transaction.go:317.47,319.4 1 0
github.com/open-telemetry/opentelemetry-collector-contrib/receiver/prometheusreceiver/internal/transaction.go:320.3,320.18 1 0
github.com/open-telemetry/opentelemetry-collector-contrib/receiver/prometheusreceiver/internal/transaction.go:323.2,324.16 2 1
github.com/open-telemetry/opentelemetry-collector-contrib/receiver/prometheusreceiver/internal/transaction.go:324.16,326.3 1 0
github.com/open-telemetry/opentelemetry-collector-contrib/receiver/prometheusreceiver/internal/transaction.go:332.2,332.61 1 1
github.com/open-telemetry/opentelemetry-collector-contrib/receiver/prometheusreceiver/internal/transaction.go:332.61,334.3 1 0
github.com/open-telemetry/opentelemetry-collector-contrib/receiver/prometheusreceiver/internal/transaction.go:336.2,337.22 2 1
github.com/open-telemetry/opentelemetry-collector-contrib/receiver/prometheusreceiver/internal/transaction.go:337.22,339.3 1 0
github.com/open-telemetry/opentelemetry-collector-contrib/receiver/prometheusreceiver/internal/transaction.go:344.2,346.118 2 1
github.com/open-telemetry/opentelemetry-collector-contrib/receiver/prometheusreceiver/internal/transaction.go:346.118,348.3 1 0
github.com/open-telemetry/opentelemetry-collector-contrib/receiver/prometheusreceiver/internal/transaction.go:350.2,350.19 1 1
github.com/open-telemetry/opentelemetry-collector-contrib/receiver/prometheusreceiver/internal/transaction.go:350.19,352.3 1 0
github.com/open-telemetry/opentelemetry-collector-contrib/receiver/prometheusreceiver/internal/transaction.go:352.8,354.3 1 1
github.com/open-telemetry/opentelemetry-collector-contrib/receiver/prometheusreceiver/internal/transaction.go:355.2,355.16 1 1
github.com/open-telemetry/opentelemetry-collector-contrib/receiver/prometheusreceiver/internal/transaction.go:355.16,360.3 2 0
github.com/open-telemetry/opentelemetry-collector-contrib/receiver/prometheusreceiver/internal/transaction.go:364.2,364.15 1 1
github.com/open-telemetry/opentelemetry-collector-contrib/receiver/prometheusreceiver/internal/transaction.go:367.126,371.2 3 1
github.com/open-telemetry/opentelemetry-collector-contrib/receiver/prometheusreceiver/internal/transaction.go:373.189,375.14 2 1
github.com/open-telemetry/opentelemetry-collector-contrib/receiver/prometheusreceiver/internal/transaction.go:375.14,377.3 1 0
github.com/open-telemetry/opentelemetry-collector-contrib/receiver/prometheusreceiver/internal/transaction.go:377.8,377.22 1 1
github.com/open-telemetry/opentelemetry-collector-contrib/receiver/prometheusreceiver/internal/transaction.go:377.22,379.3 1 0
github.com/open-telemetry/opentelemetry-collector-contrib/receiver/prometheusreceiver/internal/transaction.go:380.2,382.47 3 1
github.com/open-telemetry/opentelemetry-collector-contrib/receiver/prometheusreceiver/internal/transaction.go:385.107,386.9 1 1
github.com/open-telemetry/opentelemetry-collector-contrib/receiver/prometheusreceiver/internal/transaction.go:387.22,388.34 1 0
github.com/open-telemetry/opentelemetry-collector-contrib/receiver/prometheusreceiver/internal/transaction.go:389.10,389.10 0 1
github.com/open-telemetry/opentelemetry-collector-contrib/receiver/prometheusreceiver/internal/transaction.go:392.2,392.33 1 1
github.com/open-telemetry/opentelemetry-collector-contrib/receiver/prometheusreceiver/internal/transaction.go:392.33,394.47 2 0
github.com/open-telemetry/opentelemetry-collector-contrib/receiver/prometheusreceiver/internal/transaction.go:394.47,396.4 1 0
github.com/open-telemetry/opentelemetry-collector-contrib/receiver/prometheusreceiver/internal/transaction.go:397.3,397.18 1 0
github.com/open-telemetry/opentelemetry-collector-contrib/receiver/prometheusreceiver/internal/transaction.go:400.2,401.16 2 1
github.com/open-telemetry/opentelemetry-collector-contrib/receiver/prometheusreceiver/internal/transaction.go:401.16,403.3 1 1
github.com/open-telemetry/opentelemetry-collector-contrib/receiver/prometheusreceiver/internal/transaction.go:409.2,409.61 1 1
github.com/open-telemetry/opentelemetry-collector-contrib/receiver/prometheusreceiver/internal/transaction.go:409.61,411.3 1 1
github.com/open-telemetry/opentelemetry-collector-contrib/receiver/prometheusreceiver/internal/transaction.go:413.2,414.22 2 1
github.com/open-telemetry/opentelemetry-collector-contrib/receiver/prometheusreceiver/internal/transaction.go:414.22,416.3 1 1
github.com/open-telemetry/opentelemetry-collector-contrib/receiver/prometheusreceiver/internal/transaction.go:418.2,423.42 4 1
github.com/open-telemetry/opentelemetry-collector-contrib/receiver/prometheusreceiver/internal/transaction.go:426.59,428.2 0 1
github.com/open-telemetry/opentelemetry-collector-contrib/receiver/prometheusreceiver/internal/transaction.go:430.87,434.2 3 1
github.com/open-telemetry/opentelemetry-collector-contrib/receiver/prometheusreceiver/internal/transaction.go:438.61,439.26 1 1
github.com/open-telemetry/opentelemetry-collector-contrib/receiver/prometheusreceiver/internal/transaction.go:439.26,441.3 1 1
github.com/open-telemetry/opentelemetry-collector-contrib/receiver/prometheusreceiver/internal/transaction.go:443.2,445.41 2 1
github.com/open-telemetry/opentelemetry-collector-contrib/receiver/prometheusreceiver/internal/transaction.go:445.41,446.25 1 1
github.com/open-telemetry/opentelemetry-collector-contrib/receiver/prometheusreceiver/internal/transaction.go:446.25,447.12 1 0
github.com/open-telemetry/opentelemetry-collector-contrib/receiver/prometheusreceiver/internal/transaction.go:449.3,450.10 2 1
github.com/open-telemetry/opentelemetry-collector-contrib/receiver/prometheusreceiver/internal/transaction.go:450.10,451.12 1 0
github.com/open-telemetry/opentelemetry-collector-contrib/receiver/prometheusreceiver/internal/transaction.go:453.3,456.36 3 1
github.com/open-telemetry/opentelemetry-collector-contrib/receiver/prometheusreceiver/internal/transaction.go:456.36,460.29 2 1
github.com/open-telemetry/opentelemetry-collector-contrib/receiver/prometheusreceiver/internal/transaction.go:460.29,463.5 2 1
github.com/open-telemetry/opentelemetry-collector-contrib/receiver/prometheusreceiver/internal/transaction.go:463.10,467.30 3 0
github.com/open-telemetry/opentelemetry-collector-contrib/receiver/prometheusreceiver/internal/transaction.go:467.30,469.6 1 0
github.com/open-telemetry/opentelemetry-collector-contrib/receiver/prometheusreceiver/internal/transaction.go:472.5,472.59 1 0
github.com/open-telemetry/opentelemetry-collector-contrib/receiver/prometheusreceiver/internal/transaction.go:472.59,473.54 1 0
github.com/open-telemetry/opentelemetry-collector-contrib/receiver/prometheusreceiver/internal/transaction.go:473.54,475.7 1 0
github.com/open-telemetry/opentelemetry-collector-contrib/receiver/prometheusreceiver/internal/transaction.go:478.4,479.27 2 1
github.com/open-telemetry/opentelemetry-collector-contrib/receiver/prometheusreceiver/internal/transaction.go:479.27,481.5 1 1
github.com/open-telemetry/opentelemetry-collector-contrib/receiver/prometheusreceiver/internal/transaction.go:485.2,485.75 1 1
github.com/open-telemetry/opentelemetry-collector-contrib/receiver/prometheusreceiver/internal/transaction.go:485.75,486.40 1 1
github.com/open-telemetry/opentelemetry-collector-contrib/receiver/prometheusreceiver/internal/transaction.go:486.40,488.4 1 0
github.com/open-telemetry/opentelemetry-collector-contrib/receiver/prometheusreceiver/internal/transaction.go:489.3,490.53 2 1
github.com/open-telemetry/opentelemetry-collector-contrib/receiver/prometheusreceiver/internal/transaction.go:490.53,491.56 1 1
github.com/open-telemetry/opentelemetry-collector-contrib/receiver/prometheusreceiver/internal/transaction.go:491.56,493.10 2 1
github.com/open-telemetry/opentelemetry-collector-contrib/receiver/prometheusreceiver/internal/transaction.go:496.3,496.16 1 1
github.com/open-telemetry/opentelemetry-collector-contrib/receiver/prometheusreceiver/internal/transaction.go:499.2,499.16 1 1
github.com/open-telemetry/opentelemetry-collector-contrib/receiver/prometheusreceiver/internal/transaction.go:502.43,504.34 2 1
github.com/open-telemetry/opentelemetry-collector-contrib/receiver/prometheusreceiver/internal/transaction.go:504.34,505.47 1 1
github.com/open-telemetry/opentelemetry-collector-contrib/receiver/prometheusreceiver/internal/transaction.go:505.47,507.4 1 0
github.com/open-telemetry/opentelemetry-collector-contrib/receiver/prometheusreceiver/internal/transaction.go:508.3,508.50 1 1
github.com/open-telemetry/opentelemetry-collector-contrib/receiver/prometheusreceiver/internal/transaction.go:508.50,510.4 1 0
github.com/open-telemetry/opentelemetry-collector-contrib/receiver/prometheusreceiver/internal/transaction.go:511.3,511.52 1 1
github.com/open-telemetry/opentelemetry-collector-contrib/receiver/prometheusreceiver/internal/transaction.go:511.52,513.4 1 0
github.com/open-telemetry/opentelemetry-collector-contrib/receiver/prometheusreceiver/internal/transaction.go:515.2,515.14 1 1
github.com/open-telemetry/opentelemetry-collector-contrib/receiver/prometheusreceiver/internal/transaction.go:518.80,520.9 2 1
github.com/open-telemetry/opentelemetry-collector-contrib/receiver/prometheusreceiver/internal/transaction.go:520.9,522.3 1 0
github.com/open-telemetry/opentelemetry-collector-contrib/receiver/prometheusreceiver/internal/transaction.go:523.2,523.19 1 1
github.com/open-telemetry/opentelemetry-collector-contrib/receiver/prometheusreceiver/internal/transaction.go:523.19,525.10 2 1
github.com/open-telemetry/opentelemetry-collector-contrib/receiver/prometheusreceiver/internal/transaction.go:525.10,527.4 1 0
github.com/open-telemetry/opentelemetry-collector-contrib/receiver/prometheusreceiver/internal/transaction.go:528.8,530.3 1 0
github.com/open-telemetry/opentelemetry-collector-contrib/receiver/prometheusreceiver/internal/transaction.go:532.2,533.16 2 1
github.com/open-telemetry/opentelemetry-collector-contrib/receiver/prometheusreceiver/internal/transaction.go:533.16,535.3 1 1
github.com/open-telemetry/opentelemetry-collector-contrib/receiver/prometheusreceiver/internal/transaction.go:536.2,536.42 1 1
github.com/open-telemetry/opentelemetry-collector-contrib/receiver/prometheusreceiver/internal/transaction.go:536.42,538.3 1 1
github.com/open-telemetry/opentelemetry-collector-contrib/receiver/prometheusreceiver/internal/transaction.go:540.2,541.18 2 1
github.com/open-telemetry/opentelemetry-collector-contrib/receiver/prometheusreceiver/internal/transaction.go:544.85,547.33 2 1
github.com/open-telemetry/opentelemetry-collector-contrib/receiver/prometheusreceiver/internal/transaction.go:547.33,552.3 1 1
github.com/open-telemetry/opentelemetry-collector-contrib/receiver/prometheusreceiver/internal/transaction.go:559.2,559.55 1 1
github.com/open-telemetry/opentelemetry-collector-contrib/receiver/prometheusreceiver/internal/transaction.go:559.55,560.16 1 1
github.com/open-telemetry/opentelemetry-collector-contrib/receiver/prometheusreceiver/internal/transaction.go:560.16,562.4 1 1
github.com/open-telemetry/opentelemetry-collector-contrib/receiver/prometheusreceiver/internal/transaction.go:563.3,563.21 1 1
github.com/open-telemetry/opentelemetry-collector-contrib/receiver/prometheusreceiver/internal/transaction.go:563.21,565.4 1 1
github.com/open-telemetry/opentelemetry-collector-contrib/receiver/prometheusreceiver/internal/transaction.go:566.3,566.34 1 1
github.com/open-telemetry/opentelemetry-collector-contrib/receiver/prometheusreceiver/internal/transaction.go:566.34,571.4 1 1
github.com/open-telemetry/opentelemetry-collector-contrib/receiver/prometheusreceiver/internal/transaction.go:573.2,573.30 1 1
github.com/open-telemetry/opentelemetry-collector-contrib/receiver/prometheusreceiver/internal/transaction.go:576.38,577.13 1 1
github.com/open-telemetry/opentelemetry-collector-contrib/receiver/prometheusreceiver/internal/transaction.go:577.13,579.3 1 1
github.com/open-telemetry/opentelemetry-collector-contrib/receiver/prometheusreceiver/internal/transaction.go:581.2,583.16 3 1
github.com/open-telemetry/opentelemetry-collector-contrib/receiver/prometheusreceiver/internal/transaction.go:583.16,586.3 2 1
github.com/open-telemetry/opentelemetry-collector-contrib/receiver/prometheusreceiver/internal/transaction.go:588.2,589.20 2 1
github.com/open-telemetry/opentelemetry-collector-contrib/receiver/prometheusreceiver/internal/transaction.go:589.20,591.3 1 1
github.com/open-telemetry/opentelemetry-collector-contrib/receiver/prometheusreceiver/internal/transaction.go:593.2,593.44 1 1
github.com/open-telemetry/opentelemetry-collector-contrib/receiver/prometheusreceiver/internal/transaction.go:593.44,594.59 1 1
github.com/open-telemetry/opentelemetry-collector-contrib/receiver/prometheusreceiver/internal/transaction.go:594.59,597.4 2 1
github.com/open-telemetry/opentelemetry-collector-contrib/receiver/prometheusreceiver/internal/transaction.go:600.2,602.12 3 1
github.com/open-telemetry/opentelemetry-collector-contrib/receiver/prometheusreceiver/internal/transaction.go:605.38,607.2 1 1
github.com/open-telemetry/opentelemetry-collector-contrib/receiver/prometheusreceiver/internal/transaction.go:609.122,612.2 1 1
github.com/open-telemetry/opentelemetry-collector-contrib/receiver/prometheusreceiver/internal/transaction.go:614.72,617.46 3 0
github.com/open-telemetry/opentelemetry-collector-contrib/receiver/prometheusreceiver/internal/transaction.go:617.46,619.35 2 0
github.com/open-telemetry/opentelemetry-collector-contrib/receiver/prometheusreceiver/internal/transaction.go:619.35,620.106 1 0
github.com/open-telemetry/opentelemetry-collector-contrib/receiver/prometheusreceiver/internal/transaction.go:620.106,622.5 1 0
github.com/open-telemetry/opentelemetry-collector-contrib/receiver/prometheusreceiver/internal/transaction.go:623.4,623.37 1 0
github.com/open-telemetry/opentelemetry-collector-contrib/receiver/prometheusreceiver/internal/transaction.go:628.71,633.34 5 0
github.com/open-telemetry/opentelemetry-collector-contrib/receiver/prometheusreceiver/internal/transaction.go:633.34,634.105 1 0
github.com/open-telemetry/opentelemetry-collector-contrib/receiver/prometheusreceiver/internal/transaction.go:634.105,636.4 1 0
github.com/open-telemetry/opentelemetry-collector-contrib/receiver/prometheusreceiver/internal/transaction.go:637.3,637.47 1 0
github.com/open-telemetry/opentelemetry-collector-contrib/receiver/prometheusreceiver/internal/transaction.go:637.47,640.4 2 0
github.com/open-telemetry/opentelemetry-collector-contrib/receiver/prometheusreceiver/internal/transaction.go:641.3,641.50 1 0
github.com/open-telemetry/opentelemetry-collector-contrib/receiver/prometheusreceiver/internal/transaction.go:641.50,644.4 2 0
github.com/open-telemetry/opentelemetry-collector-contrib/receiver/prometheusreceiver/internal/transaction.go:645.3,645.52 1 0
github.com/open-telemetry/opentelemetry-collector-contrib/receiver/prometheusreceiver/internal/transaction.go:645.52,648.4 2 0
github.com/open-telemetry/opentelemetry-collector-contrib/receiver/prometheusreceiver/internal/transaction.go:649.3,649.36 1 0
github.com/open-telemetry/opentelemetry-collector-contrib/receiver/prometheusreceiver/internal/transaction.go:651.2,651.42 1 0
github.com/open-telemetry/opentelemetry-collector-contrib/receiver/prometheusreceiver/internal/transaction.go:651.42,653.3 1 0
github.com/open-telemetry/opentelemetry-collector-contrib/receiver/prometheusreceiver/internal/transaction.go:654.2,654.39 1 0
github.com/open-telemetry/opentelemetry-collector-contrib/receiver/prometheusreceiver/internal/transaction.go:657.94,659.2 1 1
github.com/open-telemetry/opentelemetry-collector-contrib/receiver/prometheusreceiver/internal/util.go:52.41,55.2 2 1
github.com/open-telemetry/opentelemetry-collector-contrib/receiver/prometheusreceiver/internal/util.go:57.66,58.15 1 1
github.com/open-telemetry/opentelemetry-collector-contrib/receiver/prometheusreceiver/internal/util.go:59.35,60.34 1 1
github.com/open-telemetry/opentelemetry-collector-contrib/receiver/prometheusreceiver/internal/util.go:61.33,62.32 1 1
github.com/open-telemetry/opentelemetry-collector-contrib/receiver/prometheusreceiver/internal/util.go:63.10,64.30 1 1
github.com/open-telemetry/opentelemetry-collector-contrib/receiver/prometheusreceiver/internal/util.go:68.57,72.2 3 1
github.com/open-telemetry/opentelemetry-collector-contrib/receiver/prometheusreceiver/internal/util.go:74.56,76.2 1 1
github.com/open-telemetry/opentelemetry-collector-contrib/receiver/prometheusreceiver/internal/util.go:78.88,80.20 2 1
github.com/open-telemetry/opentelemetry-collector-contrib/receiver/prometheusreceiver/internal/util.go:81.35,83.16 2 1
github.com/open-telemetry/opentelemetry-collector-contrib/receiver/prometheusreceiver/internal/util.go:83.16,85.4 1 1
github.com/open-telemetry/opentelemetry-collector-contrib/receiver/prometheusreceiver/internal/util.go:86.33,88.16 2 1
github.com/open-telemetry/opentelemetry-collector-contrib/receiver/prometheusreceiver/internal/util.go:88.16,90.4 1 1
github.com/open-telemetry/opentelemetry-collector-contrib/receiver/prometheusreceiver/internal/util.go:91.10,92.31 1 1
github.com/open-telemetry/opentelemetry-collector-contrib/receiver/prometheusreceiver/internal/util.go:95.2,95.36 1 1
github.com/open-telemetry/opentelemetry-collector-contrib/receiver/prometheusreceiver/internal/util.go:99.106,100.20 1 1
github.com/open-telemetry/opentelemetry-collector-contrib/receiver/prometheusreceiver/internal/util.go:101.31,103.37 1 1
github.com/open-telemetry/opentelemetry-collector-contrib/receiver/prometheusreceiver/internal/util.go:105.54,106.40 1 1
github.com/open-telemetry/opentelemetry-collector-contrib/receiver/prometheusreceiver/internal/util.go:107.33,108.27 1 1
github.com/open-telemetry/opentelemetry-collector-contrib/receiver/prometheusreceiver/internal/util.go:108.27,110.4 1 1
github.com/open-telemetry/opentelemetry-collector-contrib/receiver/prometheusreceiver/internal/util.go:111.3,111.43 1 1
github.com/open-telemetry/opentelemetry-collector-contrib/receiver/prometheusreceiver/internal/util.go:116.31,117.41 1 1
github.com/open-telemetry/opentelemetry-collector-contrib/receiver/prometheusreceiver/internal/util.go:118.54,119.38 1 1
github.com/open-telemetry/opentelemetry-collector-contrib/receiver/prometheusreceiver/internal/util.go:120.10,122.40 1 1
github.com/open-telemetry/opentelemetry-collector-contrib/receiver/prometheusreceiver/internal/util.go:126.46,127.38 1 1
github.com/open-telemetry/opentelemetry-collector-contrib/receiver/prometheusreceiver/internal/util.go:127.38,128.46 1 1
github.com/open-telemetry/opentelemetry-collector-contrib/receiver/prometheusreceiver/internal/util.go:128.46,130.4 1 1
github.com/open-telemetry/opentelemetry-collector-contrib/receiver/prometheusreceiver/internal/util.go:132.2,132.13 1 1
