mode: atomic
github.com/open-telemetry/opentelemetry-collector-contrib/receiver/prometheusreceiver/internal/targetallocator/config.go:34.37,36.61 1 10
github.com/open-telemetry/opentelemetry-collector-contrib/receiver/prometheusreceiver/internal/targetallocator/config.go:36.61,38.3 1 2
github.com/open-telemetry/opentelemetry-collector-contrib/receiver/prometheusreceiver/internal/targetallocator/config.go:40.2,40.70 1 8
github.com/open-telemetry/opentelemetry-collector-contrib/receiver/prometheusreceiver/internal/targetallocator/config.go:40.70,42.3 1 2
github.com/open-telemetry/opentelemetry-collector-contrib/receiver/prometheusreceiver/internal/targetallocator/config.go:44.2,44.12 1 6
github.com/open-telemetry/opentelemetry-collector-contrib/receiver/prometheusreceiver/internal/targetallocator/config.go:49.77,51.22 2 0
github.com/open-telemetry/opentelemetry-collector-contrib/receiver/prometheusreceiver/internal/targetallocator/config.go:51.22,53.3 1 0
github.com/open-telemetry/opentelemetry-collector-contrib/receiver/prometheusreceiver/internal/targetallocator/config.go:54.2,55.57 2 0
github.com/open-telemetry/opentelemetry-collector-contrib/receiver/prometheusreceiver/internal/targetallocator/config.go:62.81,64.22 2 0
github.com/open-telemetry/opentelemetry-collector-contrib/receiver/prometheusreceiver/internal/targetallocator/config.go:64.22,66.3 1 0
github.com/open-telemetry/opentelemetry-collector-contrib/receiver/prometheusreceiver/internal/targetallocator/config.go:67.2,67.69 1 0
github.com/open-telemetry/opentelemetry-collector-contrib/receiver/prometheusreceiver/internal/targetallocator/config.go:70.51,72.58 2 14
github.com/open-telemetry/opentelemetry-collector-contrib/receiver/prometheusreceiver/internal/targetallocator/config.go:72.58,74.3 1 5
github.com/open-telemetry/opentelemetry-collector-contrib/receiver/prometheusreceiver/internal/targetallocator/config.go:77.2,77.27 1 9
github.com/open-telemetry/opentelemetry-collector-contrib/receiver/prometheusreceiver/internal/targetallocator/config.go:80.73,81.30 1 14
github.com/open-telemetry/opentelemetry-collector-contrib/receiver/prometheusreceiver/internal/targetallocator/config.go:81.30,82.70 1 3
github.com/open-telemetry/opentelemetry-collector-contrib/receiver/prometheusreceiver/internal/targetallocator/config.go:82.70,84.4 1 1
github.com/open-telemetry/opentelemetry-collector-contrib/receiver/prometheusreceiver/internal/targetallocator/config.go:87.2,87.54 1 13
github.com/open-telemetry/opentelemetry-collector-contrib/receiver/prometheusreceiver/internal/targetallocator/config.go:87.54,89.3 1 4
github.com/open-telemetry/opentelemetry-collector-contrib/receiver/prometheusreceiver/internal/targetallocator/config.go:90.2,90.12 1 9
github.com/open-telemetry/opentelemetry-collector-contrib/receiver/prometheusreceiver/internal/targetallocator/config.go:93.33,95.14 1 27
github.com/open-telemetry/opentelemetry-collector-contrib/receiver/prometheusreceiver/internal/targetallocator/config.go:95.14,97.3 1 15
github.com/open-telemetry/opentelemetry-collector-contrib/receiver/prometheusreceiver/internal/targetallocator/config.go:98.2,99.12 2 12
github.com/open-telemetry/opentelemetry-collector-contrib/receiver/prometheusreceiver/internal/targetallocator/config.go:102.61,103.54 1 13
github.com/open-telemetry/opentelemetry-collector-contrib/receiver/prometheusreceiver/internal/targetallocator/config.go:103.54,105.3 1 2
github.com/open-telemetry/opentelemetry-collector-contrib/receiver/prometheusreceiver/internal/targetallocator/config.go:106.2,106.53 1 11
github.com/open-telemetry/opentelemetry-collector-contrib/receiver/prometheusreceiver/internal/targetallocator/config.go:106.53,108.3 1 2
github.com/open-telemetry/opentelemetry-collector-contrib/receiver/prometheusreceiver/internal/targetallocator/config.go:109.2,109.12 1 9
github.com/open-telemetry/opentelemetry-collector-contrib/receiver/prometheusreceiver/internal/targetallocator/config.go:112.54,115.89 1 0
github.com/open-telemetry/opentelemetry-collector-contrib/receiver/prometheusreceiver/internal/targetallocator/config.go:115.89,117.4 1 0
github.com/open-telemetry/opentelemetry-collector-contrib/receiver/prometheusreceiver/internal/targetallocator/config.go:119.2,119.16 1 0
github.com/open-telemetry/opentelemetry-collector-contrib/receiver/prometheusreceiver/internal/targetallocator/config.go:119.16,121.3 1 0
github.com/open-telemetry/opentelemetry-collector-contrib/receiver/prometheusreceiver/internal/targetallocator/config.go:123.2,124.16 2 0
github.com/open-telemetry/opentelemetry-collector-contrib/receiver/prometheusreceiver/internal/targetallocator/config.go:124.16,126.3 1 0
github.com/open-telemetry/opentelemetry-collector-contrib/receiver/prometheusreceiver/internal/targetallocator/config.go:127.2,127.12 1 0
github.com/open-telemetry/opentelemetry-collector-contrib/receiver/prometheusreceiver/internal/targetallocator/config.go:131.73,134.79 2 6
github.com/open-telemetry/opentelemetry-collector-contrib/receiver/prometheusreceiver/internal/targetallocator/config.go:134.79,136.3 1 4
github.com/open-telemetry/opentelemetry-collector-contrib/receiver/prometheusreceiver/internal/targetallocator/config.go:137.2,137.62 1 2
github.com/open-telemetry/opentelemetry-collector-contrib/receiver/prometheusreceiver/internal/targetallocator/config.go:142.92,153.31 3 0
github.com/open-telemetry/opentelemetry-collector-contrib/receiver/prometheusreceiver/internal/targetallocator/config.go:153.31,155.17 2 0
github.com/open-telemetry/opentelemetry-collector-contrib/receiver/prometheusreceiver/internal/targetallocator/config.go:155.17,157.4 1 0
github.com/open-telemetry/opentelemetry-collector-contrib/receiver/prometheusreceiver/internal/targetallocator/config.go:158.3,158.59 1 0
github.com/open-telemetry/opentelemetry-collector-contrib/receiver/prometheusreceiver/internal/targetallocator/config.go:161.2,161.33 1 0
github.com/open-telemetry/opentelemetry-collector-contrib/receiver/prometheusreceiver/internal/targetallocator/config.go:161.33,163.17 2 0
github.com/open-telemetry/opentelemetry-collector-contrib/receiver/prometheusreceiver/internal/targetallocator/config.go:163.17,165.4 1 0
github.com/open-telemetry/opentelemetry-collector-contrib/receiver/prometheusreceiver/internal/targetallocator/config.go:166.3,166.63 1 0
github.com/open-telemetry/opentelemetry-collector-contrib/receiver/prometheusreceiver/internal/targetallocator/config.go:169.2,169.32 1 0
github.com/open-telemetry/opentelemetry-collector-contrib/receiver/prometheusreceiver/internal/targetallocator/config.go:169.32,171.17 2 0
github.com/open-telemetry/opentelemetry-collector-contrib/receiver/prometheusreceiver/internal/targetallocator/config.go:171.17,173.4 1 0
github.com/open-telemetry/opentelemetry-collector-contrib/receiver/prometheusreceiver/internal/targetallocator/config.go:174.3,174.74 1 0
github.com/open-telemetry/opentelemetry-collector-contrib/receiver/prometheusreceiver/internal/targetallocator/config.go:177.2,177.36 1 0
github.com/open-telemetry/opentelemetry-collector-contrib/receiver/prometheusreceiver/internal/targetallocator/config.go:177.36,179.17 2 0
github.com/open-telemetry/opentelemetry-collector-contrib/receiver/prometheusreceiver/internal/targetallocator/config.go:179.17,181.4 1 0
github.com/open-telemetry/opentelemetry-collector-contrib/receiver/prometheusreceiver/internal/targetallocator/config.go:182.3,182.60 1 0
github.com/open-telemetry/opentelemetry-collector-contrib/receiver/prometheusreceiver/internal/targetallocator/config.go:185.2,185.36 1 0
github.com/open-telemetry/opentelemetry-collector-contrib/receiver/prometheusreceiver/internal/targetallocator/config.go:185.36,187.17 2 0
github.com/open-telemetry/opentelemetry-collector-contrib/receiver/prometheusreceiver/internal/targetallocator/config.go:187.17,189.4 1 0
github.com/open-telemetry/opentelemetry-collector-contrib/receiver/prometheusreceiver/internal/targetallocator/config.go:190.3,190.60 1 0
github.com/open-telemetry/opentelemetry-collector-contrib/receiver/prometheusreceiver/internal/targetallocator/config.go:193.2,193.30 1 0
github.com/open-telemetry/opentelemetry-collector-contrib/receiver/prometheusreceiver/internal/targetallocator/config.go:193.30,195.17 2 0
github.com/open-telemetry/opentelemetry-collector-contrib/receiver/prometheusreceiver/internal/targetallocator/config.go:195.17,197.4 1 0
github.com/open-telemetry/opentelemetry-collector-contrib/receiver/prometheusreceiver/internal/targetallocator/config.go:198.3,198.69 1 0
github.com/open-telemetry/opentelemetry-collector-contrib/receiver/prometheusreceiver/internal/targetallocator/config.go:201.2,201.12 1 0
github.com/open-telemetry/opentelemetry-collector-contrib/receiver/prometheusreceiver/internal/targetallocator/manager.go:49.119,59.2 1 0
github.com/open-telemetry/opentelemetry-collector-contrib/receiver/prometheusreceiver/internal/targetallocator/manager.go:61.116,65.16 4 0
github.com/open-telemetry/opentelemetry-collector-contrib/receiver/prometheusreceiver/internal/targetallocator/manager.go:65.16,68.3 2 0
github.com/open-telemetry/opentelemetry-collector-contrib/receiver/prometheusreceiver/internal/targetallocator/manager.go:69.2,69.18 1 0
github.com/open-telemetry/opentelemetry-collector-contrib/receiver/prometheusreceiver/internal/targetallocator/manager.go:69.18,72.3 1 0
github.com/open-telemetry/opentelemetry-collector-contrib/receiver/prometheusreceiver/internal/targetallocator/manager.go:73.2,74.16 2 0
github.com/open-telemetry/opentelemetry-collector-contrib/receiver/prometheusreceiver/internal/targetallocator/manager.go:74.16,77.3 2 0
github.com/open-telemetry/opentelemetry-collector-contrib/receiver/prometheusreceiver/internal/targetallocator/manager.go:78.2,80.38 2 0
github.com/open-telemetry/opentelemetry-collector-contrib/receiver/prometheusreceiver/internal/targetallocator/manager.go:80.38,82.19 2 0
github.com/open-telemetry/opentelemetry-collector-contrib/receiver/prometheusreceiver/internal/targetallocator/manager.go:82.19,83.46 1 0
github.com/open-telemetry/opentelemetry-collector-contrib/receiver/prometheusreceiver/internal/targetallocator/manager.go:83.46,85.5 1 0
github.com/open-telemetry/opentelemetry-collector-contrib/receiver/prometheusreceiver/internal/targetallocator/manager.go:86.4,86.19 1 0
github.com/open-telemetry/opentelemetry-collector-contrib/receiver/prometheusreceiver/internal/targetallocator/manager.go:88.3,88.24 1 0
github.com/open-telemetry/opentelemetry-collector-contrib/receiver/prometheusreceiver/internal/targetallocator/manager.go:91.2,92.16 2 0
github.com/open-telemetry/opentelemetry-collector-contrib/receiver/prometheusreceiver/internal/targetallocator/manager.go:92.16,94.3 1 0
github.com/open-telemetry/opentelemetry-collector-contrib/receiver/prometheusreceiver/internal/targetallocator/manager.go:95.2,95.12 1 0
github.com/open-telemetry/opentelemetry-collector-contrib/receiver/prometheusreceiver/internal/targetallocator/manager.go:95.12,97.7 2 0
github.com/open-telemetry/opentelemetry-collector-contrib/receiver/prometheusreceiver/internal/targetallocator/manager.go:97.7,98.11 1 0
github.com/open-telemetry/opentelemetry-collector-contrib/receiver/prometheusreceiver/internal/targetallocator/manager.go:99.43,101.22 2 0
github.com/open-telemetry/opentelemetry-collector-contrib/receiver/prometheusreceiver/internal/targetallocator/manager.go:101.22,103.14 2 0
github.com/open-telemetry/opentelemetry-collector-contrib/receiver/prometheusreceiver/internal/targetallocator/manager.go:105.5,105.21 1 0
github.com/open-telemetry/opentelemetry-collector-contrib/receiver/prometheusreceiver/internal/targetallocator/manager.go:106.22,109.11 3 0
github.com/open-telemetry/opentelemetry-collector-contrib/receiver/prometheusreceiver/internal/targetallocator/manager.go:113.2,113.12 1 0
github.com/open-telemetry/opentelemetry-collector-contrib/receiver/prometheusreceiver/internal/targetallocator/manager.go:116.30,118.2 1 0
github.com/open-telemetry/opentelemetry-collector-contrib/receiver/prometheusreceiver/internal/targetallocator/manager.go:122.85,125.16 3 0
github.com/open-telemetry/opentelemetry-collector-contrib/receiver/prometheusreceiver/internal/targetallocator/manager.go:125.16,128.3 2 0
github.com/open-telemetry/opentelemetry-collector-contrib/receiver/prometheusreceiver/internal/targetallocator/manager.go:130.2,131.16 2 0
github.com/open-telemetry/opentelemetry-collector-contrib/receiver/prometheusreceiver/internal/targetallocator/manager.go:131.16,134.3 2 0
github.com/open-telemetry/opentelemetry-collector-contrib/receiver/prometheusreceiver/internal/targetallocator/manager.go:135.2,135.25 1 0
github.com/open-telemetry/opentelemetry-collector-contrib/receiver/prometheusreceiver/internal/targetallocator/manager.go:135.25,138.3 1 0
github.com/open-telemetry/opentelemetry-collector-contrib/receiver/prometheusreceiver/internal/targetallocator/manager.go:141.2,146.59 4 0
github.com/open-telemetry/opentelemetry-collector-contrib/receiver/prometheusreceiver/internal/targetallocator/manager.go:146.59,148.32 2 0
github.com/open-telemetry/opentelemetry-collector-contrib/receiver/prometheusreceiver/internal/targetallocator/manager.go:148.32,152.4 1 0
github.com/open-telemetry/opentelemetry-collector-contrib/receiver/prometheusreceiver/internal/targetallocator/manager.go:152.9,154.4 1 0
github.com/open-telemetry/opentelemetry-collector-contrib/receiver/prometheusreceiver/internal/targetallocator/manager.go:155.3,159.17 4 0
github.com/open-telemetry/opentelemetry-collector-contrib/receiver/prometheusreceiver/internal/targetallocator/manager.go:159.17,162.4 2 0
github.com/open-telemetry/opentelemetry-collector-contrib/receiver/prometheusreceiver/internal/targetallocator/manager.go:164.3,169.36 3 0
github.com/open-telemetry/opentelemetry-collector-contrib/receiver/prometheusreceiver/internal/targetallocator/manager.go:169.36,171.4 1 0
github.com/open-telemetry/opentelemetry-collector-contrib/receiver/prometheusreceiver/internal/targetallocator/manager.go:173.3,173.48 1 0
github.com/open-telemetry/opentelemetry-collector-contrib/receiver/prometheusreceiver/internal/targetallocator/manager.go:173.48,175.4 1 0
github.com/open-telemetry/opentelemetry-collector-contrib/receiver/prometheusreceiver/internal/targetallocator/manager.go:178.3,179.17 2 0
github.com/open-telemetry/opentelemetry-collector-contrib/receiver/prometheusreceiver/internal/targetallocator/manager.go:179.17,182.4 2 0
github.com/open-telemetry/opentelemetry-collector-contrib/receiver/prometheusreceiver/internal/targetallocator/manager.go:184.3,184.74 1 0
github.com/open-telemetry/opentelemetry-collector-contrib/receiver/prometheusreceiver/internal/targetallocator/manager.go:187.2,188.16 2 0
github.com/open-telemetry/opentelemetry-collector-contrib/receiver/prometheusreceiver/internal/targetallocator/manager.go:188.16,191.3 2 0
github.com/open-telemetry/opentelemetry-collector-contrib/receiver/prometheusreceiver/internal/targetallocator/manager.go:193.2,193.32 1 0
github.com/open-telemetry/opentelemetry-collector-contrib/receiver/prometheusreceiver/internal/targetallocator/manager.go:193.32,195.3 1 0
github.com/open-telemetry/opentelemetry-collector-contrib/receiver/prometheusreceiver/internal/targetallocator/manager.go:196.2,196.18 1 0
github.com/open-telemetry/opentelemetry-collector-contrib/receiver/prometheusreceiver/internal/targetallocator/manager.go:199.36,202.16 3 0
github.com/open-telemetry/opentelemetry-collector-contrib/receiver/prometheusreceiver/internal/targetallocator/manager.go:202.16,204.3 1 0
github.com/open-telemetry/opentelemetry-collector-contrib/receiver/prometheusreceiver/internal/targetallocator/manager.go:205.2,205.31 1 0
github.com/open-telemetry/opentelemetry-collector-contrib/receiver/prometheusreceiver/internal/targetallocator/manager.go:205.31,207.56 1 0
github.com/open-telemetry/opentelemetry-collector-contrib/receiver/prometheusreceiver/internal/targetallocator/manager.go:207.56,209.4 1 0
github.com/open-telemetry/opentelemetry-collector-contrib/receiver/prometheusreceiver/internal/targetallocator/manager.go:212.2,212.63 1 0
github.com/open-telemetry/opentelemetry-collector-contrib/receiver/prometheusreceiver/internal/targetallocator/manager.go:212.63,214.3 1 0
github.com/open-telemetry/opentelemetry-collector-contrib/receiver/prometheusreceiver/internal/targetallocator/manager.go:216.2,217.45 2 0
github.com/open-telemetry/opentelemetry-collector-contrib/receiver/prometheusreceiver/internal/targetallocator/manager.go:217.45,220.3 2 0
github.com/open-telemetry/opentelemetry-collector-contrib/receiver/prometheusreceiver/internal/targetallocator/manager.go:221.2,221.53 1 0
github.com/open-telemetry/opentelemetry-collector-contrib/receiver/prometheusreceiver/internal/targetallocator/manager.go:224.117,227.16 3 0
github.com/open-telemetry/opentelemetry-collector-contrib/receiver/prometheusreceiver/internal/targetallocator/manager.go:227.16,229.3 1 0
github.com/open-telemetry/opentelemetry-collector-contrib/receiver/prometheusreceiver/internal/targetallocator/manager.go:231.2,232.16 2 0
github.com/open-telemetry/opentelemetry-collector-contrib/receiver/prometheusreceiver/internal/targetallocator/manager.go:232.16,234.3 1 0
github.com/open-telemetry/opentelemetry-collector-contrib/receiver/prometheusreceiver/internal/targetallocator/manager.go:236.2,237.16 2 0
github.com/open-telemetry/opentelemetry-collector-contrib/receiver/prometheusreceiver/internal/targetallocator/manager.go:237.16,239.3 1 0
github.com/open-telemetry/opentelemetry-collector-contrib/receiver/prometheusreceiver/internal/targetallocator/manager.go:241.2,244.16 4 0
github.com/open-telemetry/opentelemetry-collector-contrib/receiver/prometheusreceiver/internal/targetallocator/manager.go:244.16,246.3 1 0
github.com/open-telemetry/opentelemetry-collector-contrib/receiver/prometheusreceiver/internal/targetallocator/manager.go:247.2,248.16 2 0
github.com/open-telemetry/opentelemetry-collector-contrib/receiver/prometheusreceiver/internal/targetallocator/manager.go:248.16,250.3 1 0
github.com/open-telemetry/opentelemetry-collector-contrib/receiver/prometheusreceiver/internal/targetallocator/manager.go:251.2,251.31 1 0
github.com/open-telemetry/opentelemetry-collector-contrib/receiver/prometheusreceiver/internal/targetallocator/manager.go:255.43,257.9 2 0
github.com/open-telemetry/opentelemetry-collector-contrib/receiver/prometheusreceiver/internal/targetallocator/manager.go:257.9,259.3 1 0
github.com/open-telemetry/opentelemetry-collector-contrib/receiver/prometheusreceiver/internal/targetallocator/manager.go:260.2,260.66 1 0
github.com/open-telemetry/opentelemetry-collector-contrib/receiver/prometheusreceiver/internal/targetallocator/manager.go:265.97,271.41 5 0
github.com/open-telemetry/opentelemetry-collector-contrib/receiver/prometheusreceiver/internal/targetallocator/manager.go:271.41,273.3 1 0
github.com/open-telemetry/opentelemetry-collector-contrib/receiver/prometheusreceiver/internal/targetallocator/manager.go:274.2,276.34 2 0
github.com/open-telemetry/opentelemetry-collector-contrib/receiver/prometheusreceiver/internal/targetallocator/manager.go:276.34,278.17 2 0
github.com/open-telemetry/opentelemetry-collector-contrib/receiver/prometheusreceiver/internal/targetallocator/manager.go:278.17,280.4 1 0
github.com/open-telemetry/opentelemetry-collector-contrib/receiver/prometheusreceiver/internal/targetallocator/manager.go:281.3,282.17 2 0
github.com/open-telemetry/opentelemetry-collector-contrib/receiver/prometheusreceiver/internal/targetallocator/manager.go:282.17,284.4 1 0
github.com/open-telemetry/opentelemetry-collector-contrib/receiver/prometheusreceiver/internal/targetallocator/manager.go:286.2,287.26 2 0
