mode: set
github.com/open-telemetry/opentelemetry-collector-contrib/receiver/zookeeperreceiver/factory.go:35.45,41.2 1 1
github.com/open-telemetry/opentelemetry-collector-contrib/receiver/zookeeperreceiver/factory.go:43.50,57.2 1 1
github.com/open-telemetry/opentelemetry-collector-contrib/receiver/zookeeperreceiver/factory.go:65.38,68.16 3 1
github.com/open-telemetry/opentelemetry-collector-contrib/receiver/zookeeperreceiver/factory.go:72.2,75.3 1 1
github.com/open-telemetry/opentelemetry-collector-contrib/receiver/zookeeperreceiver/factory.go:68.16,70.3 1 1
github.com/open-telemetry/opentelemetry-collector-contrib/receiver/zookeeperreceiver/metrics.go:38.58,39.16 1 1
github.com/open-telemetry/opentelemetry-collector-contrib/receiver/zookeeperreceiver/metrics.go:54.2,54.26 1 1
github.com/open-telemetry/opentelemetry-collector-contrib/receiver/zookeeperreceiver/metrics.go:40.26,41.29 1 1
github.com/open-telemetry/opentelemetry-collector-contrib/receiver/zookeeperreceiver/metrics.go:42.32,43.35 1 1
github.com/open-telemetry/opentelemetry-collector-contrib/receiver/zookeeperreceiver/metrics.go:44.29,45.32 1 1
github.com/open-telemetry/opentelemetry-collector-contrib/receiver/zookeeperreceiver/metrics.go:46.27,47.30 1 1
github.com/open-telemetry/opentelemetry-collector-contrib/receiver/zookeeperreceiver/metrics.go:48.27,49.30 1 1
github.com/open-telemetry/opentelemetry-collector-contrib/receiver/zookeeperreceiver/metrics.go:50.27,51.30 1 1
github.com/open-telemetry/opentelemetry-collector-contrib/receiver/zookeeperreceiver/metrics.go:57.47,66.2 8 1
github.com/open-telemetry/opentelemetry-collector-contrib/receiver/zookeeperreceiver/metrics.go:68.53,77.2 8 1
github.com/open-telemetry/opentelemetry-collector-contrib/receiver/zookeeperreceiver/metrics.go:79.50,88.2 8 1
github.com/open-telemetry/opentelemetry-collector-contrib/receiver/zookeeperreceiver/metrics.go:90.48,99.2 8 1
github.com/open-telemetry/opentelemetry-collector-contrib/receiver/zookeeperreceiver/metrics.go:101.48,110.2 8 1
github.com/open-telemetry/opentelemetry-collector-contrib/receiver/zookeeperreceiver/metrics.go:112.48,121.2 8 1
github.com/open-telemetry/opentelemetry-collector-contrib/receiver/zookeeperreceiver/scraper.go:42.103,44.16 2 1
github.com/open-telemetry/opentelemetry-collector-contrib/receiver/zookeeperreceiver/scraper.go:48.2,48.25 1 1
github.com/open-telemetry/opentelemetry-collector-contrib/receiver/zookeeperreceiver/scraper.go:52.2,55.8 1 1
github.com/open-telemetry/opentelemetry-collector-contrib/receiver/zookeeperreceiver/scraper.go:44.16,46.3 1 1
github.com/open-telemetry/opentelemetry-collector-contrib/receiver/zookeeperreceiver/scraper.go:48.25,50.3 1 1
github.com/open-telemetry/opentelemetry-collector-contrib/receiver/zookeeperreceiver/scraper.go:58.71,60.2 1 1
github.com/open-telemetry/opentelemetry-collector-contrib/receiver/zookeeperreceiver/scraper.go:62.66,65.2 2 1
github.com/open-telemetry/opentelemetry-collector-contrib/receiver/zookeeperreceiver/scraper.go:67.99,72.16 4 1
github.com/open-telemetry/opentelemetry-collector-contrib/receiver/zookeeperreceiver/scraper.go:79.2,82.8 3 1
github.com/open-telemetry/opentelemetry-collector-contrib/receiver/zookeeperreceiver/scraper.go:86.2,94.35 6 1
github.com/open-telemetry/opentelemetry-collector-contrib/receiver/zookeeperreceiver/scraper.go:100.2,100.60 1 1
github.com/open-telemetry/opentelemetry-collector-contrib/receiver/zookeeperreceiver/scraper.go:72.16,78.3 2 1
github.com/open-telemetry/opentelemetry-collector-contrib/receiver/zookeeperreceiver/scraper.go:82.8,84.3 1 1
github.com/open-telemetry/opentelemetry-collector-contrib/receiver/zookeeperreceiver/scraper.go:94.35,98.3 3 1
github.com/open-telemetry/opentelemetry-collector-contrib/receiver/zookeeperreceiver/scraper.go:103.105,116.2 10 1
github.com/open-telemetry/opentelemetry-collector-contrib/receiver/zookeeperreceiver/scraper.go:123.86,128.21 4 1
github.com/open-telemetry/opentelemetry-collector-contrib/receiver/zookeeperreceiver/scraper.go:157.2,157.30 1 1
github.com/open-telemetry/opentelemetry-collector-contrib/receiver/zookeeperreceiver/scraper.go:128.21,131.22 3 1
github.com/open-telemetry/opentelemetry-collector-contrib/receiver/zookeeperreceiver/scraper.go:140.3,140.48 1 1
github.com/open-telemetry/opentelemetry-collector-contrib/receiver/zookeeperreceiver/scraper.go:147.3,148.17 2 1
github.com/open-telemetry/opentelemetry-collector-contrib/receiver/zookeeperreceiver/scraper.go:155.3,155.72 1 1
github.com/open-telemetry/opentelemetry-collector-contrib/receiver/zookeeperreceiver/scraper.go:131.22,136.12 2 1
github.com/open-telemetry/opentelemetry-collector-contrib/receiver/zookeeperreceiver/scraper.go:140.48,141.34 1 1
github.com/open-telemetry/opentelemetry-collector-contrib/receiver/zookeeperreceiver/scraper.go:144.4,144.12 1 1
github.com/open-telemetry/opentelemetry-collector-contrib/receiver/zookeeperreceiver/scraper.go:141.34,143.5 1 1
github.com/open-telemetry/opentelemetry-collector-contrib/receiver/zookeeperreceiver/scraper.go:148.17,153.12 2 1
github.com/open-telemetry/opentelemetry-collector-contrib/receiver/zookeeperreceiver/utils.go:26.56,31.2 4 1
github.com/open-telemetry/opentelemetry-collector-contrib/receiver/zookeeperreceiver/utils.go:33.117,41.2 6 1
github.com/open-telemetry/opentelemetry-collector-contrib/receiver/zookeeperreceiver/utils.go:43.58,45.2 1 1
