<?xml version="1.0" encoding="UTF-8"?>
<testsuite xmlns:xsi="http://www.w3.org/2001/XMLSchema-instance" xsi:noNamespaceSchemaLocation="https://maven.apache.org/surefire/maven-surefire-plugin/xsd/surefire-test-report-3.0.xsd" version="3.0" name="io.opentelemetry.contrib.awsxray.translator.CauseTranslatorTest" time="0.011" tests="9" errors="0" skipped="0" failures="0">
  <properties>
[...]
</properties>
  <testcase name="testUnknownLanguage" classname="io.opentelemetry.contrib.awsxray.translator.CauseTranslatorTest" time="0.006"/>
  <testcase name="testJavaStacktraceWithCausedBy" classname="io.opentelemetry.contrib.awsxray.translator.CauseTranslatorTest" time="0.001"/>
  <testcase name="testJavaStacktraceParsing" classname="io.opentelemetry.contrib.awsxray.translator.CauseTranslatorTest" time="0.0"/>
  <testcase name="testEmptyStacktrace" classname="io.opentelemetry.contrib.awsxray.translator.CauseTranslatorTest" time="0.0"/>
  <testcase name="testPythonStacktraceParsing" classname="io.opentelemetry.contrib.awsxray.translator.CauseTranslatorTest" time="0.001"/>
  <testcase name="testGoStacktraceParsing" classname="io.opentelemetry.contrib.awsxray.translator.CauseTranslatorTest" time="0.0"/>
  <testcase name="testDotnetStacktraceParsing" classname="io.opentelemetry.contrib.awsxray.translator.CauseTranslatorTest" time="0.0"/>
  <testcase name="testJavaStacktraceWithModulePrefix" classname="io.opentelemetry.contrib.awsxray.translator.CauseTranslatorTest" time="0.0"/>
  <testcase name="testJavaScriptStacktraceParsing" classname="io.opentelemetry.contrib.awsxray.translator.CauseTranslatorTest" time="0.001"/>
</testsuite>